2017-09-03 10:36:22 [INFO] Load data: exp\main\exp02\A1\data\data.A1.train
2017-09-03 10:36:22 [INFO] Load data: exp\main\exp02\A1\data\data.A1.test
2017-09-03 10:36:22 [INFO]  7500, 7500
2017-09-03 10:36:22 [INFO]  7500, 7500
2017-09-03 10:36:22 [INFO] [0, 1]
2017-09-03 10:36:22 [INFO] [0, 1]

2017-09-03 10:36:22 [INFO] START EXP 1/5: kNN_copeopi_ANTUSD
2017-09-03 10:36:22 [INFO] Init Feature
2017-09-03 10:36:24 [INFO] Feature meta: [1, 27092]
2017-09-03 10:36:24 [INFO] FINISH EXP 1/5: kNN_copeopi_ANTUSD
2017-09-03 10:36:24 [INFO] MACRO_F1: kNN_copeopi_ANTUSD 0.7550222920818863
2017-09-03 10:36:24 [INFO] EXE_TIME: kNN_copeopi_ANTUSD 0.7604959967599868 0.08915246891138628 0.8496484656713731

2017-09-03 10:36:24 [INFO] START EXP 2/5: NB_copeopi_ANTUSD
2017-09-03 10:36:24 [INFO] Feature meta: [1, 27092]
2017-09-03 10:36:24 [INFO] FINISH EXP 2/5: NB_copeopi_ANTUSD
2017-09-03 10:36:24 [INFO] MACRO_F1: NB_copeopi_ANTUSD 0.7268306524065933
2017-09-03 10:36:24 [INFO] EXE_TIME: NB_copeopi_ANTUSD 0.7604959967599868 0.0030872494348332946 0.7635832461948201

2017-09-03 10:36:24 [INFO] START EXP 3/5: LR_copeopi_ANTUSD
2017-09-03 10:36:24 [INFO] Feature meta: [1, 27092]
2017-09-03 10:36:24 [INFO] FINISH EXP 3/5: LR_copeopi_ANTUSD
2017-09-03 10:36:24 [INFO] MACRO_F1: LR_copeopi_ANTUSD 0.7539959063846324
2017-09-03 10:36:24 [INFO] EXE_TIME: LR_copeopi_ANTUSD 0.7604959967599868 0.06398552415148018 0.824481520911467

2017-09-03 10:36:24 [INFO] START EXP 4/5: SVM_copeopi_ANTUSD
2017-09-03 10:36:24 [INFO] Feature meta: [1, 27092]
2017-09-03 10:36:24 [INFO] FINISH EXP 4/5: SVM_copeopi_ANTUSD
2017-09-03 10:36:24 [INFO] MACRO_F1: SVM_copeopi_ANTUSD 0.7536083390347824
2017-09-03 10:36:24 [INFO] EXE_TIME: SVM_copeopi_ANTUSD 0.7604959967599868 0.023166410284041872 0.7836624070440287

2017-09-03 10:36:24 [INFO] START EXP 5/5: NN_copeopi_ANTUSD
2017-09-03 10:36:25 [INFO] Feature meta: [1, 27092]
2017-09-03 10:36:25 [INFO] FINISH EXP 5/5: NN_copeopi_ANTUSD
2017-09-03 10:36:25 [INFO] MACRO_F1: NN_copeopi_ANTUSD 0.7559000882574022
2017-09-03 10:36:25 [INFO] EXE_TIME: NN_copeopi_ANTUSD 0.7604959967599868 1.3005791207832558 2.0610751175432425

