2017-08-23 01:58:40 [INFO] Load data: exp\main\exp02\A1\data\data.A1.train
2017-08-23 01:58:40 [INFO] Load data: exp\main\exp02\A1\data\data.A1.test
2017-08-23 01:58:40 [INFO]  7500, 7500
2017-08-23 01:58:40 [INFO]  7493, 7494
2017-08-23 01:58:40 [INFO] [0, 1]
2017-08-23 01:58:40 [INFO] [0, 1]

2017-08-23 01:58:40 [INFO] START EXP 1/15: kNN_copeopi_00ACT5
2017-08-23 01:58:40 [INFO] Init Feature
2017-08-23 01:58:40 [INFO] 4696-0=4696
2017-08-23 01:58:41 [INFO] Feature meta: [1, 4696]
2017-08-23 01:58:41 [INFO] FINISH EXP 1/15: kNN_copeopi_00ACT5
2017-08-23 01:58:41 [INFO] MACRO_F1: kNN_copeopi_00ACT5 0.8681940703834639
2017-08-23 01:58:41 [INFO] EXE_TIME: kNN_copeopi_00ACT5 0.7617303624217874 0.007078855840894738 0.7688092182626821

2017-08-23 01:58:41 [INFO] START EXP 2/15: NB_copeopi_00ACT5
2017-08-23 01:58:41 [INFO] Feature meta: [1, 4696]
2017-08-23 01:58:41 [INFO] FINISH EXP 2/15: NB_copeopi_00ACT5
2017-08-23 01:58:41 [INFO] MACRO_F1: NB_copeopi_00ACT5 0.8654914358775403
2017-08-23 01:58:41 [INFO] EXE_TIME: NB_copeopi_00ACT5 0.7617303624217874 0.0009592159534588252 0.7626895783752462

2017-08-23 01:58:41 [INFO] START EXP 3/15: LR_copeopi_00ACT5
2017-08-23 01:58:41 [INFO] Feature meta: [1, 4696]
2017-08-23 01:58:41 [INFO] FINISH EXP 3/15: LR_copeopi_00ACT5
2017-08-23 01:58:41 [INFO] MACRO_F1: LR_copeopi_00ACT5 0.8678935533002734
2017-08-23 01:58:41 [INFO] EXE_TIME: LR_copeopi_00ACT5 0.7617303624217874 0.00530647739191159 0.767036839813699

2017-08-23 01:58:41 [INFO] START EXP 4/15: SVM_copeopi_00ACT5
2017-08-23 01:58:41 [INFO] Feature meta: [1, 4696]
2017-08-23 01:58:41 [INFO] FINISH EXP 4/15: SVM_copeopi_00ACT5
2017-08-23 01:58:41 [INFO] MACRO_F1: SVM_copeopi_00ACT5 0.867893176925628
2017-08-23 01:58:41 [INFO] EXE_TIME: SVM_copeopi_00ACT5 0.7617303624217874 0.012954152240598038 0.7746845146623854

2017-08-23 01:58:41 [INFO] START EXP 5/15: NN_copeopi_00ACT5
2017-08-23 01:58:43 [INFO] Feature meta: [1, 4696]
2017-08-23 01:58:43 [INFO] FINISH EXP 5/15: NN_copeopi_00ACT5
2017-08-23 01:58:43 [INFO] MACRO_F1: NN_copeopi_00ACT5 0.8723329274891293
2017-08-23 01:58:43 [INFO] EXE_TIME: NN_copeopi_00ACT5 0.7617303624217874 1.235379752806496 1.9971101152282835

2017-08-23 01:58:43 [INFO] START EXP 6/15: kNN_copeopi_00BCT5
2017-08-23 01:58:43 [INFO] Init Feature
2017-08-23 01:58:43 [INFO] 4696-0=4696
2017-08-23 01:58:44 [INFO] Feature meta: [1, 4696]
2017-08-23 01:58:44 [INFO] FINISH EXP 6/15: kNN_copeopi_00BCT5
2017-08-23 01:58:44 [INFO] MACRO_F1: kNN_copeopi_00BCT5 0.8681940703834639
2017-08-23 01:58:44 [INFO] EXE_TIME: kNN_copeopi_00BCT5 0.7682107938242284 0.006665169289773232 0.7748759631140016

2017-08-23 01:58:44 [INFO] START EXP 7/15: NB_copeopi_00BCT5
2017-08-23 01:58:44 [INFO] Feature meta: [1, 4696]
2017-08-23 01:58:44 [INFO] FINISH EXP 7/15: NB_copeopi_00BCT5
2017-08-23 01:58:44 [INFO] MACRO_F1: NB_copeopi_00BCT5 0.8654914358775403
2017-08-23 01:58:44 [INFO] EXE_TIME: NB_copeopi_00BCT5 0.7682107938242284 0.0009521106500995913 0.769162904474328

2017-08-23 01:58:44 [INFO] START EXP 8/15: LR_copeopi_00BCT5
2017-08-23 01:58:44 [INFO] Feature meta: [1, 4696]
2017-08-23 01:58:44 [INFO] FINISH EXP 8/15: LR_copeopi_00BCT5
2017-08-23 01:58:44 [INFO] MACRO_F1: LR_copeopi_00BCT5 0.8678935533002734
2017-08-23 01:58:44 [INFO] EXE_TIME: LR_copeopi_00BCT5 0.7682107938242284 0.005192397799092863 0.7734031916233213

2017-08-23 01:58:44 [INFO] START EXP 9/15: SVM_copeopi_00BCT5
2017-08-23 01:58:44 [INFO] Feature meta: [1, 4696]
2017-08-23 01:58:44 [INFO] FINISH EXP 9/15: SVM_copeopi_00BCT5
2017-08-23 01:58:44 [INFO] MACRO_F1: SVM_copeopi_00BCT5 0.867893176925628
2017-08-23 01:58:44 [INFO] EXE_TIME: SVM_copeopi_00BCT5 0.7682107938242284 0.014922716010103532 0.7831335098343319

2017-08-23 01:58:44 [INFO] START EXP 10/15: NN_copeopi_00BCT5
2017-08-23 01:58:45 [INFO] Feature meta: [1, 4696]
2017-08-23 01:58:45 [INFO] FINISH EXP 10/15: NN_copeopi_00BCT5
2017-08-23 01:58:45 [INFO] MACRO_F1: NN_copeopi_00BCT5 0.8708342510508233
2017-08-23 01:58:45 [INFO] EXE_TIME: NN_copeopi_00BCT5 0.7682107938242284 1.1394111835106435 1.907621977334872

2017-08-23 01:58:45 [INFO] START EXP 11/15: kNN_copeopi_00CCT5
2017-08-23 01:58:45 [INFO] Init Feature
2017-08-23 01:58:45 [INFO] 4696-0=4696
2017-08-23 01:58:46 [INFO] Feature meta: [1, 4696]
2017-08-23 01:58:46 [INFO] FINISH EXP 11/15: kNN_copeopi_00CCT5
2017-08-23 01:58:46 [INFO] MACRO_F1: kNN_copeopi_00CCT5 0.8681940703834639
2017-08-23 01:58:46 [INFO] EXE_TIME: kNN_copeopi_00CCT5 0.5872493752267287 0.006695564198587078 0.5939449394253158

2017-08-23 01:58:46 [INFO] START EXP 12/15: NB_copeopi_00CCT5
2017-08-23 01:58:46 [INFO] Feature meta: [1, 4696]
2017-08-23 01:58:46 [INFO] FINISH EXP 12/15: NB_copeopi_00CCT5
2017-08-23 01:58:46 [INFO] MACRO_F1: NB_copeopi_00CCT5 0.8654914358775403
2017-08-23 01:58:46 [INFO] EXE_TIME: NB_copeopi_00CCT5 0.5872493752267287 0.0009564527799303946 0.5882058280066591

2017-08-23 01:58:46 [INFO] START EXP 13/15: LR_copeopi_00CCT5
2017-08-23 01:58:46 [INFO] Feature meta: [1, 4696]
2017-08-23 01:58:46 [INFO] FINISH EXP 13/15: LR_copeopi_00CCT5
2017-08-23 01:58:46 [INFO] MACRO_F1: LR_copeopi_00CCT5 0.8678935533002734
2017-08-23 01:58:46 [INFO] EXE_TIME: LR_copeopi_00CCT5 0.5872493752267287 0.005566610442664377 0.5928159856693931

2017-08-23 01:58:46 [INFO] START EXP 14/15: SVM_copeopi_00CCT5
2017-08-23 01:58:46 [INFO] Feature meta: [1, 4696]
2017-08-23 01:58:46 [INFO] FINISH EXP 14/15: SVM_copeopi_00CCT5
2017-08-23 01:58:46 [INFO] MACRO_F1: SVM_copeopi_00CCT5 0.867893176925628
2017-08-23 01:58:46 [INFO] EXE_TIME: SVM_copeopi_00CCT5 0.5872493752267287 0.01382889403190024 0.601078269258629

2017-08-23 01:58:46 [INFO] START EXP 15/15: NN_copeopi_00CCT5
2017-08-23 01:58:47 [INFO] Feature meta: [1, 4696]
2017-08-23 01:58:47 [INFO] FINISH EXP 15/15: NN_copeopi_00CCT5
2017-08-23 01:58:47 [INFO] MACRO_F1: NN_copeopi_00CCT5 0.8708298489776336
2017-08-23 01:58:47 [INFO] EXE_TIME: NN_copeopi_00CCT5 0.5872493752267287 1.0366874444158043 1.623936819642533

