2017-08-23 19:44:29 [INFO] Load data: exp\main\exp02\A1\data\data.A1.train
2017-08-23 19:44:29 [INFO] Load data: exp\main\exp02\A1\data\data.A1.test
2017-08-23 19:44:29 [INFO]  7500, 7500
2017-08-23 19:44:29 [INFO]  7493, 7494
2017-08-23 19:44:29 [INFO] [0, 1]
2017-08-23 19:44:29 [INFO] [0, 1]

2017-08-23 19:44:29 [INFO] START EXP 1/5: kNN_glove_200
2017-08-23 19:44:29 [INFO] Init Feature
2017-08-23 19:47:57 [INFO] Feature meta: [200, 4697]
2017-08-23 19:47:57 [INFO] FINISH EXP 1/5: kNN_glove_200
2017-08-23 19:47:57 [INFO] MACRO_F1: kNN_glove_200 0.8506989675029776
2017-08-23 19:47:57 [INFO] EXE_TIME: kNN_glove_200 182.27589221886385 0.09849805729163563 182.37439027615548

2017-08-23 19:47:57 [INFO] START EXP 2/5: NB_glove_200
2017-08-23 19:47:57 [INFO] Feature meta: [200, 4697]
2017-08-23 19:47:57 [INFO] FINISH EXP 2/5: NB_glove_200
2017-08-23 19:47:57 [INFO] MACRO_F1: NB_glove_200 0.8289296155631987
2017-08-23 19:47:57 [INFO] EXE_TIME: NB_glove_200 182.27589221886385 0.036526785612068124 182.3124190044759

2017-08-23 19:47:57 [INFO] START EXP 3/5: LR_glove_200
2017-08-23 19:47:57 [INFO] Feature meta: [200, 4697]
2017-08-23 19:47:57 [INFO] FINISH EXP 3/5: LR_glove_200
2017-08-23 19:47:57 [INFO] MACRO_F1: LR_glove_200 0.8630861718822117
2017-08-23 19:47:57 [INFO] EXE_TIME: LR_glove_200 182.27589221886385 0.19448754775848442 182.47037976662233

2017-08-23 19:47:57 [INFO] START EXP 4/5: SVM_glove_200
2017-08-23 19:47:58 [INFO] Feature meta: [200, 4697]
2017-08-23 19:47:58 [INFO] FINISH EXP 4/5: SVM_glove_200
2017-08-23 19:47:58 [INFO] MACRO_F1: SVM_glove_200 0.870690568399358
2017-08-23 19:47:58 [INFO] EXE_TIME: SVM_glove_200 182.27589221886385 0.3035168488453337 182.57940906770918

2017-08-23 19:47:58 [INFO] START EXP 5/5: NN_glove_200
2017-08-23 19:48:02 [INFO] Feature meta: [200, 4697]
2017-08-23 19:48:02 [INFO] FINISH EXP 5/5: NN_glove_200
2017-08-23 19:48:02 [INFO] MACRO_F1: NN_glove_200 0.8716399943841759
2017-08-23 19:48:02 [INFO] EXE_TIME: NN_glove_200 182.27589221886385 4.258745937641464 186.5346381565053

