2017-08-24 07:50:08 [INFO] Load data: exp\main\exp02\A1\data\data.A1.train
2017-08-24 07:50:08 [INFO] Load data: exp\main\exp02\A1\data\data.A1.test
2017-08-24 07:50:08 [INFO]  7500, 7500
2017-08-24 07:50:08 [INFO]  7493, 7494
2017-08-24 07:50:08 [INFO] [0, 1]
2017-08-24 07:50:08 [INFO] [0, 1]

2017-08-24 07:50:08 [INFO] START EXP 1/10: kNN_lsi_n200
2017-08-24 07:50:08 [INFO] Init Feature
2017-08-24 07:50:36 [INFO] Feature meta: [200]
2017-08-24 07:50:36 [INFO] FINISH EXP 1/10: kNN_lsi_n200
2017-08-24 07:50:36 [INFO] MACRO_F1: kNN_lsi_n200 0.8203553369200729
2017-08-24 07:50:36 [INFO] EXE_TIME: kNN_lsi_n200 5.93735254028411 0.11200326528163274 6.049355805565742

2017-08-24 07:50:36 [INFO] START EXP 2/10: NB_lsi_n200
2017-08-24 07:50:36 [INFO] Feature meta: [200]
2017-08-24 07:50:36 [INFO] FINISH EXP 2/10: NB_lsi_n200
2017-08-24 07:50:36 [INFO] MACRO_F1: NB_lsi_n200 0.7551241259011923
2017-08-24 07:50:36 [INFO] EXE_TIME: NB_lsi_n200 5.93735254028411 0.03667876015614269 5.974031300440252

2017-08-24 07:50:36 [INFO] START EXP 3/10: LR_lsi_n200
2017-08-24 07:50:36 [INFO] Feature meta: [200]
2017-08-24 07:50:36 [INFO] FINISH EXP 3/10: LR_lsi_n200
2017-08-24 07:50:36 [INFO] MACRO_F1: LR_lsi_n200 0.8688282068602085
2017-08-24 07:50:36 [INFO] EXE_TIME: LR_lsi_n200 5.93735254028411 0.24923233118292742 6.186584871467037

2017-08-24 07:50:36 [INFO] START EXP 4/10: SVM_lsi_n200
2017-08-24 07:50:37 [INFO] Feature meta: [200]
2017-08-24 07:50:37 [INFO] FINISH EXP 4/10: SVM_lsi_n200
2017-08-24 07:50:37 [INFO] MACRO_F1: SVM_lsi_n200 0.8748267005145564
2017-08-24 07:50:37 [INFO] EXE_TIME: SVM_lsi_n200 5.93735254028411 0.2680309901753368 6.2053835304594465

2017-08-24 07:50:37 [INFO] START EXP 5/10: NN_lsi_n200
2017-08-24 07:50:53 [INFO] Feature meta: [200]
2017-08-24 07:50:53 [INFO] FINISH EXP 5/10: NN_lsi_n200
2017-08-24 07:50:53 [INFO] MACRO_F1: NN_lsi_n200 0.8738941590457194
2017-08-24 07:50:53 [INFO] EXE_TIME: NN_lsi_n200 5.93735254028411 16.20930052630561 22.14665306658972

2017-08-24 07:50:53 [INFO] START EXP 6/10: kNN_lsi_t200
2017-08-24 07:50:53 [INFO] Init Feature
2017-08-24 07:51:20 [INFO] Feature meta: [200]
2017-08-24 07:51:20 [INFO] FINISH EXP 6/10: kNN_lsi_t200
2017-08-24 07:51:20 [INFO] MACRO_F1: kNN_lsi_t200 0.8494793156459437
2017-08-24 07:51:20 [INFO] EXE_TIME: kNN_lsi_t200 4.5201354428715845 0.10748666077979152 4.627622103651376

2017-08-24 07:51:20 [INFO] START EXP 7/10: NB_lsi_t200
2017-08-24 07:51:20 [INFO] Feature meta: [200]
2017-08-24 07:51:20 [INFO] FINISH EXP 7/10: NB_lsi_t200
2017-08-24 07:51:20 [INFO] MACRO_F1: NB_lsi_t200 0.8023736816478111
2017-08-24 07:51:20 [INFO] EXE_TIME: NB_lsi_t200 4.5201354428715845 0.03607717780508324 4.556212620676668

2017-08-24 07:51:20 [INFO] START EXP 8/10: LR_lsi_t200
2017-08-24 07:51:20 [INFO] Feature meta: [200]
2017-08-24 07:51:20 [INFO] FINISH EXP 8/10: LR_lsi_t200
2017-08-24 07:51:20 [INFO] MACRO_F1: LR_lsi_t200 0.8856337642021832
2017-08-24 07:51:20 [INFO] EXE_TIME: LR_lsi_t200 4.5201354428715845 0.2076915698338837 4.727827012705468

2017-08-24 07:51:20 [INFO] START EXP 9/10: SVM_lsi_t200
2017-08-24 07:51:20 [INFO] Feature meta: [200]
2017-08-24 07:51:20 [INFO] FINISH EXP 9/10: SVM_lsi_t200
2017-08-24 07:51:20 [INFO] MACRO_F1: SVM_lsi_t200 0.8877556844881069
2017-08-24 07:51:20 [INFO] EXE_TIME: SVM_lsi_t200 4.5201354428715845 0.26888954766455697 4.7890249905361415

2017-08-24 07:51:20 [INFO] START EXP 10/10: NN_lsi_t200
2017-08-24 07:51:37 [INFO] Feature meta: [200]
2017-08-24 07:51:37 [INFO] FINISH EXP 10/10: NN_lsi_t200
2017-08-24 07:51:37 [INFO] MACRO_F1: NN_lsi_t200 0.8855081131566279
2017-08-24 07:51:37 [INFO] EXE_TIME: NN_lsi_t200 4.5201354428715845 16.05908454482045 20.579219987692035

