2017-08-23 03:25:17 [INFO] Load data: exp\main\exp02\A1\data\data.A1.train
2017-08-23 03:25:17 [INFO] Load data: exp\main\exp02\A1\data\data.A1.test
2017-08-23 03:25:18 [INFO]  7500, 7500
2017-08-23 03:25:18 [INFO]  7493, 7494
2017-08-23 03:25:18 [INFO] [0, 1]
2017-08-23 03:25:18 [INFO] [0, 1]

2017-08-23 03:25:18 [INFO] START EXP 1/10: kNN_ngram_001
2017-08-23 03:25:18 [INFO] Init Feature
2017-08-23 03:29:06 [INFO] Feature meta: [3108]
2017-08-23 03:29:06 [INFO] FINISH EXP 1/10: kNN_ngram_001
2017-08-23 03:29:06 [INFO] MACRO_F1: kNN_ngram_001 0.7779263260420168
2017-08-23 03:29:06 [INFO] EXE_TIME: kNN_ngram_001 0.332604776579657 2.0473023728950044 2.3799071494746613

2017-08-23 03:29:06 [INFO] START EXP 2/10: NB_ngram_001
2017-08-23 03:29:07 [INFO] Feature meta: [3108]
2017-08-23 03:29:07 [INFO] FINISH EXP 2/10: NB_ngram_001
2017-08-23 03:29:07 [INFO] MACRO_F1: NB_ngram_001 0.8711057206527792
2017-08-23 03:29:07 [INFO] EXE_TIME: NB_ngram_001 0.332604776579657 0.20215377534373147 0.5347585519233884

2017-08-23 03:29:07 [INFO] START EXP 3/10: LR_ngram_001
2017-08-23 03:29:07 [INFO] Feature meta: [3108]
2017-08-23 03:29:07 [INFO] FINISH EXP 3/10: LR_ngram_001
2017-08-23 03:29:07 [INFO] MACRO_F1: LR_ngram_001 0.8898859990463216
2017-08-23 03:29:07 [INFO] EXE_TIME: LR_ngram_001 0.332604776579657 0.4574935095027399 0.7900982860823969

2017-08-23 03:29:07 [INFO] START EXP 4/10: SVM_ngram_001
2017-08-23 03:29:08 [INFO] Feature meta: [3108]
2017-08-23 03:29:08 [INFO] FINISH EXP 4/10: SVM_ngram_001
2017-08-23 03:29:08 [INFO] MACRO_F1: SVM_ngram_001 0.8625490367167703
2017-08-23 03:29:08 [INFO] EXE_TIME: SVM_ngram_001 0.332604776579657 0.5647531953141254 0.8973579718937823

2017-08-23 03:29:08 [INFO] START EXP 5/10: NN_ngram_001
2017-08-23 03:30:39 [INFO] Feature meta: [3108]
2017-08-23 03:30:39 [INFO] FINISH EXP 5/10: NN_ngram_001
2017-08-23 03:30:39 [INFO] MACRO_F1: NN_ngram_001 0.8702938719790869
2017-08-23 03:30:39 [INFO] EXE_TIME: NN_ngram_001 0.332604776579657 90.69201115216836 91.02461592874802

2017-08-23 03:30:39 [INFO] START EXP 6/10: kNN_tfidf_001
2017-08-23 03:30:39 [INFO] Init Feature
2017-08-23 03:34:45 [INFO] Feature meta: [3108]
2017-08-23 03:34:45 [INFO] FINISH EXP 6/10: kNN_tfidf_001
2017-08-23 03:34:45 [INFO] MACRO_F1: kNN_tfidf_001 0.8564555080574503
2017-08-23 03:34:45 [INFO] EXE_TIME: kNN_tfidf_001 0.6474727422800015 2.0677103830981878 2.7151831253781893

2017-08-23 03:34:45 [INFO] START EXP 7/10: NB_tfidf_001
2017-08-23 03:34:46 [INFO] Feature meta: [3108]
2017-08-23 03:34:46 [INFO] FINISH EXP 7/10: NB_tfidf_001
2017-08-23 03:34:46 [INFO] MACRO_F1: NB_tfidf_001 0.8788424524509703
2017-08-23 03:34:46 [INFO] EXE_TIME: NB_tfidf_001 0.6474727422800015 0.10334505839966823 0.7508178006796697

2017-08-23 03:34:46 [INFO] START EXP 8/10: LR_tfidf_001
2017-08-23 03:34:46 [INFO] Feature meta: [3108]
2017-08-23 03:34:46 [INFO] FINISH EXP 8/10: LR_tfidf_001
2017-08-23 03:34:46 [INFO] MACRO_F1: LR_tfidf_001 0.8931136522619154
2017-08-23 03:34:46 [INFO] EXE_TIME: LR_tfidf_001 0.6474727422800015 0.124799127152869 0.7722718694328705

2017-08-23 03:34:46 [INFO] START EXP 9/10: SVM_tfidf_001
2017-08-23 03:34:46 [INFO] Feature meta: [3108]
2017-08-23 03:34:46 [INFO] FINISH EXP 9/10: SVM_tfidf_001
2017-08-23 03:34:46 [INFO] MACRO_F1: SVM_tfidf_001 0.8896280513961302
2017-08-23 03:34:46 [INFO] EXE_TIME: SVM_tfidf_001 0.6474727422800015 0.1223912187924725 0.769863961072474

2017-08-23 03:34:46 [INFO] START EXP 10/10: NN_tfidf_001
2017-08-23 03:36:51 [INFO] Feature meta: [3108]
2017-08-23 03:36:51 [INFO] FINISH EXP 10/10: NN_tfidf_001
2017-08-23 03:36:51 [INFO] MACRO_F1: NN_tfidf_001 0.8544165531589569
2017-08-23 03:36:51 [INFO] EXE_TIME: NN_tfidf_001 0.6474727422800015 124.89224965351775 125.53972239579775

