2017-08-23 17:40:40 [INFO] Load data: exp\main\exp02\A1\data\data.A1.train
2017-08-23 17:40:40 [INFO] Load data: exp\main\exp02\A1\data\data.A1.test
2017-08-23 17:40:41 [INFO]  7500, 7500
2017-08-23 17:40:41 [INFO]  7493, 7494
2017-08-23 17:40:41 [INFO] [0, 1]
2017-08-23 17:40:41 [INFO] [0, 1]

2017-08-23 17:40:41 [INFO] START EXP 1/5: kNN_word2vec_200
2017-08-23 17:40:41 [INFO] Init Feature
2017-08-23 17:41:36 [INFO] Feature meta: [200, 4696]
2017-08-23 17:41:36 [INFO] FINISH EXP 1/5: kNN_word2vec_200
2017-08-23 17:41:36 [INFO] MACRO_F1: kNN_word2vec_200 0.8594425986974276
2017-08-23 17:41:36 [INFO] EXE_TIME: kNN_word2vec_200 25.545826246122182 0.0984952941181092 25.64432154024029

2017-08-23 17:41:36 [INFO] START EXP 2/5: NB_word2vec_200
2017-08-23 17:41:36 [INFO] Feature meta: [200, 4696]
2017-08-23 17:41:36 [INFO] FINISH EXP 2/5: NB_word2vec_200
2017-08-23 17:41:36 [INFO] MACRO_F1: NB_word2vec_200 0.8349728465314307
2017-08-23 17:41:36 [INFO] EXE_TIME: NB_word2vec_200 25.545826246122182 0.036199546918489034 25.58202579304067

2017-08-23 17:41:36 [INFO] START EXP 3/5: LR_word2vec_200
2017-08-23 17:41:37 [INFO] Feature meta: [200, 4696]
2017-08-23 17:41:37 [INFO] FINISH EXP 3/5: LR_word2vec_200
2017-08-23 17:41:37 [INFO] MACRO_F1: LR_word2vec_200 0.8826765813160806
2017-08-23 17:41:37 [INFO] EXE_TIME: LR_word2vec_200 25.545826246122182 0.2605179213513935 25.806344167473576

2017-08-23 17:41:37 [INFO] START EXP 4/5: SVM_word2vec_200
2017-08-23 17:41:37 [INFO] Feature meta: [200, 4696]
2017-08-23 17:41:37 [INFO] FINISH EXP 4/5: SVM_word2vec_200
2017-08-23 17:41:37 [INFO] MACRO_F1: SVM_word2vec_200 0.887477691924789
2017-08-23 17:41:37 [INFO] EXE_TIME: SVM_word2vec_200 25.545826246122182 0.266133479439425 25.811959725561607

2017-08-23 17:41:37 [INFO] START EXP 5/5: NN_word2vec_200
2017-08-23 17:41:53 [INFO] Feature meta: [200, 4696]
2017-08-23 17:41:53 [INFO] FINISH EXP 5/5: NN_word2vec_200
2017-08-23 17:41:53 [INFO] MACRO_F1: NN_word2vec_200 0.8872425475848386
2017-08-23 17:41:53 [INFO] EXE_TIME: NN_word2vec_200 25.545826246122182 15.98932625539856 41.53515250152074

