\BOOKMARK [0][-]{section*.1}{摘要}{}% 1
\BOOKMARK [0][-]{section*.2}{Abstract}{}% 2
\BOOKMARK [0][-]{section*.3}{Acknowledgement}{}% 3
\BOOKMARK [0][-]{section*.5}{Table\040of\040Contents}{}% 4
\BOOKMARK [0][-]{section*.6}{List\040of\040Figures}{}% 5
\BOOKMARK [0][-]{section*.7}{List\040of\040Tables}{}% 6
\BOOKMARK [0][-]{chapter.1}{Introduction}{}% 7
\BOOKMARK [1][-]{section.1.1}{The\040Text\040Classification\040Problems}{chapter.1}% 8
\BOOKMARK [2][-]{subsection.1.1.1}{Definition}{section.1.1}% 9
\BOOKMARK [2][-]{subsection.1.1.2}{Applications}{section.1.1}% 10
\BOOKMARK [1][-]{section.1.2}{Thesis\040Outlines}{chapter.1}% 11
\BOOKMARK [0][-]{chapter.2}{Related\040Works}{}% 12
\BOOKMARK [1][-]{section.2.1}{Vector\040Space\040Models}{chapter.2}% 13
\BOOKMARK [2][-]{subsection.2.1.1}{Similarity\040of\040Documents:\040The\040Term-document\040Matrix}{section.2.1}% 14
\BOOKMARK [2][-]{subsection.2.1.2}{Similarity\040of\040Words:\040The\040Word-context\040Matrix}{section.2.1}% 15
\BOOKMARK [2][-]{subsection.2.1.3}{Similarity\040of\040Relations:\040The\040Pair-pattern\040Matrix}{section.2.1}% 16
\BOOKMARK [1][-]{section.2.2}{Machine\040Learning\040for\040Text\040Classification}{chapter.2}% 17
\BOOKMARK [2][-]{subsection.2.2.1}{k-Nearest\040Neighbor\040Classifiers}{section.2.2}% 18
\BOOKMARK [2][-]{subsection.2.2.2}{Naive\040Bayes\040Classifiers}{section.2.2}% 19
\BOOKMARK [2][-]{subsection.2.2.3}{Logistic\040Regression\040Classifiers}{section.2.2}% 20
\BOOKMARK [2][-]{subsection.2.2.4}{Support\040Vector\040Machine\040Classifiers}{section.2.2}% 21
\BOOKMARK [2][-]{subsection.2.2.5}{Neural\040Network\040Classifiers}{section.2.2}% 22
\BOOKMARK [0][-]{chapter.3}{Methodology:\040CopeOpi\040Vectors}{}% 23
\BOOKMARK [1][-]{section.3.1}{From\040CopeOpi\040Scores\040to\040Augmented\040CopeOpi\040Scores}{chapter.3}% 24
\BOOKMARK [2][-]{subsection.3.1.1}{CopeOpi\040Scores}{section.3.1}% 25
\BOOKMARK [2][-]{subsection.3.1.2}{Augmented\040CopeOpi\040Scores}{section.3.1}% 26
\BOOKMARK [1][-]{section.3.2}{From\040Augmented\040CopeOpi\040Scores\040to\040CopeOpi\040Vectors}{chapter.3}% 27
\BOOKMARK [2][-]{subsection.3.2.1}{CopeOpi\040Vectors}{section.3.2}% 28
\BOOKMARK [2][-]{subsection.3.2.2}{Customized\040CopeOpi\040Vectors}{section.3.2}% 29
\BOOKMARK [0][-]{chapter.4}{Experiments\040and\040Results}{}% 30
\BOOKMARK [1][-]{section.4.1}{Flowchart\040and\040Settings}{chapter.4}% 31
\BOOKMARK [2][-]{subsection.4.1.1}{Sampling}{section.4.1}% 32
\BOOKMARK [2][-]{subsection.4.1.2}{Preprocessing}{section.4.1}% 33
\BOOKMARK [2][-]{subsection.4.1.3}{Feature\040Transformation,\040Selection\040and\040Extraction}{section.4.1}% 34
\BOOKMARK [2][-]{subsection.4.1.4}{Training}{section.4.1}% 35
\BOOKMARK [2][-]{subsection.4.1.5}{Testing\040and\040Evaluation}{section.4.1}% 36
\BOOKMARK [1][-]{section.4.2}{Experiments:\040Sentiment\040Analysis}{chapter.4}% 37
\BOOKMARK [2][-]{subsection.4.2.1}{Datasets}{section.4.2}% 38
\BOOKMARK [2][-]{subsection.4.2.2}{Results\040and\040Observations}{section.4.2}% 39
\BOOKMARK [1][-]{section.4.3}{Experiments:\040Topic\040Categorization}{chapter.4}% 40
\BOOKMARK [2][-]{subsection.4.3.1}{Datasets}{section.4.3}% 41
\BOOKMARK [2][-]{subsection.4.3.2}{Results\040and\040Observations}{section.4.3}% 42
\BOOKMARK [1][-]{section.4.4}{Summary}{chapter.4}% 43
\BOOKMARK [0][-]{chapter.5}{Conclusions\040and\040Future\040Works}{}% 44
\BOOKMARK [1][-]{section.5.1}{Conclusions}{chapter.5}% 45
\BOOKMARK [1][-]{section.5.2}{Future\040Works}{chapter.5}% 46
\BOOKMARK [0][-]{section*.39}{References}{}% 47
