2017-08-23 02:04:03 [INFO] Load data: exp\main\exp01\B2\data\data.B2.train
2017-08-23 02:04:03 [INFO] Load data: exp\main\exp01\B2\data\data.B2.test
2017-08-23 02:04:38 [INFO] 11314, 7532
2017-08-23 02:04:38 [INFO] 11314, 7532
2017-08-23 02:04:38 [INFO] [0, 1, 2, 3, 4, 5, 6]
2017-08-23 02:04:38 [INFO] [0, 1, 2, 3, 4, 5, 6]

2017-08-23 02:04:38 [INFO] START EXP 1/15: kNN_copeopi_00ACT5
2017-08-23 02:04:38 [INFO] Init Feature
2017-08-23 02:04:39 [INFO] 20252-0=20252
2017-08-23 02:04:44 [INFO] Feature meta: [7, 20252]
2017-08-23 02:04:44 [INFO] FINISH EXP 1/15: kNN_copeopi_00ACT5
2017-08-23 02:04:44 [INFO] MACRO_F1: kNN_copeopi_00ACT5 0.8502646016597516
2017-08-23 02:04:44 [INFO] EXE_TIME: kNN_copeopi_00ACT5 3.9316398763835423 0.012473754785730762 3.944113631169273

2017-08-23 02:04:44 [INFO] START EXP 2/15: NB_copeopi_00ACT5
2017-08-23 02:04:44 [INFO] Feature meta: [7, 20252]
2017-08-23 02:04:44 [INFO] FINISH EXP 2/15: NB_copeopi_00ACT5
2017-08-23 02:04:44 [INFO] MACRO_F1: NB_copeopi_00ACT5 0.8390163084992245
2017-08-23 02:04:44 [INFO] EXE_TIME: NB_copeopi_00ACT5 3.9316398763835423 0.0044518672934259484 3.9360917436769682

2017-08-23 02:04:44 [INFO] START EXP 3/15: LR_copeopi_00ACT5
2017-08-23 02:04:44 [INFO] Feature meta: [7, 20252]
2017-08-23 02:04:44 [INFO] FINISH EXP 3/15: LR_copeopi_00ACT5
2017-08-23 02:04:44 [INFO] MACRO_F1: LR_copeopi_00ACT5 0.8470919441338811
2017-08-23 02:04:44 [INFO] EXE_TIME: LR_copeopi_00ACT5 3.9316398763835423 0.11477117567898176 4.046411052062524

2017-08-23 02:04:44 [INFO] START EXP 4/15: SVM_copeopi_00ACT5
2017-08-23 02:04:44 [INFO] Feature meta: [7, 20252]
2017-08-23 02:04:44 [INFO] FINISH EXP 4/15: SVM_copeopi_00ACT5
2017-08-23 02:04:44 [INFO] MACRO_F1: SVM_copeopi_00ACT5 0.8492083755786782
2017-08-23 02:04:44 [INFO] EXE_TIME: SVM_copeopi_00ACT5 3.9316398763835423 0.07363107449162953 4.005270950875172

2017-08-23 02:04:44 [INFO] START EXP 5/15: NN_copeopi_00ACT5
2017-08-23 02:04:47 [INFO] Feature meta: [7, 20252]
2017-08-23 02:04:47 [INFO] FINISH EXP 5/15: NN_copeopi_00ACT5
2017-08-23 02:04:47 [INFO] MACRO_F1: NN_copeopi_00ACT5 0.8487133556075345
2017-08-23 02:04:47 [INFO] EXE_TIME: NN_copeopi_00ACT5 3.9316398763835423 3.4896248755091506 7.421264751892693

2017-08-23 02:04:47 [INFO] START EXP 6/15: kNN_copeopi_00BCT5
2017-08-23 02:04:47 [INFO] Init Feature
2017-08-23 02:04:48 [INFO] 20252-0=20252
2017-08-23 02:04:56 [INFO] Feature meta: [21, 20252]
2017-08-23 02:04:56 [INFO] FINISH EXP 6/15: kNN_copeopi_00BCT5
2017-08-23 02:04:56 [INFO] MACRO_F1: kNN_copeopi_00BCT5 0.8484640633802124
2017-08-23 02:04:56 [INFO] EXE_TIME: kNN_copeopi_00BCT5 5.884569610064943 0.020899460352211463 5.905469070417155

2017-08-23 02:04:56 [INFO] START EXP 7/15: NB_copeopi_00BCT5
2017-08-23 02:04:56 [INFO] Feature meta: [21, 20252]
2017-08-23 02:04:56 [INFO] FINISH EXP 7/15: NB_copeopi_00BCT5
2017-08-23 02:04:56 [INFO] MACRO_F1: NB_copeopi_00BCT5 0.818372587718131
2017-08-23 02:04:56 [INFO] EXE_TIME: NB_copeopi_00BCT5 5.884569610064943 0.007207146040400403 5.891776756105344

2017-08-23 02:04:56 [INFO] START EXP 8/15: LR_copeopi_00BCT5
2017-08-23 02:04:57 [INFO] Feature meta: [21, 20252]
2017-08-23 02:04:57 [INFO] FINISH EXP 8/15: LR_copeopi_00BCT5
2017-08-23 02:04:57 [INFO] MACRO_F1: LR_copeopi_00BCT5 0.8405437726250641
2017-08-23 02:04:57 [INFO] EXE_TIME: LR_copeopi_00BCT5 5.884569610064943 0.379619384688624 6.264188994753567

2017-08-23 02:04:57 [INFO] START EXP 9/15: SVM_copeopi_00BCT5
2017-08-23 02:04:57 [INFO] Feature meta: [21, 20252]
2017-08-23 02:04:57 [INFO] FINISH EXP 9/15: SVM_copeopi_00BCT5
2017-08-23 02:04:57 [INFO] MACRO_F1: SVM_copeopi_00BCT5 0.847702148531133
2017-08-23 02:04:57 [INFO] EXE_TIME: SVM_copeopi_00BCT5 5.884569610064943 0.14975413676683047 6.034323746831774

2017-08-23 02:04:57 [INFO] START EXP 10/15: NN_copeopi_00BCT5
2017-08-23 02:05:01 [INFO] Feature meta: [21, 20252]
2017-08-23 02:05:01 [INFO] FINISH EXP 10/15: NN_copeopi_00BCT5
2017-08-23 02:05:01 [INFO] MACRO_F1: NN_copeopi_00BCT5 0.8475884492573661
2017-08-23 02:05:01 [INFO] EXE_TIME: NN_copeopi_00BCT5 5.884569610064943 3.9273770891072104 9.811946699172154

2017-08-23 02:05:01 [INFO] START EXP 11/15: kNN_copeopi_00CCT5
2017-08-23 02:05:01 [INFO] Init Feature
2017-08-23 02:05:02 [INFO] 20252-0=20252
2017-08-23 02:05:12 [INFO] Feature meta: [28, 20252]
2017-08-23 02:05:12 [INFO] FINISH EXP 11/15: kNN_copeopi_00CCT5
2017-08-23 02:05:12 [INFO] MACRO_F1: kNN_copeopi_00CCT5 0.8502565080163197
2017-08-23 02:05:12 [INFO] EXE_TIME: kNN_copeopi_00CCT5 7.34487760917591 0.025886988571130587 7.370764597747041

2017-08-23 02:05:12 [INFO] START EXP 12/15: NB_copeopi_00CCT5
2017-08-23 02:05:12 [INFO] Feature meta: [28, 20252]
2017-08-23 02:05:12 [INFO] FINISH EXP 12/15: NB_copeopi_00CCT5
2017-08-23 02:05:12 [INFO] MACRO_F1: NB_copeopi_00CCT5 0.8256002088752524
2017-08-23 02:05:12 [INFO] EXE_TIME: NB_copeopi_00CCT5 7.34487760917591 0.009029656351970061 7.35390726552788

2017-08-23 02:05:12 [INFO] START EXP 13/15: LR_copeopi_00CCT5
2017-08-23 02:05:12 [INFO] Feature meta: [28, 20252]
2017-08-23 02:05:12 [INFO] FINISH EXP 13/15: LR_copeopi_00CCT5
2017-08-23 02:05:12 [INFO] MACRO_F1: LR_copeopi_00CCT5 0.8465056929834498
2017-08-23 02:05:12 [INFO] EXE_TIME: LR_copeopi_00CCT5 7.34487760917591 0.45130479027710635 7.796182399453016

2017-08-23 02:05:12 [INFO] START EXP 14/15: SVM_copeopi_00CCT5
2017-08-23 02:05:13 [INFO] Feature meta: [28, 20252]
2017-08-23 02:05:13 [INFO] FINISH EXP 14/15: SVM_copeopi_00CCT5
2017-08-23 02:05:13 [INFO] MACRO_F1: SVM_copeopi_00CCT5 0.8500820574267874
2017-08-23 02:05:13 [INFO] EXE_TIME: SVM_copeopi_00CCT5 7.34487760917591 0.16087512074085453 7.505752729916765

2017-08-23 02:05:13 [INFO] START EXP 15/15: NN_copeopi_00CCT5
2017-08-23 02:05:16 [INFO] Feature meta: [28, 20252]
2017-08-23 02:05:16 [INFO] FINISH EXP 15/15: NN_copeopi_00CCT5
2017-08-23 02:05:16 [INFO] MACRO_F1: NN_copeopi_00CCT5 0.8472202324615441
2017-08-23 02:05:16 [INFO] EXE_TIME: NN_copeopi_00CCT5 7.34487760917591 3.516068840915864 10.860946450091774

