2017-08-23 20:18:20 [INFO] Load data: exp\main\exp01\B2\data\data.B2.train
2017-08-23 20:18:21 [INFO] Load data: exp\main\exp01\B2\data\data.B2.test
2017-08-23 20:18:55 [INFO] 11314, 7532
2017-08-23 20:18:55 [INFO] 11314, 7532
2017-08-23 20:18:55 [INFO] [0, 1, 2, 3, 4, 5, 6]
2017-08-23 20:18:55 [INFO] [0, 1, 2, 3, 4, 5, 6]

2017-08-23 20:18:55 [INFO] START EXP 1/5: kNN_glove_200
2017-08-23 20:18:55 [INFO] Init Feature
2017-08-23 20:40:31 [INFO] Feature meta: [200, 20253]
2017-08-23 20:40:31 [INFO] FINISH EXP 1/5: kNN_glove_200
2017-08-23 20:40:31 [INFO] MACRO_F1: kNN_glove_200 0.7138624323992062
2017-08-23 20:40:31 [INFO] EXE_TIME: kNN_glove_200 1250.5685122955301 0.18159813272632164 1250.7501104282564

2017-08-23 20:40:31 [INFO] START EXP 2/5: NB_glove_200
2017-08-23 20:40:31 [INFO] Feature meta: [200, 20253]
2017-08-23 20:40:31 [INFO] FINISH EXP 2/5: NB_glove_200
2017-08-23 20:40:31 [INFO] MACRO_F1: NB_glove_200 0.6332611797333998
2017-08-23 20:40:31 [INFO] EXE_TIME: NB_glove_200 1250.5685122955301 0.05413175363992195 1250.62264404917

2017-08-23 20:40:31 [INFO] START EXP 3/5: LR_glove_200
2017-08-23 20:40:33 [INFO] Feature meta: [200, 20253]
2017-08-23 20:40:33 [INFO] FINISH EXP 3/5: LR_glove_200
2017-08-23 20:40:33 [INFO] MACRO_F1: LR_glove_200 0.7247564422424558
2017-08-23 20:40:33 [INFO] EXE_TIME: LR_glove_200 1250.5685122955301 2.3847896770998886 1252.95330197263

2017-08-23 20:40:33 [INFO] START EXP 4/5: SVM_glove_200
2017-08-23 20:40:35 [INFO] Feature meta: [200, 20253]
2017-08-23 20:40:35 [INFO] FINISH EXP 4/5: SVM_glove_200
2017-08-23 20:40:35 [INFO] MACRO_F1: SVM_glove_200 0.7577733186665594
2017-08-23 20:40:35 [INFO] EXE_TIME: SVM_glove_200 1250.5685122955301 1.5595035603491851 1252.1280158558793

2017-08-23 20:40:35 [INFO] START EXP 5/5: NN_glove_200
2017-08-23 20:41:01 [INFO] Feature meta: [200, 20253]
2017-08-23 20:41:01 [INFO] FINISH EXP 5/5: NN_glove_200
2017-08-23 20:41:01 [INFO] MACRO_F1: NN_glove_200 0.7841779737106105
2017-08-23 20:41:01 [INFO] EXE_TIME: NN_glove_200 1250.5685122955301 25.829087454047567 1276.3975997495777

