2017-08-24 07:58:40 [INFO] Load data: exp\main\exp01\B2\data\data.B2.train
2017-08-24 07:58:40 [INFO] Load data: exp\main\exp01\B2\data\data.B2.test
2017-08-24 07:59:15 [INFO] 11314, 7532
2017-08-24 07:59:15 [INFO] 11314, 7532
2017-08-24 07:59:15 [INFO] [0, 1, 2, 3, 4, 5, 6]
2017-08-24 07:59:15 [INFO] [0, 1, 2, 3, 4, 5, 6]

2017-08-24 07:59:15 [INFO] START EXP 1/10: kNN_lsi_n200
2017-08-24 07:59:15 [INFO] Init Feature
2017-08-24 08:00:17 [INFO] Feature meta: [200]
2017-08-24 08:00:17 [INFO] FINISH EXP 1/10: kNN_lsi_n200
2017-08-24 08:00:17 [INFO] MACRO_F1: kNN_lsi_n200 0.6363616872778753
2017-08-24 08:00:17 [INFO] EXE_TIME: kNN_lsi_n200 22.71818511604738 0.20818025680935648 22.926365372856736

2017-08-24 08:00:17 [INFO] START EXP 2/10: NB_lsi_n200
2017-08-24 08:00:17 [INFO] Feature meta: [200]
2017-08-24 08:00:17 [INFO] FINISH EXP 2/10: NB_lsi_n200
2017-08-24 08:00:17 [INFO] MACRO_F1: NB_lsi_n200 0.6497945223742738
2017-08-24 08:00:17 [INFO] EXE_TIME: NB_lsi_n200 22.71818511604738 0.07546503223636591 22.793650148283746

2017-08-24 08:00:17 [INFO] START EXP 3/10: LR_lsi_n200
2017-08-24 08:00:20 [INFO] Feature meta: [200]
2017-08-24 08:00:20 [INFO] FINISH EXP 3/10: LR_lsi_n200
2017-08-24 08:00:20 [INFO] MACRO_F1: LR_lsi_n200 0.7547308240462004
2017-08-24 08:00:20 [INFO] EXE_TIME: LR_lsi_n200 22.71818511604738 2.4408982840297426 25.159083400077122

2017-08-24 08:00:20 [INFO] START EXP 4/10: SVM_lsi_n200
2017-08-24 08:00:21 [INFO] Feature meta: [200]
2017-08-24 08:00:21 [INFO] FINISH EXP 4/10: SVM_lsi_n200
2017-08-24 08:00:21 [INFO] MACRO_F1: SVM_lsi_n200 0.7652029348673198
2017-08-24 08:00:21 [INFO] EXE_TIME: SVM_lsi_n200 22.71818511604738 1.3689527453905725 24.087137861437952

2017-08-24 08:00:21 [INFO] START EXP 5/10: NN_lsi_n200
2017-08-24 08:00:47 [INFO] Feature meta: [200]
2017-08-24 08:00:47 [INFO] FINISH EXP 5/10: NN_lsi_n200
2017-08-24 08:00:47 [INFO] MACRO_F1: NN_lsi_n200 0.7793732293230218
2017-08-24 08:00:47 [INFO] EXE_TIME: NN_lsi_n200 22.71818511604738 25.845626231832625 48.563811347880005

2017-08-24 08:00:47 [INFO] START EXP 6/10: kNN_lsi_t200
2017-08-24 08:00:47 [INFO] Init Feature
2017-08-24 08:01:44 [INFO] Feature meta: [200]
2017-08-24 08:01:44 [INFO] FINISH EXP 6/10: kNN_lsi_t200
2017-08-24 08:01:44 [INFO] MACRO_F1: kNN_lsi_t200 0.6840267822530881
2017-08-24 08:01:44 [INFO] EXE_TIME: kNN_lsi_t200 17.19620308378063 0.20825604671182418 17.404459130492455

2017-08-24 08:01:44 [INFO] START EXP 7/10: NB_lsi_t200
2017-08-24 08:01:44 [INFO] Feature meta: [200]
2017-08-24 08:01:44 [INFO] FINISH EXP 7/10: NB_lsi_t200
2017-08-24 08:01:44 [INFO] MACRO_F1: NB_lsi_t200 0.7283742747629357
2017-08-24 08:01:44 [INFO] EXE_TIME: NB_lsi_t200 17.19620308378063 0.053649777228997664 17.24985286100963

2017-08-24 08:01:44 [INFO] START EXP 8/10: LR_lsi_t200
2017-08-24 08:01:46 [INFO] Feature meta: [200]
2017-08-24 08:01:46 [INFO] FINISH EXP 8/10: LR_lsi_t200
2017-08-24 08:01:46 [INFO] MACRO_F1: LR_lsi_t200 0.8081160834326748
2017-08-24 08:01:46 [INFO] EXE_TIME: LR_lsi_t200 17.19620308378063 1.7774780830997088 18.97368116688034

2017-08-24 08:01:46 [INFO] START EXP 9/10: SVM_lsi_t200
2017-08-24 08:01:47 [INFO] Feature meta: [200]
2017-08-24 08:01:47 [INFO] FINISH EXP 9/10: SVM_lsi_t200
2017-08-24 08:01:47 [INFO] MACRO_F1: SVM_lsi_t200 0.8169676060320572
2017-08-24 08:01:47 [INFO] EXE_TIME: SVM_lsi_t200 17.19620308378063 1.1946632066470784 18.39086629042771

2017-08-24 08:01:47 [INFO] START EXP 10/10: NN_lsi_t200
2017-08-24 08:02:14 [INFO] Feature meta: [200]
2017-08-24 08:02:14 [INFO] FINISH EXP 10/10: NN_lsi_t200
2017-08-24 08:02:14 [INFO] MACRO_F1: NN_lsi_t200 0.8319961936541284
2017-08-24 08:02:14 [INFO] EXE_TIME: NN_lsi_t200 17.19620308378063 26.103963614530983 43.300166698311614

