2017-08-23 04:50:03 [INFO] Load data: exp\main\exp01\B2\data\data.B2.train
2017-08-23 04:50:03 [INFO] Load data: exp\main\exp01\B2\data\data.B2.test
2017-08-23 04:50:38 [INFO] 11314, 7532
2017-08-23 04:50:38 [INFO] 11314, 7532
2017-08-23 04:50:38 [INFO] [0, 1, 2, 3, 4, 5, 6]
2017-08-23 04:50:38 [INFO] [0, 1, 2, 3, 4, 5, 6]

2017-08-23 04:50:38 [INFO] START EXP 1/10: kNN_ngram_001
2017-08-23 04:50:38 [INFO] Init Feature
2017-08-23 05:09:21 [INFO] Feature meta: [8647]
2017-08-23 05:09:21 [INFO] FINISH EXP 1/10: kNN_ngram_001
2017-08-23 05:09:21 [INFO] MACRO_F1: kNN_ngram_001 0.43591477322971395
2017-08-23 05:09:21 [INFO] EXE_TIME: kNN_ngram_001 1.3912736611537184 11.601386165737495 12.992659826891213

2017-08-23 05:09:21 [INFO] START EXP 2/10: NB_ngram_001
2017-08-23 05:09:23 [INFO] Feature meta: [8647]
2017-08-23 05:09:23 [INFO] FINISH EXP 2/10: NB_ngram_001
2017-08-23 05:09:23 [INFO] MACRO_F1: NB_ngram_001 0.8315373965742351
2017-08-23 05:09:23 [INFO] EXE_TIME: NB_ngram_001 1.3912736611537184 0.8024666455353326 2.193740306689051

2017-08-23 05:09:23 [INFO] START EXP 3/10: LR_ngram_001
2017-08-23 05:09:32 [INFO] Feature meta: [8647]
2017-08-23 05:09:32 [INFO] FINISH EXP 3/10: LR_ngram_001
2017-08-23 05:09:32 [INFO] MACRO_F1: LR_ngram_001 0.8439637938520861
2017-08-23 05:09:32 [INFO] EXE_TIME: LR_ngram_001 1.3912736611537184 8.496364650484338 9.887638311638057

2017-08-23 05:09:32 [INFO] START EXP 4/10: SVM_ngram_001
2017-08-23 05:09:36 [INFO] Feature meta: [8647]
2017-08-23 05:09:36 [INFO] FINISH EXP 4/10: SVM_ngram_001
2017-08-23 05:09:36 [INFO] MACRO_F1: SVM_ngram_001 0.8135608386664758
2017-08-23 05:09:36 [INFO] EXE_TIME: SVM_ngram_001 1.3912736611537184 3.405794927523857 4.7970685886775755

2017-08-23 05:09:36 [INFO] START EXP 5/10: NN_ngram_001
2017-08-23 05:12:52 [INFO] Feature meta: [8647]
2017-08-23 05:12:52 [INFO] FINISH EXP 5/10: NN_ngram_001
2017-08-23 05:12:52 [INFO] MACRO_F1: NN_ngram_001 0.8447028793596691
2017-08-23 05:12:52 [INFO] EXE_TIME: NN_ngram_001 1.3912736611537184 195.96960035431766 197.36087401547138

2017-08-23 05:12:52 [INFO] START EXP 6/10: kNN_tfidf_001
2017-08-23 05:12:52 [INFO] Init Feature
2017-08-23 05:31:43 [INFO] Feature meta: [8647]
2017-08-23 05:31:43 [INFO] FINISH EXP 6/10: kNN_tfidf_001
2017-08-23 05:31:43 [INFO] MACRO_F1: kNN_tfidf_001 0.7130206104959688
2017-08-23 05:31:43 [INFO] EXE_TIME: kNN_tfidf_001 2.640883362892964 11.460456421003073 14.101339783896037

2017-08-23 05:31:43 [INFO] START EXP 7/10: NB_tfidf_001
2017-08-23 05:31:44 [INFO] Feature meta: [8647]
2017-08-23 05:31:44 [INFO] FINISH EXP 7/10: NB_tfidf_001
2017-08-23 05:31:44 [INFO] MACRO_F1: NB_tfidf_001 0.704505885335771
2017-08-23 05:31:44 [INFO] EXE_TIME: NB_tfidf_001 2.640883362892964 0.4013450339261908 3.042228396819155

2017-08-23 05:31:44 [INFO] START EXP 8/10: LR_tfidf_001
2017-08-23 05:31:46 [INFO] Feature meta: [8647]
2017-08-23 05:31:46 [INFO] FINISH EXP 8/10: LR_tfidf_001
2017-08-23 05:31:46 [INFO] MACRO_F1: LR_tfidf_001 0.8166494270284211
2017-08-23 05:31:46 [INFO] EXE_TIME: LR_tfidf_001 2.640883362892964 1.4116362763625148 4.052519639255479

2017-08-23 05:31:46 [INFO] START EXP 9/10: SVM_tfidf_001
2017-08-23 05:31:47 [INFO] Feature meta: [8647]
2017-08-23 05:31:47 [INFO] FINISH EXP 9/10: SVM_tfidf_001
2017-08-23 05:31:47 [INFO] MACRO_F1: SVM_tfidf_001 0.8606034536418667
2017-08-23 05:31:47 [INFO] EXE_TIME: SVM_tfidf_001 2.640883362892964 0.7821707412294927 3.423054104122457

2017-08-23 05:31:47 [INFO] START EXP 10/10: NN_tfidf_001
2017-08-23 05:36:23 [INFO] Feature meta: [8647]
2017-08-23 05:36:23 [INFO] FINISH EXP 10/10: NN_tfidf_001
2017-08-23 05:36:23 [INFO] MACRO_F1: NN_tfidf_001 0.854756807351107
2017-08-23 05:36:23 [INFO] EXE_TIME: NN_tfidf_001 2.640883362892964 275.73182453532263 278.3727078982156

