2017-08-23 17:49:28 [INFO] Load data: exp\main\exp01\B2\data\data.B2.train
2017-08-23 17:49:28 [INFO] Load data: exp\main\exp01\B2\data\data.B2.test
2017-08-23 17:50:03 [INFO] 11314, 7532
2017-08-23 17:50:03 [INFO] 11314, 7532
2017-08-23 17:50:03 [INFO] [0, 1, 2, 3, 4, 5, 6]
2017-08-23 17:50:03 [INFO] [0, 1, 2, 3, 4, 5, 6]

2017-08-23 17:50:03 [INFO] START EXP 1/5: kNN_word2vec_200
2017-08-23 17:50:03 [INFO] Init Feature
2017-08-23 17:53:50 [INFO] Feature meta: [200, 20252]
2017-08-23 17:53:50 [INFO] FINISH EXP 1/5: kNN_word2vec_200
2017-08-23 17:53:50 [INFO] MACRO_F1: kNN_word2vec_200 0.7489732646057358
2017-08-23 17:53:50 [INFO] EXE_TIME: kNN_word2vec_200 165.76260076208325 0.17551322987748108 165.93811399196073

2017-08-23 17:53:50 [INFO] START EXP 2/5: NB_word2vec_200
2017-08-23 17:53:50 [INFO] Feature meta: [200, 20252]
2017-08-23 17:53:50 [INFO] FINISH EXP 2/5: NB_word2vec_200
2017-08-23 17:53:50 [INFO] MACRO_F1: NB_word2vec_200 0.643070872680321
2017-08-23 17:53:50 [INFO] EXE_TIME: NB_word2vec_200 165.76260076208325 0.06987947431809971 165.83248023640135

2017-08-23 17:53:50 [INFO] START EXP 3/5: LR_word2vec_200
2017-08-23 17:53:52 [INFO] Feature meta: [200, 20252]
2017-08-23 17:53:52 [INFO] FINISH EXP 3/5: LR_word2vec_200
2017-08-23 17:53:52 [INFO] MACRO_F1: LR_word2vec_200 0.7745809190064078
2017-08-23 17:53:52 [INFO] EXE_TIME: LR_word2vec_200 165.76260076208325 2.4949996427610586 168.2576004048443

2017-08-23 17:53:52 [INFO] START EXP 4/5: SVM_word2vec_200
2017-08-23 17:53:54 [INFO] Feature meta: [200, 20252]
2017-08-23 17:53:54 [INFO] FINISH EXP 4/5: SVM_word2vec_200
2017-08-23 17:53:54 [INFO] MACRO_F1: SVM_word2vec_200 0.7854391260395115
2017-08-23 17:53:54 [INFO] EXE_TIME: SVM_word2vec_200 165.76260076208325 1.288776107549097 167.05137686963235

2017-08-23 17:53:54 [INFO] START EXP 5/5: NN_word2vec_200
2017-08-23 17:54:19 [INFO] Feature meta: [200, 20252]
2017-08-23 17:54:19 [INFO] FINISH EXP 5/5: NN_word2vec_200
2017-08-23 17:54:19 [INFO] MACRO_F1: NN_word2vec_200 0.8075296683091066
2017-08-23 17:54:19 [INFO] EXE_TIME: NN_word2vec_200 165.76260076208325 25.415382744928593 191.17798350701185

