2017-08-23 01:58:48 [INFO] Load data: exp\main\exp02\A2\data\data.A2.train
2017-08-23 01:58:48 [INFO] Load data: exp\main\exp02\A2\data\data.A2.test
2017-08-23 01:58:48 [INFO]  7500, 7500
2017-08-23 01:58:48 [INFO]  7497, 7497
2017-08-23 01:58:48 [INFO] [0, 1, 2]
2017-08-23 01:58:48 [INFO] [0, 1, 2]

2017-08-23 01:58:48 [INFO] START EXP 1/15: kNN_copeopi_00ACT5
2017-08-23 01:58:48 [INFO] Init Feature
2017-08-23 01:58:48 [INFO] 4772-0=4772
2017-08-23 01:58:49 [INFO] Feature meta: [3, 4772]
2017-08-23 01:58:49 [INFO] FINISH EXP 1/15: kNN_copeopi_00ACT5
2017-08-23 01:58:49 [INFO] MACRO_F1: kNN_copeopi_00ACT5 0.7656429230356737
2017-08-23 01:58:49 [INFO] EXE_TIME: kNN_copeopi_00ACT5 0.7467977779347956 0.005865822661892395 0.752663600596688

2017-08-23 01:58:49 [INFO] START EXP 2/15: NB_copeopi_00ACT5
2017-08-23 01:58:49 [INFO] Feature meta: [3, 4772]
2017-08-23 01:58:49 [INFO] FINISH EXP 2/15: NB_copeopi_00ACT5
2017-08-23 01:58:49 [INFO] MACRO_F1: NB_copeopi_00ACT5 0.7178059108883517
2017-08-23 01:58:49 [INFO] EXE_TIME: NB_copeopi_00ACT5 0.7467977779347956 0.002276065509317249 0.7490738434441129

2017-08-23 01:58:49 [INFO] START EXP 3/15: LR_copeopi_00ACT5
2017-08-23 01:58:49 [INFO] Feature meta: [3, 4772]
2017-08-23 01:58:49 [INFO] FINISH EXP 3/15: LR_copeopi_00ACT5
2017-08-23 01:58:49 [INFO] MACRO_F1: LR_copeopi_00ACT5 0.7702069028741098
2017-08-23 01:58:49 [INFO] EXE_TIME: LR_copeopi_00ACT5 0.7467977779347956 0.01636430311382142 0.763162081048617

2017-08-23 01:58:49 [INFO] START EXP 4/15: SVM_copeopi_00ACT5
2017-08-23 01:58:49 [INFO] Feature meta: [3, 4772]
2017-08-23 01:58:49 [INFO] FINISH EXP 4/15: SVM_copeopi_00ACT5
2017-08-23 01:58:49 [INFO] MACRO_F1: SVM_copeopi_00ACT5 0.7702004396204559
2017-08-23 01:58:49 [INFO] EXE_TIME: SVM_copeopi_00ACT5 0.7467977779347956 0.07480818641474052 0.8216059643495361

2017-08-23 01:58:49 [INFO] START EXP 5/15: NN_copeopi_00ACT5
2017-08-23 01:58:51 [INFO] Feature meta: [3, 4772]
2017-08-23 01:58:51 [INFO] FINISH EXP 5/15: NN_copeopi_00ACT5
2017-08-23 01:58:51 [INFO] MACRO_F1: NN_copeopi_00ACT5 0.7647514942967707
2017-08-23 01:58:51 [INFO] EXE_TIME: NN_copeopi_00ACT5 0.7467977779347956 1.9660753343736026 2.7128731123083982

2017-08-23 01:58:51 [INFO] START EXP 6/15: kNN_copeopi_00BCT5
2017-08-23 01:58:51 [INFO] Init Feature
2017-08-23 01:58:51 [INFO] 4772-0=4772
2017-08-23 01:58:53 [INFO] Feature meta: [3, 4772]
2017-08-23 01:58:53 [INFO] FINISH EXP 6/15: kNN_copeopi_00BCT5
2017-08-23 01:58:53 [INFO] MACRO_F1: kNN_copeopi_00BCT5 0.7706277330681797
2017-08-23 01:58:53 [INFO] EXE_TIME: kNN_copeopi_00BCT5 0.9005490425801081 0.006001612903862252 0.9065506554839704

2017-08-23 01:58:53 [INFO] START EXP 7/15: NB_copeopi_00BCT5
2017-08-23 01:58:53 [INFO] Feature meta: [3, 4772]
2017-08-23 01:58:53 [INFO] FINISH EXP 7/15: NB_copeopi_00BCT5
2017-08-23 01:58:53 [INFO] MACRO_F1: NB_copeopi_00BCT5 0.7200792296052305
2017-08-23 01:58:53 [INFO] EXE_TIME: NB_copeopi_00BCT5 0.9005490425801081 0.002282776073601056 0.9028318186537092

2017-08-23 01:58:53 [INFO] START EXP 8/15: LR_copeopi_00BCT5
2017-08-23 01:58:53 [INFO] Feature meta: [3, 4772]
2017-08-23 01:58:53 [INFO] FINISH EXP 8/15: LR_copeopi_00BCT5
2017-08-23 01:58:53 [INFO] MACRO_F1: LR_copeopi_00BCT5 0.7655743120797526
2017-08-23 01:58:53 [INFO] EXE_TIME: LR_copeopi_00BCT5 0.9005490425801081 0.01831036675602249 0.9188594093361306

2017-08-23 01:58:53 [INFO] START EXP 9/15: SVM_copeopi_00BCT5
2017-08-23 01:58:53 [INFO] Feature meta: [3, 4772]
2017-08-23 01:58:53 [INFO] FINISH EXP 9/15: SVM_copeopi_00BCT5
2017-08-23 01:58:53 [INFO] MACRO_F1: SVM_copeopi_00BCT5 0.7660684633135014
2017-08-23 01:58:53 [INFO] EXE_TIME: SVM_copeopi_00BCT5 0.9005490425801081 0.06435628517371939 0.9649053277538275

2017-08-23 01:58:53 [INFO] START EXP 10/15: NN_copeopi_00BCT5
2017-08-23 01:58:54 [INFO] Feature meta: [3, 4772]
2017-08-23 01:58:54 [INFO] FINISH EXP 10/15: NN_copeopi_00BCT5
2017-08-23 01:58:54 [INFO] MACRO_F1: NN_copeopi_00BCT5 0.7674700308186898
2017-08-23 01:58:54 [INFO] EXE_TIME: NN_copeopi_00BCT5 0.9005490425801081 1.2055343207862883 2.1060833633663965

2017-08-23 01:58:54 [INFO] START EXP 11/15: kNN_copeopi_00CCT5
2017-08-23 01:58:54 [INFO] Init Feature
2017-08-23 01:58:54 [INFO] 4772-0=4772
2017-08-23 01:58:55 [INFO] Feature meta: [6, 4772]
2017-08-23 01:58:55 [INFO] FINISH EXP 11/15: kNN_copeopi_00CCT5
2017-08-23 01:58:55 [INFO] MACRO_F1: kNN_copeopi_00CCT5 0.7671787769999311
2017-08-23 01:58:55 [INFO] EXE_TIME: kNN_copeopi_00CCT5 0.8275878402996231 0.007327936197533802 0.8349157764971569

2017-08-23 01:58:55 [INFO] START EXP 12/15: NB_copeopi_00CCT5
2017-08-23 01:58:55 [INFO] Feature meta: [6, 4772]
2017-08-23 01:58:55 [INFO] FINISH EXP 12/15: NB_copeopi_00CCT5
2017-08-23 01:58:55 [INFO] MACRO_F1: NB_copeopi_00CCT5 0.7174458608329091
2017-08-23 01:58:55 [INFO] EXE_TIME: NB_copeopi_00CCT5 0.8275878402996231 0.0028444897780346423 0.8304323300776577

2017-08-23 01:58:55 [INFO] START EXP 13/15: LR_copeopi_00CCT5
2017-08-23 01:58:56 [INFO] Feature meta: [6, 4772]
2017-08-23 01:58:56 [INFO] FINISH EXP 13/15: LR_copeopi_00CCT5
2017-08-23 01:58:56 [INFO] MACRO_F1: LR_copeopi_00CCT5 0.7714799137019136
2017-08-23 01:58:56 [INFO] EXE_TIME: LR_copeopi_00CCT5 0.8275878402996231 0.024883167102128567 0.8524710074017516

2017-08-23 01:58:56 [INFO] START EXP 14/15: SVM_copeopi_00CCT5
2017-08-23 01:58:56 [INFO] Feature meta: [6, 4772]
2017-08-23 01:58:56 [INFO] FINISH EXP 14/15: SVM_copeopi_00CCT5
2017-08-23 01:58:56 [INFO] MACRO_F1: SVM_copeopi_00CCT5 0.7723400987401049
2017-08-23 01:58:56 [INFO] EXE_TIME: SVM_copeopi_00CCT5 0.8275878402996231 0.07873505073778553 0.9063228910374086

2017-08-23 01:58:56 [INFO] START EXP 15/15: NN_copeopi_00CCT5
2017-08-23 01:58:58 [INFO] Feature meta: [6, 4772]
2017-08-23 01:58:58 [INFO] FINISH EXP 15/15: NN_copeopi_00CCT5
2017-08-23 01:58:58 [INFO] MACRO_F1: NN_copeopi_00CCT5 0.7684985222701642
2017-08-23 01:58:58 [INFO] EXE_TIME: NN_copeopi_00CCT5 0.8275878402996231 2.4152062965619407 3.242794136861564

