2017-08-23 19:48:02 [INFO] Load data: exp\main\exp02\A2\data\data.A2.train
2017-08-23 19:48:02 [INFO] Load data: exp\main\exp02\A2\data\data.A2.test
2017-08-23 19:48:02 [INFO]  7500, 7500
2017-08-23 19:48:02 [INFO]  7497, 7497
2017-08-23 19:48:02 [INFO] [0, 1, 2]
2017-08-23 19:48:02 [INFO] [0, 1, 2]

2017-08-23 19:48:02 [INFO] START EXP 1/5: kNN_glove_200
2017-08-23 19:48:02 [INFO] Init Feature
2017-08-23 19:51:34 [INFO] Feature meta: [200, 4773]
2017-08-23 19:51:34 [INFO] FINISH EXP 1/5: kNN_glove_200
2017-08-23 19:51:34 [INFO] MACRO_F1: kNN_glove_200 0.7254182733846298
2017-08-23 19:51:34 [INFO] EXE_TIME: kNN_glove_200 186.6675523295724 0.10550191270817777 186.77305424228058

2017-08-23 19:51:34 [INFO] START EXP 2/5: NB_glove_200
2017-08-23 19:51:34 [INFO] Feature meta: [200, 4773]
2017-08-23 19:51:34 [INFO] FINISH EXP 2/5: NB_glove_200
2017-08-23 19:51:34 [INFO] MACRO_F1: NB_glove_200 0.6870819781206801
2017-08-23 19:51:34 [INFO] EXE_TIME: NB_glove_200 186.6675523295724 0.036756918493097146 186.7043092480655

2017-08-23 19:51:34 [INFO] START EXP 3/5: LR_glove_200
2017-08-23 19:51:35 [INFO] Feature meta: [200, 4773]
2017-08-23 19:51:35 [INFO] FINISH EXP 3/5: LR_glove_200
2017-08-23 19:51:35 [INFO] MACRO_F1: LR_glove_200 0.7473133157310577
2017-08-23 19:51:35 [INFO] EXE_TIME: LR_glove_200 186.6675523295724 0.6270217055175067 187.2945740350899

2017-08-23 19:51:35 [INFO] START EXP 4/5: SVM_glove_200
2017-08-23 19:51:36 [INFO] Feature meta: [200, 4773]
2017-08-23 19:51:36 [INFO] FINISH EXP 4/5: SVM_glove_200
2017-08-23 19:51:36 [INFO] MACRO_F1: SVM_glove_200 0.752033168793344
2017-08-23 19:51:36 [INFO] EXE_TIME: SVM_glove_200 186.6675523295724 0.878944972978104 187.5464973025505

2017-08-23 19:51:36 [INFO] START EXP 5/5: NN_glove_200
2017-08-23 19:51:45 [INFO] Feature meta: [200, 4773]
2017-08-23 19:51:45 [INFO] FINISH EXP 5/5: NN_glove_200
2017-08-23 19:51:45 [INFO] MACRO_F1: NN_glove_200 0.758017348031204
2017-08-23 19:51:45 [INFO] EXE_TIME: NN_glove_200 186.6675523295724 9.086894702167399 195.7544470317398

