2017-08-24 07:51:37 [INFO] Load data: exp\main\exp02\A2\data\data.A2.train
2017-08-24 07:51:37 [INFO] Load data: exp\main\exp02\A2\data\data.A2.test
2017-08-24 07:51:37 [INFO]  7500, 7500
2017-08-24 07:51:37 [INFO]  7497, 7497
2017-08-24 07:51:37 [INFO] [0, 1, 2]
2017-08-24 07:51:37 [INFO] [0, 1, 2]

2017-08-24 07:51:37 [INFO] START EXP 1/10: kNN_lsi_n200
2017-08-24 07:51:37 [INFO] Init Feature
2017-08-24 07:52:06 [INFO] Feature meta: [200]
2017-08-24 07:52:06 [INFO] FINISH EXP 1/10: kNN_lsi_n200
2017-08-24 07:52:06 [INFO] MACRO_F1: kNN_lsi_n200 0.682981635558051
2017-08-24 07:52:06 [INFO] EXE_TIME: kNN_lsi_n200 5.970295884568827 0.11856382871638971 6.088859713285217

2017-08-24 07:52:06 [INFO] START EXP 2/10: NB_lsi_n200
2017-08-24 07:52:06 [INFO] Feature meta: [200]
2017-08-24 07:52:06 [INFO] FINISH EXP 2/10: NB_lsi_n200
2017-08-24 07:52:06 [INFO] MACRO_F1: NB_lsi_n200 0.6786675458783445
2017-08-24 07:52:06 [INFO] EXE_TIME: NB_lsi_n200 5.970295884568827 0.03652560139485672 6.006821485963684

2017-08-24 07:52:06 [INFO] START EXP 3/10: LR_lsi_n200
2017-08-24 07:52:07 [INFO] Feature meta: [200]
2017-08-24 07:52:07 [INFO] FINISH EXP 3/10: LR_lsi_n200
2017-08-24 07:52:07 [INFO] MACRO_F1: LR_lsi_n200 0.748899713869554
2017-08-24 07:52:07 [INFO] EXE_TIME: LR_lsi_n200 5.970295884568827 0.6958460422868171 6.666141926855644

2017-08-24 07:52:07 [INFO] START EXP 4/10: SVM_lsi_n200
2017-08-24 07:52:07 [INFO] Feature meta: [200]
2017-08-24 07:52:07 [INFO] FINISH EXP 4/10: SVM_lsi_n200
2017-08-24 07:52:07 [INFO] MACRO_F1: SVM_lsi_n200 0.7529323013526633
2017-08-24 07:52:07 [INFO] EXE_TIME: SVM_lsi_n200 5.970295884568827 0.8128826255201176 6.783178510088945

2017-08-24 07:52:07 [INFO] START EXP 5/10: NN_lsi_n200
2017-08-24 07:52:24 [INFO] Feature meta: [200]
2017-08-24 07:52:24 [INFO] FINISH EXP 5/10: NN_lsi_n200
2017-08-24 07:52:24 [INFO] MACRO_F1: NN_lsi_n200 0.7325313873185954
2017-08-24 07:52:24 [INFO] EXE_TIME: NN_lsi_n200 5.970295884568827 17.033361767704733 23.00365765227356

2017-08-24 07:52:24 [INFO] START EXP 6/10: kNN_lsi_t200
2017-08-24 07:52:24 [INFO] Init Feature
2017-08-24 07:52:51 [INFO] Feature meta: [200]
2017-08-24 07:52:51 [INFO] FINISH EXP 6/10: kNN_lsi_t200
2017-08-24 07:52:51 [INFO] MACRO_F1: kNN_lsi_t200 0.7091452684336793
2017-08-24 07:52:51 [INFO] EXE_TIME: kNN_lsi_t200 4.56092659471625 0.10810284847664775 4.669029443192898

2017-08-24 07:52:51 [INFO] START EXP 7/10: NB_lsi_t200
2017-08-24 07:52:51 [INFO] Feature meta: [200]
2017-08-24 07:52:51 [INFO] FINISH EXP 7/10: NB_lsi_t200
2017-08-24 07:52:51 [INFO] MACRO_F1: NB_lsi_t200 0.6852357871909853
2017-08-24 07:52:51 [INFO] EXE_TIME: NB_lsi_t200 4.56092659471625 0.03706718340643533 4.597993778122685

2017-08-24 07:52:51 [INFO] START EXP 8/10: LR_lsi_t200
2017-08-24 07:52:52 [INFO] Feature meta: [200]
2017-08-24 07:52:52 [INFO] FINISH EXP 8/10: LR_lsi_t200
2017-08-24 07:52:52 [INFO] MACRO_F1: LR_lsi_t200 0.7764919112391683
2017-08-24 07:52:52 [INFO] EXE_TIME: LR_lsi_t200 4.56092659471625 0.5222196651902209 5.083146259906471

2017-08-24 07:52:52 [INFO] START EXP 9/10: SVM_lsi_t200
2017-08-24 07:52:52 [INFO] Feature meta: [200]
2017-08-24 07:52:52 [INFO] FINISH EXP 9/10: SVM_lsi_t200
2017-08-24 07:52:52 [INFO] MACRO_F1: SVM_lsi_t200 0.7739836704340544
2017-08-24 07:52:52 [INFO] EXE_TIME: SVM_lsi_t200 4.56092659471625 0.7776979527647256 5.3386245474809755

2017-08-24 07:52:52 [INFO] START EXP 10/10: NN_lsi_t200
2017-08-24 07:53:10 [INFO] Feature meta: [200]
2017-08-24 07:53:10 [INFO] FINISH EXP 10/10: NN_lsi_t200
2017-08-24 07:53:10 [INFO] MACRO_F1: NN_lsi_t200 0.7495346797988728
2017-08-24 07:53:10 [INFO] EXE_TIME: NN_lsi_t200 4.56092659471625 17.060525342446027 21.621451937162277

