2017-08-23 03:36:51 [INFO] Load data: exp\main\exp02\A2\data\data.A2.train
2017-08-23 03:36:51 [INFO] Load data: exp\main\exp02\A2\data\data.A2.test
2017-08-23 03:36:51 [INFO]  7500, 7500
2017-08-23 03:36:51 [INFO]  7497, 7497
2017-08-23 03:36:51 [INFO] [0, 1, 2]
2017-08-23 03:36:51 [INFO] [0, 1, 2]

2017-08-23 03:36:51 [INFO] START EXP 1/10: kNN_ngram_001
2017-08-23 03:36:51 [INFO] Init Feature
2017-08-23 03:40:50 [INFO] Feature meta: [3145]
2017-08-23 03:40:50 [INFO] FINISH EXP 1/10: kNN_ngram_001
2017-08-23 03:40:50 [INFO] MACRO_F1: kNN_ngram_001 0.5404010405410145
2017-08-23 03:40:50 [INFO] EXE_TIME: kNN_ngram_001 0.32622658259776927 2.2442163817505616 2.570442964348331

2017-08-23 03:40:50 [INFO] START EXP 2/10: NB_ngram_001
2017-08-23 03:40:50 [INFO] Feature meta: [3145]
2017-08-23 03:40:50 [INFO] FINISH EXP 2/10: NB_ngram_001
2017-08-23 03:40:50 [INFO] MACRO_F1: NB_ngram_001 0.7672364899092213
2017-08-23 03:40:50 [INFO] EXE_TIME: NB_ngram_001 0.32622658259776927 0.18188905542490375 0.508115638022673

2017-08-23 03:40:50 [INFO] START EXP 3/10: LR_ngram_001
2017-08-23 03:40:52 [INFO] Feature meta: [3145]
2017-08-23 03:40:52 [INFO] FINISH EXP 3/10: LR_ngram_001
2017-08-23 03:40:52 [INFO] MACRO_F1: LR_ngram_001 0.7604180398484292
2017-08-23 03:40:52 [INFO] EXE_TIME: LR_ngram_001 0.32622658259776927 1.2493037789556638 1.575530361553433

2017-08-23 03:40:52 [INFO] START EXP 4/10: SVM_ngram_001
2017-08-23 03:40:54 [INFO] Feature meta: [3145]
2017-08-23 03:40:54 [INFO] FINISH EXP 4/10: SVM_ngram_001
2017-08-23 03:40:54 [INFO] MACRO_F1: SVM_ngram_001 0.7165031045352855
2017-08-23 03:40:54 [INFO] EXE_TIME: SVM_ngram_001 0.32622658259776927 1.7848072035144469 2.111033786112216

2017-08-23 03:40:54 [INFO] START EXP 5/10: NN_ngram_001
2017-08-23 03:42:38 [INFO] Feature meta: [3145]
2017-08-23 03:42:38 [INFO] FINISH EXP 5/10: NN_ngram_001
2017-08-23 03:42:38 [INFO] MACRO_F1: NN_ngram_001 0.7301579650745528
2017-08-23 03:42:38 [INFO] EXE_TIME: NN_ngram_001 0.32622658259776927 103.49495266881104 103.82117925140881

2017-08-23 03:42:38 [INFO] START EXP 6/10: kNN_tfidf_001
2017-08-23 03:42:38 [INFO] Init Feature
2017-08-23 03:46:49 [INFO] Feature meta: [3145]
2017-08-23 03:46:49 [INFO] FINISH EXP 6/10: kNN_tfidf_001
2017-08-23 03:46:49 [INFO] MACRO_F1: kNN_tfidf_001 0.7223716584604388
2017-08-23 03:46:49 [INFO] EXE_TIME: kNN_tfidf_001 0.6222287836628766 2.2566861891457393 2.878914972808616

2017-08-23 03:46:49 [INFO] START EXP 7/10: NB_tfidf_001
2017-08-23 03:46:49 [INFO] Feature meta: [3145]
2017-08-23 03:46:49 [INFO] FINISH EXP 7/10: NB_tfidf_001
2017-08-23 03:46:49 [INFO] MACRO_F1: NB_tfidf_001 0.7675628863997495
2017-08-23 03:46:49 [INFO] EXE_TIME: NB_tfidf_001 0.6222287836628766 0.09766318414699526 0.7198919678098719

2017-08-23 03:46:49 [INFO] START EXP 8/10: LR_tfidf_001
2017-08-23 03:46:50 [INFO] Feature meta: [3145]
2017-08-23 03:46:50 [INFO] FINISH EXP 8/10: LR_tfidf_001
2017-08-23 03:46:50 [INFO] MACRO_F1: LR_tfidf_001 0.7754590100655893
2017-08-23 03:46:50 [INFO] EXE_TIME: LR_tfidf_001 0.6222287836628766 0.24548388892208095 0.8677126725849575

2017-08-23 03:46:50 [INFO] START EXP 9/10: SVM_tfidf_001
2017-08-23 03:46:50 [INFO] Feature meta: [3145]
2017-08-23 03:46:50 [INFO] FINISH EXP 9/10: SVM_tfidf_001
2017-08-23 03:46:50 [INFO] MACRO_F1: SVM_tfidf_001 0.7559871654444229
2017-08-23 03:46:50 [INFO] EXE_TIME: SVM_tfidf_001 0.6222287836628766 0.24048491326993826 0.8627136969328149

2017-08-23 03:46:50 [INFO] START EXP 10/10: NN_tfidf_001
2017-08-23 03:49:10 [INFO] Feature meta: [3145]
2017-08-23 03:49:10 [INFO] FINISH EXP 10/10: NN_tfidf_001
2017-08-23 03:49:10 [INFO] MACRO_F1: NN_tfidf_001 0.7077109104294291
2017-08-23 03:49:10 [INFO] EXE_TIME: NN_tfidf_001 0.6222287836628766 139.9930443027506 140.61527308641348

