2017-08-23 17:41:53 [INFO] Load data: exp\main\exp02\A2\data\data.A2.train
2017-08-23 17:41:53 [INFO] Load data: exp\main\exp02\A2\data\data.A2.test
2017-08-23 17:41:53 [INFO]  7500, 7500
2017-08-23 17:41:53 [INFO]  7497, 7497
2017-08-23 17:41:53 [INFO] [0, 1, 2]
2017-08-23 17:41:53 [INFO] [0, 1, 2]

2017-08-23 17:41:53 [INFO] START EXP 1/5: kNN_word2vec_200
2017-08-23 17:41:53 [INFO] Init Feature
2017-08-23 17:42:49 [INFO] Feature meta: [200, 4772]
2017-08-23 17:42:49 [INFO] FINISH EXP 1/5: kNN_word2vec_200
2017-08-23 17:42:49 [INFO] MACRO_F1: kNN_word2vec_200 0.7402465721004196
2017-08-23 17:42:49 [INFO] EXE_TIME: kNN_word2vec_200 26.053300433147186 0.09788976437630481 26.15119019752349

2017-08-23 17:42:49 [INFO] START EXP 2/5: NB_word2vec_200
2017-08-23 17:42:49 [INFO] Feature meta: [200, 4772]
2017-08-23 17:42:49 [INFO] FINISH EXP 2/5: NB_word2vec_200
2017-08-23 17:42:49 [INFO] MACRO_F1: NB_word2vec_200 0.7033586416131058
2017-08-23 17:42:49 [INFO] EXE_TIME: NB_word2vec_200 26.053300433147186 0.05304503696532947 26.106345470112515

2017-08-23 17:42:49 [INFO] START EXP 3/5: LR_word2vec_200
2017-08-23 17:42:50 [INFO] Feature meta: [200, 4772]
2017-08-23 17:42:50 [INFO] FINISH EXP 3/5: LR_word2vec_200
2017-08-23 17:42:50 [INFO] MACRO_F1: LR_word2vec_200 0.769467544453792
2017-08-23 17:42:50 [INFO] EXE_TIME: LR_word2vec_200 26.053300433147186 0.7019226556150215 26.755223088762207

2017-08-23 17:42:50 [INFO] START EXP 4/5: SVM_word2vec_200
2017-08-23 17:42:50 [INFO] Feature meta: [200, 4772]
2017-08-23 17:42:50 [INFO] FINISH EXP 4/5: SVM_word2vec_200
2017-08-23 17:42:50 [INFO] MACRO_F1: SVM_word2vec_200 0.7695382989926927
2017-08-23 17:42:50 [INFO] EXE_TIME: SVM_word2vec_200 26.053300433147186 0.7976756973756665 26.850976130522852

2017-08-23 17:42:50 [INFO] START EXP 5/5: NN_word2vec_200
2017-08-23 17:43:08 [INFO] Feature meta: [200, 4772]
2017-08-23 17:43:08 [INFO] FINISH EXP 5/5: NN_word2vec_200
2017-08-23 17:43:08 [INFO] MACRO_F1: NN_word2vec_200 0.7483642332496064
2017-08-23 17:43:08 [INFO] EXE_TIME: NN_word2vec_200 26.053300433147186 17.202201538771874 43.25550197191906

