2017-08-23 02:05:32 [INFO] Load data: exp\main\exp01\B4\data\data.B4.train
2017-08-23 02:05:33 [INFO] Load data: exp\main\exp01\B4\data\data.B4.test
2017-08-23 02:05:41 [INFO]  1952, 1301
2017-08-23 02:05:41 [INFO]  1952, 1301
2017-08-23 02:05:41 [INFO] [0, 1, 2, 3]
2017-08-23 02:05:41 [INFO] [0, 1, 2, 3]

2017-08-23 02:05:41 [INFO] START EXP 1/15: kNN_copeopi_00ACT5
2017-08-23 02:05:41 [INFO] Init Feature
2017-08-23 02:05:41 [INFO] 7324-0=7324
2017-08-23 02:05:42 [INFO] Feature meta: [4, 7324]
2017-08-23 02:05:42 [INFO] FINISH EXP 1/15: kNN_copeopi_00ACT5
2017-08-23 02:05:42 [INFO] MACRO_F1: kNN_copeopi_00ACT5 0.844341056159889
2017-08-23 02:05:42 [INFO] EXE_TIME: kNN_copeopi_00ACT5 0.8849015856273468 0.0018560631330046817 0.8867576487603515

2017-08-23 02:05:42 [INFO] START EXP 2/15: NB_copeopi_00ACT5
2017-08-23 02:05:42 [INFO] Feature meta: [4, 7324]
2017-08-23 02:05:42 [INFO] FINISH EXP 2/15: NB_copeopi_00ACT5
2017-08-23 02:05:42 [INFO] MACRO_F1: NB_copeopi_00ACT5 0.8413778491539219
2017-08-23 02:05:42 [INFO] EXE_TIME: NB_copeopi_00ACT5 0.8849015856273468 0.0031350177375770727 0.8880366033649238

2017-08-23 02:05:42 [INFO] START EXP 3/15: LR_copeopi_00ACT5
2017-08-23 02:05:42 [INFO] Feature meta: [4, 7324]
2017-08-23 02:05:42 [INFO] FINISH EXP 3/15: LR_copeopi_00ACT5
2017-08-23 02:05:42 [INFO] MACRO_F1: LR_copeopi_00ACT5 0.8466932516432663
2017-08-23 02:05:42 [INFO] EXE_TIME: LR_copeopi_00ACT5 0.8849015856273468 0.008617943496290081 0.8935195291236369

2017-08-23 02:05:42 [INFO] START EXP 4/15: SVM_copeopi_00ACT5
2017-08-23 02:05:42 [INFO] Feature meta: [4, 7324]
2017-08-23 02:05:42 [INFO] FINISH EXP 4/15: SVM_copeopi_00ACT5
2017-08-23 02:05:42 [INFO] MACRO_F1: SVM_copeopi_00ACT5 0.843391556650544
2017-08-23 02:05:42 [INFO] EXE_TIME: SVM_copeopi_00ACT5 0.8849015856273468 0.0056637162552419795 0.8905653018825888

2017-08-23 02:05:42 [INFO] START EXP 5/15: NN_copeopi_00ACT5
2017-08-23 02:05:43 [INFO] Feature meta: [4, 7324]
2017-08-23 02:05:43 [INFO] FINISH EXP 5/15: NN_copeopi_00ACT5
2017-08-23 02:05:43 [INFO] MACRO_F1: NN_copeopi_00ACT5 0.8497871163996332
2017-08-23 02:05:43 [INFO] EXE_TIME: NN_copeopi_00ACT5 0.8849015856273468 0.7391382609138759 1.6240398465412227

2017-08-23 02:05:43 [INFO] START EXP 6/15: kNN_copeopi_00BCT5
2017-08-23 02:05:43 [INFO] Init Feature
2017-08-23 02:05:43 [INFO] 7324-0=7324
2017-08-23 02:05:44 [INFO] Feature meta: [6, 7324]
2017-08-23 02:05:44 [INFO] FINISH EXP 6/15: kNN_copeopi_00BCT5
2017-08-23 02:05:44 [INFO] MACRO_F1: kNN_copeopi_00BCT5 0.8379340519590797
2017-08-23 02:05:44 [INFO] EXE_TIME: kNN_copeopi_00BCT5 1.0122373060794985 0.0019373793825252505 1.0141746854620237

2017-08-23 02:05:44 [INFO] START EXP 7/15: NB_copeopi_00BCT5
2017-08-23 02:05:44 [INFO] Feature meta: [6, 7324]
2017-08-23 02:05:44 [INFO] FINISH EXP 7/15: NB_copeopi_00BCT5
2017-08-23 02:05:44 [INFO] MACRO_F1: NB_copeopi_00BCT5 0.8376103176685068
2017-08-23 02:05:44 [INFO] EXE_TIME: NB_copeopi_00BCT5 1.0122373060794985 0.0013140863823650761 1.0135513924618635

2017-08-23 02:05:44 [INFO] START EXP 8/15: LR_copeopi_00BCT5
2017-08-23 02:05:44 [INFO] Feature meta: [6, 7324]
2017-08-23 02:05:44 [INFO] FINISH EXP 8/15: LR_copeopi_00BCT5
2017-08-23 02:05:44 [INFO] MACRO_F1: LR_copeopi_00BCT5 0.835431259143762
2017-08-23 02:05:44 [INFO] EXE_TIME: LR_copeopi_00BCT5 1.0122373060794985 0.008697286050391995 1.0209345921298905

2017-08-23 02:05:44 [INFO] START EXP 9/15: SVM_copeopi_00BCT5
2017-08-23 02:05:44 [INFO] Feature meta: [6, 7324]
2017-08-23 02:05:44 [INFO] FINISH EXP 9/15: SVM_copeopi_00BCT5
2017-08-23 02:05:44 [INFO] MACRO_F1: SVM_copeopi_00BCT5 0.8370975072266001
2017-08-23 02:05:44 [INFO] EXE_TIME: SVM_copeopi_00BCT5 1.0122373060794985 0.005761216806888569 1.017998522886387

2017-08-23 02:05:44 [INFO] START EXP 10/15: NN_copeopi_00BCT5
2017-08-23 02:05:45 [INFO] Feature meta: [6, 7324]
2017-08-23 02:05:45 [INFO] FINISH EXP 10/15: NN_copeopi_00BCT5
2017-08-23 02:05:45 [INFO] MACRO_F1: NN_copeopi_00BCT5 0.836471420222333
2017-08-23 02:05:45 [INFO] EXE_TIME: NN_copeopi_00BCT5 1.0122373060794985 0.7481726541347484 1.760409960214247

2017-08-23 02:05:45 [INFO] START EXP 11/15: kNN_copeopi_00CCT5
2017-08-23 02:05:45 [INFO] Init Feature
2017-08-23 02:05:45 [INFO] 7324-0=7324
2017-08-23 02:05:47 [INFO] Feature meta: [10, 7324]
2017-08-23 02:05:47 [INFO] FINISH EXP 11/15: kNN_copeopi_00CCT5
2017-08-23 02:05:47 [INFO] MACRO_F1: kNN_copeopi_00CCT5 0.842800303213953
2017-08-23 02:05:47 [INFO] EXE_TIME: kNN_copeopi_00CCT5 1.0760216143328307 0.00237001340929055 1.0783916277421213

2017-08-23 02:05:47 [INFO] START EXP 12/15: NB_copeopi_00CCT5
2017-08-23 02:05:47 [INFO] Feature meta: [10, 7324]
2017-08-23 02:05:47 [INFO] FINISH EXP 12/15: NB_copeopi_00CCT5
2017-08-23 02:05:47 [INFO] MACRO_F1: NB_copeopi_00CCT5 0.841418050702978
2017-08-23 02:05:47 [INFO] EXE_TIME: NB_copeopi_00CCT5 1.0760216143328307 0.0013993500226092692 1.07742096435544

2017-08-23 02:05:47 [INFO] START EXP 13/15: LR_copeopi_00CCT5
2017-08-23 02:05:47 [INFO] Feature meta: [10, 7324]
2017-08-23 02:05:47 [INFO] FINISH EXP 13/15: LR_copeopi_00CCT5
2017-08-23 02:05:47 [INFO] MACRO_F1: LR_copeopi_00CCT5 0.8399949178768651
2017-08-23 02:05:47 [INFO] EXE_TIME: LR_copeopi_00CCT5 1.0760216143328307 0.010706902683807584 1.0867285170166383

2017-08-23 02:05:47 [INFO] START EXP 14/15: SVM_copeopi_00CCT5
2017-08-23 02:05:47 [INFO] Feature meta: [10, 7324]
2017-08-23 02:05:47 [INFO] FINISH EXP 14/15: SVM_copeopi_00CCT5
2017-08-23 02:05:47 [INFO] MACRO_F1: SVM_copeopi_00CCT5 0.8425106262285884
2017-08-23 02:05:47 [INFO] EXE_TIME: SVM_copeopi_00CCT5 1.0760216143328307 0.008947945363331655 1.0849695596961624

2017-08-23 02:05:47 [INFO] START EXP 15/15: NN_copeopi_00CCT5
2017-08-23 02:05:47 [INFO] Feature meta: [10, 7324]
2017-08-23 02:05:47 [INFO] FINISH EXP 15/15: NN_copeopi_00CCT5
2017-08-23 02:05:47 [INFO] MACRO_F1: NN_copeopi_00CCT5 0.8446470957290451
2017-08-23 02:05:47 [INFO] EXE_TIME: NN_copeopi_00CCT5 1.0760216143328307 0.6990402708857459 1.7750618852185767

