2017-08-23 20:45:42 [INFO] Load data: exp\main\exp01\B4\data\data.B4.train
2017-08-23 20:45:42 [INFO] Load data: exp\main\exp01\B4\data\data.B4.test
2017-08-23 20:45:50 [INFO]  1952, 1301
2017-08-23 20:45:50 [INFO]  1952, 1301
2017-08-23 20:45:50 [INFO] [0, 1, 2, 3]
2017-08-23 20:45:50 [INFO] [0, 1, 2, 3]

2017-08-23 20:45:50 [INFO] START EXP 1/5: kNN_glove_200
2017-08-23 20:45:50 [INFO] Init Feature
2017-08-23 20:51:56 [INFO] Feature meta: [200, 7325]
2017-08-23 20:51:56 [INFO] FINISH EXP 1/5: kNN_glove_200
2017-08-23 20:51:56 [INFO] MACRO_F1: kNN_glove_200 0.7390065031096437
2017-08-23 20:51:56 [INFO] EXE_TIME: kNN_glove_200 363.01687785865124 0.018850369810934353 363.0357282284622

2017-08-23 20:51:56 [INFO] START EXP 2/5: NB_glove_200
2017-08-23 20:51:56 [INFO] Feature meta: [200, 7325]
2017-08-23 20:51:56 [INFO] FINISH EXP 2/5: NB_glove_200
2017-08-23 20:51:56 [INFO] MACRO_F1: NB_glove_200 0.7182803215731908
2017-08-23 20:51:56 [INFO] EXE_TIME: NB_glove_200 363.01687785865124 0.008777023344009649 363.02565488199525

2017-08-23 20:51:56 [INFO] START EXP 3/5: LR_glove_200
2017-08-23 20:51:57 [INFO] Feature meta: [200, 7325]
2017-08-23 20:51:57 [INFO] FINISH EXP 3/5: LR_glove_200
2017-08-23 20:51:57 [INFO] MACRO_F1: LR_glove_200 0.7615894240264843
2017-08-23 20:51:57 [INFO] EXE_TIME: LR_glove_200 363.01687785865124 0.17933233043277141 363.196210189084

2017-08-23 20:51:57 [INFO] START EXP 4/5: SVM_glove_200
2017-08-23 20:51:57 [INFO] Feature meta: [200, 7325]
2017-08-23 20:51:57 [INFO] FINISH EXP 4/5: SVM_glove_200
2017-08-23 20:51:57 [INFO] MACRO_F1: SVM_glove_200 0.7686430498523287
2017-08-23 20:51:57 [INFO] EXE_TIME: SVM_glove_200 363.01687785865124 0.17728837150025356 363.1941662301515

2017-08-23 20:51:57 [INFO] START EXP 5/5: NN_glove_200
2017-08-23 20:52:00 [INFO] Feature meta: [200, 7325]
2017-08-23 20:52:00 [INFO] FINISH EXP 5/5: NN_glove_200
2017-08-23 20:52:00 [INFO] MACRO_F1: NN_glove_200 0.7568605260832879
2017-08-23 20:52:00 [INFO] EXE_TIME: NN_glove_200 363.01687785865124 3.47770691334199 366.49458477199323

