2017-08-24 08:02:53 [INFO] Load data: exp\main\exp01\B4\data\data.B4.train
2017-08-24 08:02:53 [INFO] Load data: exp\main\exp01\B4\data\data.B4.test
2017-08-24 08:03:01 [INFO]  1952, 1301
2017-08-24 08:03:01 [INFO]  1952, 1301
2017-08-24 08:03:01 [INFO] [0, 1, 2, 3]
2017-08-24 08:03:01 [INFO] [0, 1, 2, 3]

2017-08-24 08:03:01 [INFO] START EXP 1/10: kNN_lsi_n200
2017-08-24 08:03:01 [INFO] Init Feature
2017-08-24 08:03:09 [INFO] Feature meta: [200]
2017-08-24 08:03:09 [INFO] FINISH EXP 1/10: kNN_lsi_n200
2017-08-24 08:03:09 [INFO] MACRO_F1: kNN_lsi_n200 0.7497968233934273
2017-08-24 08:03:09 [INFO] EXE_TIME: kNN_lsi_n200 6.0329011072036565 0.024234216062041014 6.0571353232656975

2017-08-24 08:03:09 [INFO] START EXP 2/10: NB_lsi_n200
2017-08-24 08:03:09 [INFO] Feature meta: [200]
2017-08-24 08:03:09 [INFO] FINISH EXP 2/10: NB_lsi_n200
2017-08-24 08:03:09 [INFO] MACRO_F1: NB_lsi_n200 0.7248273203871876
2017-08-24 08:03:09 [INFO] EXE_TIME: NB_lsi_n200 6.0329011072036565 0.015774957674068446 6.048676064877725

2017-08-24 08:03:09 [INFO] START EXP 3/10: LR_lsi_n200
2017-08-24 08:03:10 [INFO] Feature meta: [200]
2017-08-24 08:03:10 [INFO] FINISH EXP 3/10: LR_lsi_n200
2017-08-24 08:03:10 [INFO] MACRO_F1: LR_lsi_n200 0.7939110393323062
2017-08-24 08:03:10 [INFO] EXE_TIME: LR_lsi_n200 6.0329011072036565 0.15952037623372917 6.192421483437386

2017-08-24 08:03:10 [INFO] START EXP 4/10: SVM_lsi_n200
2017-08-24 08:03:10 [INFO] Feature meta: [200]
2017-08-24 08:03:10 [INFO] FINISH EXP 4/10: SVM_lsi_n200
2017-08-24 08:03:10 [INFO] MACRO_F1: SVM_lsi_n200 0.8009411022901375
2017-08-24 08:03:10 [INFO] EXE_TIME: SVM_lsi_n200 6.0329011072036565 0.11697105654678808 6.1498721637504445

2017-08-24 08:03:10 [INFO] START EXP 5/10: NN_lsi_n200
2017-08-24 08:03:14 [INFO] Feature meta: [200]
2017-08-24 08:03:14 [INFO] FINISH EXP 5/10: NN_lsi_n200
2017-08-24 08:03:14 [INFO] MACRO_F1: NN_lsi_n200 0.7820317520861989
2017-08-24 08:03:14 [INFO] EXE_TIME: NN_lsi_n200 6.0329011072036565 4.3213985289653465 10.354299636169003

2017-08-24 08:03:14 [INFO] START EXP 6/10: kNN_lsi_t200
2017-08-24 08:03:14 [INFO] Init Feature
2017-08-24 08:03:20 [INFO] Feature meta: [200]
2017-08-24 08:03:20 [INFO] FINISH EXP 6/10: kNN_lsi_t200
2017-08-24 08:03:20 [INFO] MACRO_F1: kNN_lsi_t200 0.8128088652815572
2017-08-24 08:03:20 [INFO] EXE_TIME: kNN_lsi_t200 4.71554312741506 0.022739733922151117 4.738282861337211

2017-08-24 08:03:20 [INFO] START EXP 7/10: NB_lsi_t200
2017-08-24 08:03:21 [INFO] Feature meta: [200]
2017-08-24 08:03:21 [INFO] FINISH EXP 7/10: NB_lsi_t200
2017-08-24 08:03:21 [INFO] MACRO_F1: NB_lsi_t200 0.7628490846001643
2017-08-24 08:03:21 [INFO] EXE_TIME: NB_lsi_t200 4.71554312741506 0.008357415706427673 4.723900543121488

2017-08-24 08:03:21 [INFO] START EXP 8/10: LR_lsi_t200
2017-08-24 08:03:21 [INFO] Feature meta: [200]
2017-08-24 08:03:21 [INFO] FINISH EXP 8/10: LR_lsi_t200
2017-08-24 08:03:21 [INFO] MACRO_F1: LR_lsi_t200 0.8301457847189125
2017-08-24 08:03:21 [INFO] EXE_TIME: LR_lsi_t200 4.71554312741506 0.11419485662878515 4.829737984043845

2017-08-24 08:03:21 [INFO] START EXP 9/10: SVM_lsi_t200
2017-08-24 08:03:21 [INFO] Feature meta: [200]
2017-08-24 08:03:21 [INFO] FINISH EXP 9/10: SVM_lsi_t200
2017-08-24 08:03:21 [INFO] MACRO_F1: SVM_lsi_t200 0.8269417450074483
2017-08-24 08:03:21 [INFO] EXE_TIME: SVM_lsi_t200 4.71554312741506 0.10289979272249639 4.8184429201375565

2017-08-24 08:03:21 [INFO] START EXP 10/10: NN_lsi_t200
2017-08-24 08:03:25 [INFO] Feature meta: [200]
2017-08-24 08:03:25 [INFO] FINISH EXP 10/10: NN_lsi_t200
2017-08-24 08:03:25 [INFO] MACRO_F1: NN_lsi_t200 0.8193383070990673
2017-08-24 08:03:25 [INFO] EXE_TIME: NN_lsi_t200 4.71554312741506 3.78575576151286 8.50129888892792

