2017-08-23 05:41:29 [INFO] Load data: exp\main\exp01\B4\data\data.B4.train
2017-08-23 05:41:29 [INFO] Load data: exp\main\exp01\B4\data\data.B4.test
2017-08-23 05:41:38 [INFO]  1952, 1301
2017-08-23 05:41:38 [INFO]  1952, 1301
2017-08-23 05:41:38 [INFO] [0, 1, 2, 3]
2017-08-23 05:41:38 [INFO] [0, 1, 2, 3]

2017-08-23 05:41:38 [INFO] START EXP 1/10: kNN_ngram_001
2017-08-23 05:41:38 [INFO] Init Feature
2017-08-23 05:42:32 [INFO] Feature meta: [11851]
2017-08-23 05:42:32 [INFO] FINISH EXP 1/10: kNN_ngram_001
2017-08-23 05:42:32 [INFO] MACRO_F1: kNN_ngram_001 0.49875709845810007
2017-08-23 05:42:32 [INFO] EXE_TIME: kNN_ngram_001 0.32040497071193386 1.6744322369195288 1.9948372076314627

2017-08-23 05:42:32 [INFO] START EXP 2/10: NB_ngram_001
2017-08-23 05:42:32 [INFO] Feature meta: [11851]
2017-08-23 05:42:32 [INFO] FINISH EXP 2/10: NB_ngram_001
2017-08-23 05:42:32 [INFO] MACRO_F1: NB_ngram_001 0.836130148027582
2017-08-23 05:42:32 [INFO] EXE_TIME: NB_ngram_001 0.32040497071193386 0.17684429004020785 0.4972492607521417

2017-08-23 05:42:32 [INFO] START EXP 3/10: LR_ngram_001
2017-08-23 05:42:33 [INFO] Feature meta: [11851]
2017-08-23 05:42:33 [INFO] FINISH EXP 3/10: LR_ngram_001
2017-08-23 05:42:33 [INFO] MACRO_F1: LR_ngram_001 0.8163891435374532
2017-08-23 05:42:33 [INFO] EXE_TIME: LR_ngram_001 0.32040497071193386 0.9133097726735286 1.2337147433854625

2017-08-23 05:42:33 [INFO] START EXP 4/10: SVM_ngram_001
2017-08-23 05:42:34 [INFO] Feature meta: [11851]
2017-08-23 05:42:34 [INFO] FINISH EXP 4/10: SVM_ngram_001
2017-08-23 05:42:34 [INFO] MACRO_F1: SVM_ngram_001 0.8044576782015745
2017-08-23 05:42:34 [INFO] EXE_TIME: SVM_ngram_001 0.32040497071193386 0.30977109475770703 0.6301760654696409

2017-08-23 05:42:34 [INFO] START EXP 5/10: NN_ngram_001
2017-08-23 05:43:19 [INFO] Feature meta: [11851]
2017-08-23 05:43:19 [INFO] FINISH EXP 5/10: NN_ngram_001
2017-08-23 05:43:19 [INFO] MACRO_F1: NN_ngram_001 0.8405621688582586
2017-08-23 05:43:19 [INFO] EXE_TIME: NN_ngram_001 0.32040497071193386 45.09460869318082 45.41501366389275

2017-08-23 05:43:19 [INFO] START EXP 6/10: kNN_tfidf_001
2017-08-23 05:43:19 [INFO] Init Feature
2017-08-23 05:44:14 [INFO] Feature meta: [11851]
2017-08-23 05:44:14 [INFO] FINISH EXP 6/10: kNN_tfidf_001
2017-08-23 05:44:14 [INFO] MACRO_F1: kNN_tfidf_001 0.8229559998465623
2017-08-23 05:44:14 [INFO] EXE_TIME: kNN_tfidf_001 0.6235630017381482 1.6209565396229664 2.2445195413611145

2017-08-23 05:44:14 [INFO] START EXP 7/10: NB_tfidf_001
2017-08-23 05:44:14 [INFO] Feature meta: [11851]
2017-08-23 05:44:14 [INFO] FINISH EXP 7/10: NB_tfidf_001
2017-08-23 05:44:14 [INFO] MACRO_F1: NB_tfidf_001 0.8306411395499883
2017-08-23 05:44:14 [INFO] EXE_TIME: NB_tfidf_001 0.6235630017381482 0.09111012075481995 0.7146731224929681

2017-08-23 05:44:14 [INFO] START EXP 8/10: LR_tfidf_001
2017-08-23 05:44:14 [INFO] Feature meta: [11851]
2017-08-23 05:44:14 [INFO] FINISH EXP 8/10: LR_tfidf_001
2017-08-23 05:44:14 [INFO] MACRO_F1: LR_tfidf_001 0.8464604036365736
2017-08-23 05:44:14 [INFO] EXE_TIME: LR_tfidf_001 0.6235630017381482 0.18633658058934088 0.809899582327489

2017-08-23 05:44:14 [INFO] START EXP 9/10: SVM_tfidf_001
2017-08-23 05:44:14 [INFO] Feature meta: [11851]
2017-08-23 05:44:14 [INFO] FINISH EXP 9/10: SVM_tfidf_001
2017-08-23 05:44:14 [INFO] MACRO_F1: SVM_tfidf_001 0.8549292818018641
2017-08-23 05:44:14 [INFO] EXE_TIME: SVM_tfidf_001 0.6235630017381482 0.16209525922295143 0.7856582609610996

2017-08-23 05:44:14 [INFO] START EXP 10/10: NN_tfidf_001
2017-08-23 05:45:29 [INFO] Feature meta: [11851]
2017-08-23 05:45:29 [INFO] FINISH EXP 10/10: NN_tfidf_001
2017-08-23 05:45:29 [INFO] MACRO_F1: NN_tfidf_001 0.85188821133061
2017-08-23 05:45:29 [INFO] EXE_TIME: NN_tfidf_001 0.6235630017381482 74.86304922514682 75.48661222688497

