2017-08-23 17:55:15 [INFO] Load data: exp\main\exp01\B4\data\data.B4.train
2017-08-23 17:55:15 [INFO] Load data: exp\main\exp01\B4\data\data.B4.test
2017-08-23 17:55:23 [INFO]  1952, 1301
2017-08-23 17:55:23 [INFO]  1952, 1301
2017-08-23 17:55:23 [INFO] [0, 1, 2, 3]
2017-08-23 17:55:23 [INFO] [0, 1, 2, 3]

2017-08-23 17:55:23 [INFO] START EXP 1/5: kNN_word2vec_200
2017-08-23 17:55:23 [INFO] Init Feature
2017-08-23 17:56:07 [INFO] Feature meta: [200, 7324]
2017-08-23 17:56:07 [INFO] FINISH EXP 1/5: kNN_word2vec_200
2017-08-23 17:56:07 [INFO] MACRO_F1: kNN_word2vec_200 0.7962509591007099
2017-08-23 17:56:07 [INFO] EXE_TIME: kNN_word2vec_200 36.762294839299784 0.019006686485113278 36.7813015257849

2017-08-23 17:56:07 [INFO] START EXP 2/5: NB_word2vec_200
2017-08-23 17:56:07 [INFO] Feature meta: [200, 7324]
2017-08-23 17:56:07 [INFO] FINISH EXP 2/5: NB_word2vec_200
2017-08-23 17:56:07 [INFO] MACRO_F1: NB_word2vec_200 0.7756363478821278
2017-08-23 17:56:07 [INFO] EXE_TIME: NB_word2vec_200 36.762294839299784 0.008823207815453316 36.77111804711524

2017-08-23 17:56:07 [INFO] START EXP 3/5: LR_word2vec_200
2017-08-23 17:56:07 [INFO] Feature meta: [200, 7324]
2017-08-23 17:56:07 [INFO] FINISH EXP 3/5: LR_word2vec_200
2017-08-23 17:56:07 [INFO] MACRO_F1: LR_word2vec_200 0.8070434057525462
2017-08-23 17:56:07 [INFO] EXE_TIME: LR_word2vec_200 36.762294839299784 0.17581362631392494 36.93810846561371

2017-08-23 17:56:07 [INFO] START EXP 4/5: SVM_word2vec_200
2017-08-23 17:56:07 [INFO] Feature meta: [200, 7324]
2017-08-23 17:56:07 [INFO] FINISH EXP 4/5: SVM_word2vec_200
2017-08-23 17:56:07 [INFO] MACRO_F1: SVM_word2vec_200 0.8041544706077731
2017-08-23 17:56:07 [INFO] EXE_TIME: SVM_word2vec_200 36.762294839299784 0.13626669203529218 36.898561531335076

2017-08-23 17:56:07 [INFO] START EXP 5/5: NN_word2vec_200
2017-08-23 17:56:12 [INFO] Feature meta: [200, 7324]
2017-08-23 17:56:12 [INFO] FINISH EXP 5/5: NN_word2vec_200
2017-08-23 17:56:12 [INFO] MACRO_F1: NN_word2vec_200 0.7773326913572085
2017-08-23 17:56:12 [INFO] EXE_TIME: NN_word2vec_200 36.762294839299784 4.383932698566582 41.146227537866366

