2017-08-23 01:58:09 [INFO] Load data: exp\main\exp01\A3\data\data.A3.train
2017-08-23 01:58:09 [INFO] Load data: exp\main\exp01\A3\data\data.A3.test
2017-08-23 01:58:20 [INFO]  7500, 7500
2017-08-23 01:58:20 [INFO]  7500, 7500
2017-08-23 01:58:20 [INFO] [1, 2, 3, 4, 5]
2017-08-23 01:58:20 [INFO] [0, 1, 2, 3, 4]

2017-08-23 01:58:20 [INFO] START EXP 1/15: kNN_copeopi_00ACT5
2017-08-23 01:58:20 [INFO] Init Feature
2017-08-23 01:58:21 [INFO] 5779-0=5779
2017-08-23 01:58:22 [INFO] Feature meta: [5, 5779]
2017-08-23 01:58:22 [INFO] FINISH EXP 1/15: kNN_copeopi_00ACT5
2017-08-23 01:58:22 [INFO] MACRO_F1: kNN_copeopi_00ACT5 0.4996705791618082
2017-08-23 01:58:22 [INFO] EXE_TIME: kNN_copeopi_00ACT5 1.136066164584875 0.006819907007368897 1.142886071592244

2017-08-23 01:58:22 [INFO] START EXP 2/15: NB_copeopi_00ACT5
2017-08-23 01:58:22 [INFO] Feature meta: [5, 5779]
2017-08-23 01:58:22 [INFO] FINISH EXP 2/15: NB_copeopi_00ACT5
2017-08-23 01:58:22 [INFO] MACRO_F1: NB_copeopi_00ACT5 0.49524398211562826
2017-08-23 01:58:22 [INFO] EXE_TIME: NB_copeopi_00ACT5 1.136066164584875 0.0029692273258916657 1.1390353919107667

2017-08-23 01:58:22 [INFO] START EXP 3/15: LR_copeopi_00ACT5
2017-08-23 01:58:22 [INFO] Feature meta: [5, 5779]
2017-08-23 01:58:22 [INFO] FINISH EXP 3/15: LR_copeopi_00ACT5
2017-08-23 01:58:22 [INFO] MACRO_F1: LR_copeopi_00ACT5 0.4912454129003773
2017-08-23 01:58:22 [INFO] EXE_TIME: LR_copeopi_00ACT5 1.136066164584875 0.039159695245650994 1.175225859830526

2017-08-23 01:58:22 [INFO] START EXP 4/15: SVM_copeopi_00ACT5
2017-08-23 01:58:22 [INFO] Feature meta: [5, 5779]
2017-08-23 01:58:22 [INFO] FINISH EXP 4/15: SVM_copeopi_00ACT5
2017-08-23 01:58:22 [INFO] MACRO_F1: SVM_copeopi_00ACT5 0.4852657296167931
2017-08-23 01:58:22 [INFO] EXE_TIME: SVM_copeopi_00ACT5 1.136066164584875 0.09342408121519696 1.229490245800072

2017-08-23 01:58:22 [INFO] START EXP 5/15: NN_copeopi_00ACT5
2017-08-23 01:58:24 [INFO] Feature meta: [5, 5779]
2017-08-23 01:58:24 [INFO] FINISH EXP 5/15: NN_copeopi_00ACT5
2017-08-23 01:58:24 [INFO] MACRO_F1: NN_copeopi_00ACT5 0.4881620288581484
2017-08-23 01:58:24 [INFO] EXE_TIME: NN_copeopi_00ACT5 1.136066164584875 1.9118630539620156 3.0479292185468907

2017-08-23 01:58:24 [INFO] START EXP 6/15: kNN_copeopi_00BCT5
2017-08-23 01:58:24 [INFO] Init Feature
2017-08-23 01:58:25 [INFO] 5779-0=5779
2017-08-23 01:58:26 [INFO] Feature meta: [10, 5779]
2017-08-23 01:58:26 [INFO] FINISH EXP 6/15: kNN_copeopi_00BCT5
2017-08-23 01:58:26 [INFO] MACRO_F1: kNN_copeopi_00BCT5 0.4994154647710466
2017-08-23 01:58:26 [INFO] EXE_TIME: kNN_copeopi_00BCT5 1.251845503862718 0.008773865431081163 1.2606193692937993

2017-08-23 01:58:26 [INFO] START EXP 7/15: NB_copeopi_00BCT5
2017-08-23 01:58:26 [INFO] Feature meta: [10, 5779]
2017-08-23 01:58:26 [INFO] FINISH EXP 7/15: NB_copeopi_00BCT5
2017-08-23 01:58:26 [INFO] MACRO_F1: NB_copeopi_00BCT5 0.48363896072424656
2017-08-23 01:58:26 [INFO] EXE_TIME: NB_copeopi_00BCT5 1.251845503862718 0.0031492283443199653 1.254994732207038

2017-08-23 01:58:26 [INFO] START EXP 8/15: LR_copeopi_00BCT5
2017-08-23 01:58:27 [INFO] Feature meta: [10, 5779]
2017-08-23 01:58:27 [INFO] FINISH EXP 8/15: LR_copeopi_00BCT5
2017-08-23 01:58:27 [INFO] MACRO_F1: LR_copeopi_00BCT5 0.4921304062465329
2017-08-23 01:58:27 [INFO] EXE_TIME: LR_copeopi_00BCT5 1.251845503862718 0.06420075797797153 1.3160462618406896

2017-08-23 01:58:27 [INFO] START EXP 9/15: SVM_copeopi_00BCT5
2017-08-23 01:58:27 [INFO] Feature meta: [10, 5779]
2017-08-23 01:58:27 [INFO] FINISH EXP 9/15: SVM_copeopi_00BCT5
2017-08-23 01:58:27 [INFO] MACRO_F1: SVM_copeopi_00BCT5 0.49328070720239514
2017-08-23 01:58:27 [INFO] EXE_TIME: SVM_copeopi_00BCT5 1.251845503862718 0.12838533165385257 1.3802308355165707

2017-08-23 01:58:27 [INFO] START EXP 10/15: NN_copeopi_00BCT5
2017-08-23 01:58:30 [INFO] Feature meta: [10, 5779]
2017-08-23 01:58:30 [INFO] FINISH EXP 10/15: NN_copeopi_00BCT5
2017-08-23 01:58:30 [INFO] MACRO_F1: NN_copeopi_00BCT5 0.4961402658036243
2017-08-23 01:58:30 [INFO] EXE_TIME: NN_copeopi_00BCT5 1.251845503862718 3.5210496585704405 4.772895162433159

2017-08-23 01:58:30 [INFO] START EXP 11/15: kNN_copeopi_00CCT5
2017-08-23 01:58:30 [INFO] Init Feature
2017-08-23 01:58:30 [INFO] 5779-0=5779
2017-08-23 01:58:33 [INFO] Feature meta: [15, 5779]
2017-08-23 01:58:33 [INFO] FINISH EXP 11/15: kNN_copeopi_00CCT5
2017-08-23 01:58:33 [INFO] MACRO_F1: kNN_copeopi_00CCT5 0.4986821096374346
2017-08-23 01:58:33 [INFO] EXE_TIME: kNN_copeopi_00CCT5 1.4461794981208413 0.01016689962851558 1.456346397749357

2017-08-23 01:58:33 [INFO] START EXP 12/15: NB_copeopi_00CCT5
2017-08-23 01:58:33 [INFO] Feature meta: [15, 5779]
2017-08-23 01:58:33 [INFO] FINISH EXP 12/15: NB_copeopi_00CCT5
2017-08-23 01:58:33 [INFO] MACRO_F1: NB_copeopi_00CCT5 0.48857123304132044
2017-08-23 01:58:33 [INFO] EXE_TIME: NB_copeopi_00CCT5 1.4461794981208413 0.003815942642830805 1.4499954407636721

2017-08-23 01:58:33 [INFO] START EXP 13/15: LR_copeopi_00CCT5
2017-08-23 01:58:33 [INFO] Feature meta: [15, 5779]
2017-08-23 01:58:33 [INFO] FINISH EXP 13/15: LR_copeopi_00CCT5
2017-08-23 01:58:33 [INFO] MACRO_F1: LR_copeopi_00CCT5 0.49086245611781426
2017-08-23 01:58:33 [INFO] EXE_TIME: LR_copeopi_00CCT5 1.4461794981208413 0.11971054573071882 1.5658900438515602

2017-08-23 01:58:33 [INFO] START EXP 14/15: SVM_copeopi_00CCT5
2017-08-23 01:58:33 [INFO] Feature meta: [15, 5779]
2017-08-23 01:58:33 [INFO] FINISH EXP 14/15: SVM_copeopi_00CCT5
2017-08-23 01:58:33 [INFO] MACRO_F1: SVM_copeopi_00CCT5 0.4915666728883504
2017-08-23 01:58:33 [INFO] EXE_TIME: SVM_copeopi_00CCT5 1.4461794981208413 0.1721417634336646 1.618321261554506

2017-08-23 01:58:33 [INFO] START EXP 15/15: NN_copeopi_00CCT5
2017-08-23 01:58:36 [INFO] Feature meta: [15, 5779]
2017-08-23 01:58:36 [INFO] FINISH EXP 15/15: NN_copeopi_00CCT5
2017-08-23 01:58:36 [INFO] MACRO_F1: NN_copeopi_00CCT5 0.4925408453930523
2017-08-23 01:58:36 [INFO] EXE_TIME: NN_copeopi_00CCT5 1.4461794981208413 3.0343000624871905 4.480479560608032

