2017-08-23 19:38:04 [INFO] Load data: exp\main\exp01\A3\data\data.A3.train
2017-08-23 19:38:04 [INFO] Load data: exp\main\exp01\A3\data\data.A3.test
2017-08-23 19:38:15 [INFO]  7500, 7500
2017-08-23 19:38:15 [INFO]  7500, 7500
2017-08-23 19:38:15 [INFO] [1, 2, 3, 4, 5]
2017-08-23 19:38:15 [INFO] [0, 1, 2, 3, 4]

2017-08-23 19:38:15 [INFO] START EXP 1/5: kNN_glove_200
2017-08-23 19:38:15 [INFO] Init Feature
2017-08-23 19:44:11 [INFO] Feature meta: [200, 5780]
2017-08-23 19:44:11 [INFO] FINISH EXP 1/5: kNN_glove_200
2017-08-23 19:44:11 [INFO] MACRO_F1: kNN_glove_200 0.4477983291956484
2017-08-23 19:44:11 [INFO] EXE_TIME: kNN_glove_200 330.80758127973616 0.10573165085020264 330.91331293058636

2017-08-23 19:44:11 [INFO] START EXP 2/5: NB_glove_200
2017-08-23 19:44:11 [INFO] Feature meta: [200, 5780]
2017-08-23 19:44:11 [INFO] FINISH EXP 2/5: NB_glove_200
2017-08-23 19:44:11 [INFO] MACRO_F1: NB_glove_200 0.4146629332335007
2017-08-23 19:44:11 [INFO] EXE_TIME: NB_glove_200 330.80758127973616 0.03597888777517255 330.8435601675113

2017-08-23 19:44:11 [INFO] START EXP 3/5: LR_glove_200
2017-08-23 19:44:12 [INFO] Feature meta: [200, 5780]
2017-08-23 19:44:12 [INFO] FINISH EXP 3/5: LR_glove_200
2017-08-23 19:44:12 [INFO] MACRO_F1: LR_glove_200 0.5003380944696886
2017-08-23 19:44:12 [INFO] EXE_TIME: LR_glove_200 330.80758127973616 1.1555118009221133 331.96309308065827

2017-08-23 19:44:12 [INFO] START EXP 4/5: SVM_glove_200
2017-08-23 19:44:13 [INFO] Feature meta: [200, 5780]
2017-08-23 19:44:13 [INFO] FINISH EXP 4/5: SVM_glove_200
2017-08-23 19:44:13 [INFO] MACRO_F1: SVM_glove_200 0.4963648612422927
2017-08-23 19:44:13 [INFO] EXE_TIME: SVM_glove_200 330.80758127973616 1.5035070593162345 332.3110883390524

2017-08-23 19:44:13 [INFO] START EXP 5/5: NN_glove_200
2017-08-23 19:44:26 [INFO] Feature meta: [200, 5780]
2017-08-23 19:44:26 [INFO] FINISH EXP 5/5: NN_glove_200
2017-08-23 19:44:26 [INFO] MACRO_F1: NN_glove_200 0.507133174457288
2017-08-23 19:44:26 [INFO] EXE_TIME: NN_glove_200 330.80758127973616 12.519793993571284 343.32737527330744

