2017-08-24 07:48:16 [INFO] Load data: exp\main\exp01\A3\data\data.A3.train
2017-08-24 07:48:17 [INFO] Load data: exp\main\exp01\A3\data\data.A3.test
2017-08-24 07:48:28 [INFO]  7500, 7500
2017-08-24 07:48:28 [INFO]  7500, 7500
2017-08-24 07:48:28 [INFO] [1, 2, 3, 4, 5]
2017-08-24 07:48:28 [INFO] [0, 1, 2, 3, 4]

2017-08-24 07:48:28 [INFO] START EXP 1/10: kNN_lsi_n200
2017-08-24 07:48:28 [INFO] Init Feature
2017-08-24 07:48:57 [INFO] Feature meta: [200]
2017-08-24 07:48:57 [INFO] FINISH EXP 1/10: kNN_lsi_n200
2017-08-24 07:48:57 [INFO] MACRO_F1: kNN_lsi_n200 0.4029873677726529
2017-08-24 07:48:57 [INFO] EXE_TIME: kNN_lsi_n200 7.267740462215755 0.12503636533730855 7.392776827553064

2017-08-24 07:48:57 [INFO] START EXP 2/10: NB_lsi_n200
2017-08-24 07:48:57 [INFO] Feature meta: [200]
2017-08-24 07:48:57 [INFO] FINISH EXP 2/10: NB_lsi_n200
2017-08-24 07:48:57 [INFO] MACRO_F1: NB_lsi_n200 0.4221306431296206
2017-08-24 07:48:57 [INFO] EXE_TIME: NB_lsi_n200 7.267740462215755 0.03563664899681385 7.303377111212569

2017-08-24 07:48:57 [INFO] START EXP 3/10: LR_lsi_n200
2017-08-24 07:48:58 [INFO] Feature meta: [200]
2017-08-24 07:48:58 [INFO] FINISH EXP 3/10: LR_lsi_n200
2017-08-24 07:48:58 [INFO] MACRO_F1: LR_lsi_n200 0.49020545636453183
2017-08-24 07:48:58 [INFO] EXE_TIME: LR_lsi_n200 7.267740462215755 1.0235098698584864 8.291250332074242

2017-08-24 07:48:58 [INFO] START EXP 4/10: SVM_lsi_n200
2017-08-24 07:49:00 [INFO] Feature meta: [200]
2017-08-24 07:49:00 [INFO] FINISH EXP 4/10: SVM_lsi_n200
2017-08-24 07:49:00 [INFO] MACRO_F1: SVM_lsi_n200 0.4805914184711799
2017-08-24 07:49:00 [INFO] EXE_TIME: SVM_lsi_n200 7.267740462215755 1.392681300696836 8.660421762912591

2017-08-24 07:49:00 [INFO] START EXP 5/10: NN_lsi_n200
2017-08-24 07:49:17 [INFO] Feature meta: [200]
2017-08-24 07:49:17 [INFO] FINISH EXP 5/10: NN_lsi_n200
2017-08-24 07:49:17 [INFO] MACRO_F1: NN_lsi_n200 0.4536375071516673
2017-08-24 07:49:17 [INFO] EXE_TIME: NN_lsi_n200 7.267740462215755 17.13935631477915 24.407096776994905

2017-08-24 07:49:17 [INFO] START EXP 6/10: kNN_lsi_t200
2017-08-24 07:49:17 [INFO] Init Feature
2017-08-24 07:49:45 [INFO] Feature meta: [200]
2017-08-24 07:49:45 [INFO] FINISH EXP 6/10: kNN_lsi_t200
2017-08-24 07:49:45 [INFO] MACRO_F1: kNN_lsi_t200 0.4125360922899103
2017-08-24 07:49:45 [INFO] EXE_TIME: kNN_lsi_t200 5.636765444857133 0.11304142905015624 5.749806873907289

2017-08-24 07:49:45 [INFO] START EXP 7/10: NB_lsi_t200
2017-08-24 07:49:45 [INFO] Feature meta: [200]
2017-08-24 07:49:45 [INFO] FINISH EXP 7/10: NB_lsi_t200
2017-08-24 07:49:45 [INFO] MACRO_F1: NB_lsi_t200 0.4426504123699707
2017-08-24 07:49:45 [INFO] EXE_TIME: NB_lsi_t200 5.636765444857133 0.03678533970656872 5.673550784563702

2017-08-24 07:49:45 [INFO] START EXP 8/10: LR_lsi_t200
2017-08-24 07:49:46 [INFO] Feature meta: [200]
2017-08-24 07:49:46 [INFO] FINISH EXP 8/10: LR_lsi_t200
2017-08-24 07:49:46 [INFO] MACRO_F1: LR_lsi_t200 0.5172425383869956
2017-08-24 07:49:46 [INFO] EXE_TIME: LR_lsi_t200 5.636765444857133 0.8758399554102425 6.512605400267375

2017-08-24 07:49:46 [INFO] START EXP 9/10: SVM_lsi_t200
2017-08-24 07:49:47 [INFO] Feature meta: [200]
2017-08-24 07:49:47 [INFO] FINISH EXP 9/10: SVM_lsi_t200
2017-08-24 07:49:47 [INFO] MACRO_F1: SVM_lsi_t200 0.5121990492043743
2017-08-24 07:49:47 [INFO] EXE_TIME: SVM_lsi_t200 5.636765444857133 1.3449360305590972 6.98170147541623

2017-08-24 07:49:47 [INFO] START EXP 10/10: NN_lsi_t200
2017-08-24 07:50:04 [INFO] Feature meta: [200]
2017-08-24 07:50:04 [INFO] FINISH EXP 10/10: NN_lsi_t200
2017-08-24 07:50:04 [INFO] MACRO_F1: NN_lsi_t200 0.4867502610889586
2017-08-24 07:50:04 [INFO] EXE_TIME: NN_lsi_t200 5.636765444857133 16.971169836881927 22.60793528173906

