2017-08-23 03:09:14 [INFO] Load data: exp\main\exp01\A3\data\data.A3.train
2017-08-23 03:09:14 [INFO] Load data: exp\main\exp01\A3\data\data.A3.test
2017-08-23 03:09:25 [INFO]  7500, 7500
2017-08-23 03:09:25 [INFO]  7500, 7500
2017-08-23 03:09:25 [INFO] [1, 2, 3, 4, 5]
2017-08-23 03:09:25 [INFO] [0, 1, 2, 3, 4]

2017-08-23 03:09:25 [INFO] START EXP 1/10: kNN_ngram_001
2017-08-23 03:09:25 [INFO] Init Feature
2017-08-23 03:14:35 [INFO] Feature meta: [3942]
2017-08-23 03:14:35 [INFO] FINISH EXP 1/10: kNN_ngram_001
2017-08-23 03:14:35 [INFO] MACRO_F1: kNN_ngram_001 0.31936367001631955
2017-08-23 03:14:35 [INFO] EXE_TIME: kNN_ngram_001 0.37104288879527303 2.7722363429161305 3.1432792317114036

2017-08-23 03:14:35 [INFO] START EXP 2/10: NB_ngram_001
2017-08-23 03:14:36 [INFO] Feature meta: [3942]
2017-08-23 03:14:36 [INFO] FINISH EXP 2/10: NB_ngram_001
2017-08-23 03:14:36 [INFO] MACRO_F1: NB_ngram_001 0.5008242658546045
2017-08-23 03:14:36 [INFO] EXE_TIME: NB_ngram_001 0.37104288879527303 0.2403029385559421 0.6113458273512151

2017-08-23 03:14:36 [INFO] START EXP 3/10: LR_ngram_001
2017-08-23 03:14:39 [INFO] Feature meta: [3942]
2017-08-23 03:14:39 [INFO] FINISH EXP 3/10: LR_ngram_001
2017-08-23 03:14:39 [INFO] MACRO_F1: LR_ngram_001 0.48204771517309836
2017-08-23 03:14:39 [INFO] EXE_TIME: LR_ngram_001 0.37104288879527303 2.442559740798515 2.813602629593788

2017-08-23 03:14:39 [INFO] START EXP 4/10: SVM_ngram_001
2017-08-23 03:14:42 [INFO] Feature meta: [3942]
2017-08-23 03:14:42 [INFO] FINISH EXP 4/10: SVM_ngram_001
2017-08-23 03:14:42 [INFO] MACRO_F1: SVM_ngram_001 0.4467507784770893
2017-08-23 03:14:42 [INFO] EXE_TIME: SVM_ngram_001 0.37104288879527303 3.4235948966552314 3.7946377854505045

2017-08-23 03:14:42 [INFO] START EXP 5/10: NN_ngram_001
2017-08-23 03:16:58 [INFO] Feature meta: [3942]
2017-08-23 03:16:58 [INFO] FINISH EXP 5/10: NN_ngram_001
2017-08-23 03:16:58 [INFO] MACRO_F1: NN_ngram_001 0.48193856139132407
2017-08-23 03:16:58 [INFO] EXE_TIME: NN_ngram_001 0.37104288879527303 135.09927095640137 135.47031384519664

2017-08-23 03:16:58 [INFO] START EXP 6/10: kNN_tfidf_001
2017-08-23 03:16:58 [INFO] Init Feature
2017-08-23 03:22:09 [INFO] Feature meta: [3942]
2017-08-23 03:22:09 [INFO] FINISH EXP 6/10: kNN_tfidf_001
2017-08-23 03:22:09 [INFO] MACRO_F1: kNN_tfidf_001 0.4183614102054939
2017-08-23 03:22:09 [INFO] EXE_TIME: kNN_tfidf_001 0.7472809385631081 2.7773229506428834 3.5246038892059914

2017-08-23 03:22:09 [INFO] START EXP 7/10: NB_tfidf_001
2017-08-23 03:22:10 [INFO] Feature meta: [3942]
2017-08-23 03:22:10 [INFO] FINISH EXP 7/10: NB_tfidf_001
2017-08-23 03:22:10 [INFO] MACRO_F1: NB_tfidf_001 0.5067510501761885
2017-08-23 03:22:10 [INFO] EXE_TIME: NB_tfidf_001 0.7472809385631081 0.110247071134836 0.8575280096979441

2017-08-23 03:22:10 [INFO] START EXP 8/10: LR_tfidf_001
2017-08-23 03:22:10 [INFO] Feature meta: [3942]
2017-08-23 03:22:10 [INFO] FINISH EXP 8/10: LR_tfidf_001
2017-08-23 03:22:10 [INFO] MACRO_F1: LR_tfidf_001 0.525451109990882
2017-08-23 03:22:10 [INFO] EXE_TIME: LR_tfidf_001 0.7472809385631081 0.48287523205726757 1.2301561706203756

2017-08-23 03:22:10 [INFO] START EXP 9/10: SVM_tfidf_001
2017-08-23 03:22:11 [INFO] Feature meta: [3942]
2017-08-23 03:22:11 [INFO] FINISH EXP 9/10: SVM_tfidf_001
2017-08-23 03:22:11 [INFO] MACRO_F1: SVM_tfidf_001 0.4923611820623529
2017-08-23 03:22:11 [INFO] EXE_TIME: SVM_tfidf_001 0.7472809385631081 0.43075151609400564 1.1780324546571137

2017-08-23 03:22:11 [INFO] START EXP 10/10: NN_tfidf_001
2017-08-23 03:25:14 [INFO] Feature meta: [3942]
2017-08-23 03:25:14 [INFO] FINISH EXP 10/10: NN_tfidf_001
2017-08-23 03:25:14 [INFO] MACRO_F1: NN_tfidf_001 0.46139451053819
2017-08-23 03:25:14 [INFO] EXE_TIME: NN_tfidf_001 0.7472809385631081 181.99507168264245 182.74235262120555

