2017-08-23 17:38:57 [INFO] Load data: exp\main\exp01\A3\data\data.A3.train
2017-08-23 17:38:57 [INFO] Load data: exp\main\exp01\A3\data\data.A3.test
2017-08-23 17:39:08 [INFO]  7500, 7500
2017-08-23 17:39:08 [INFO]  7500, 7500
2017-08-23 17:39:08 [INFO] [1, 2, 3, 4, 5]
2017-08-23 17:39:08 [INFO] [0, 1, 2, 3, 4]

2017-08-23 17:39:08 [INFO] START EXP 1/5: kNN_word2vec_200
2017-08-23 17:39:08 [INFO] Init Feature
2017-08-23 17:40:17 [INFO] Feature meta: [200, 5779]
2017-08-23 17:40:17 [INFO] FINISH EXP 1/5: kNN_word2vec_200
2017-08-23 17:40:17 [INFO] MACRO_F1: kNN_word2vec_200 0.431645500712766
2017-08-23 17:40:17 [INFO] EXE_TIME: kNN_word2vec_200 37.973810246557974 0.10042635767541697 38.07423660423339

2017-08-23 17:40:17 [INFO] START EXP 2/5: NB_word2vec_200
2017-08-23 17:40:17 [INFO] Feature meta: [200, 5779]
2017-08-23 17:40:17 [INFO] FINISH EXP 2/5: NB_word2vec_200
2017-08-23 17:40:17 [INFO] MACRO_F1: NB_word2vec_200 0.40368243180551905
2017-08-23 17:40:17 [INFO] EXE_TIME: NB_word2vec_200 37.973810246557974 0.03561572782581379 38.00942597438379

2017-08-23 17:40:17 [INFO] START EXP 3/5: LR_word2vec_200
2017-08-23 17:40:18 [INFO] Feature meta: [200, 5779]
2017-08-23 17:40:18 [INFO] FINISH EXP 3/5: LR_word2vec_200
2017-08-23 17:40:18 [INFO] MACRO_F1: LR_word2vec_200 0.506186997142305
2017-08-23 17:40:18 [INFO] EXE_TIME: LR_word2vec_200 37.973810246557974 1.302096577651696 39.27590682420967

2017-08-23 17:40:18 [INFO] START EXP 4/5: SVM_word2vec_200
2017-08-23 17:40:20 [INFO] Feature meta: [200, 5779]
2017-08-23 17:40:20 [INFO] FINISH EXP 4/5: SVM_word2vec_200
2017-08-23 17:40:20 [INFO] MACRO_F1: SVM_word2vec_200 0.49550125036749526
2017-08-23 17:40:20 [INFO] EXE_TIME: SVM_word2vec_200 37.973810246557974 1.412610887140545 39.38642113369852

2017-08-23 17:40:20 [INFO] START EXP 5/5: NN_word2vec_200
2017-08-23 17:40:37 [INFO] Feature meta: [200, 5779]
2017-08-23 17:40:37 [INFO] FINISH EXP 5/5: NN_word2vec_200
2017-08-23 17:40:37 [INFO] MACRO_F1: NN_word2vec_200 0.47809214285660157
2017-08-23 17:40:37 [INFO] EXE_TIME: NN_word2vec_200 37.973810246557974 17.108154164556424 55.0819644111144

