2017-08-23 01:59:14 [INFO] Load data: exp\main\exp01\B1\data\data.B1.train
2017-08-23 01:59:15 [INFO] Load data: exp\main\exp01\B1\data\data.B1.test
2017-08-23 01:59:50 [INFO] 11314, 7532
2017-08-23 01:59:50 [INFO] 11314, 7532
2017-08-23 01:59:50 [INFO] [0, 1, 2, 3, 4, 5, 6, 7, 8, 9, 10, 11, 12, 13, 14, 15, 16, 17, 18, 19]
2017-08-23 01:59:50 [INFO] [0, 1, 2, 3, 4, 5, 6, 7, 8, 9, 10, 11, 12, 13, 14, 15, 16, 17, 18, 19]

2017-08-23 01:59:50 [INFO] START EXP 1/15: kNN_copeopi_00ACT5
2017-08-23 01:59:50 [INFO] Init Feature
2017-08-23 01:59:51 [INFO] 20252-0=20252
2017-08-23 02:00:02 [INFO] Feature meta: [20, 20252]
2017-08-23 02:00:02 [INFO] FINISH EXP 1/15: kNN_copeopi_00ACT5
2017-08-23 02:00:02 [INFO] MACRO_F1: kNN_copeopi_00ACT5 0.8081514141654557
2017-08-23 02:00:02 [INFO] EXE_TIME: kNN_copeopi_00ACT5 8.11140918297301 0.02131354164240662 8.132722724615416

2017-08-23 02:00:02 [INFO] START EXP 2/15: NB_copeopi_00ACT5
2017-08-23 02:00:02 [INFO] Feature meta: [20, 20252]
2017-08-23 02:00:02 [INFO] FINISH EXP 2/15: NB_copeopi_00ACT5
2017-08-23 02:00:02 [INFO] MACRO_F1: NB_copeopi_00ACT5 0.7779179847692683
2017-08-23 02:00:02 [INFO] EXE_TIME: NB_copeopi_00ACT5 8.11140918297301 0.009170972941031863 8.120580155914041

2017-08-23 02:00:02 [INFO] START EXP 3/15: LR_copeopi_00ACT5
2017-08-23 02:00:04 [INFO] Feature meta: [20, 20252]
2017-08-23 02:00:04 [INFO] FINISH EXP 3/15: LR_copeopi_00ACT5
2017-08-23 02:00:04 [INFO] MACRO_F1: LR_copeopi_00ACT5 0.8110596331589166
2017-08-23 02:00:04 [INFO] EXE_TIME: LR_copeopi_00ACT5 8.11140918297301 1.5266348217496493 9.638044004722659

2017-08-23 02:00:04 [INFO] START EXP 4/15: SVM_copeopi_00ACT5
2017-08-23 02:00:04 [INFO] Feature meta: [20, 20252]
2017-08-23 02:00:04 [INFO] FINISH EXP 4/15: SVM_copeopi_00ACT5
2017-08-23 02:00:04 [INFO] MACRO_F1: SVM_copeopi_00ACT5 0.8095781122526484
2017-08-23 02:00:04 [INFO] EXE_TIME: SVM_copeopi_00ACT5 8.11140918297301 0.295416013537972 8.406825196510981

2017-08-23 02:00:04 [INFO] START EXP 5/15: NN_copeopi_00ACT5
2017-08-23 02:00:10 [INFO] Feature meta: [20, 20252]
2017-08-23 02:00:10 [INFO] FINISH EXP 5/15: NN_copeopi_00ACT5
2017-08-23 02:00:10 [INFO] MACRO_F1: NN_copeopi_00ACT5 0.809911357163663
2017-08-23 02:00:10 [INFO] EXE_TIME: NN_copeopi_00ACT5 8.11140918297301 5.994033124134781 14.10544230710779

2017-08-23 02:00:10 [INFO] START EXP 6/15: kNN_copeopi_00BCT5
2017-08-23 02:00:10 [INFO] Init Feature
2017-08-23 02:00:12 [INFO] 20252-0=20252
2017-08-23 02:01:37 [INFO] Feature meta: [190, 20252]
2017-08-23 02:01:37 [INFO] FINISH EXP 6/15: kNN_copeopi_00BCT5
2017-08-23 02:01:37 [INFO] MACRO_F1: kNN_copeopi_00BCT5 0.7777703043596802
2017-08-23 02:01:37 [INFO] EXE_TIME: kNN_copeopi_00BCT5 46.40821467805672 0.17073767654211736 46.57895235459884

2017-08-23 02:01:37 [INFO] START EXP 7/15: NB_copeopi_00BCT5
2017-08-23 02:01:37 [INFO] Feature meta: [190, 20252]
2017-08-23 02:01:37 [INFO] FINISH EXP 7/15: NB_copeopi_00BCT5
2017-08-23 02:01:37 [INFO] MACRO_F1: NB_copeopi_00BCT5 0.7519053388779164
2017-08-23 02:01:37 [INFO] EXE_TIME: NB_copeopi_00BCT5 46.40821467805672 0.05097344629712097 46.459188124353844

2017-08-23 02:01:37 [INFO] START EXP 8/15: LR_copeopi_00BCT5
2017-08-23 02:01:45 [INFO] Feature meta: [190, 20252]
2017-08-23 02:01:45 [INFO] FINISH EXP 8/15: LR_copeopi_00BCT5
2017-08-23 02:01:45 [INFO] MACRO_F1: LR_copeopi_00BCT5 0.7913039739177979
2017-08-23 02:01:45 [INFO] EXE_TIME: LR_copeopi_00BCT5 46.40821467805672 7.571817840548306 53.98003251860503

2017-08-23 02:01:45 [INFO] START EXP 9/15: SVM_copeopi_00BCT5
2017-08-23 02:01:46 [INFO] Feature meta: [190, 20252]
2017-08-23 02:01:46 [INFO] FINISH EXP 9/15: SVM_copeopi_00BCT5
2017-08-23 02:01:46 [INFO] MACRO_F1: SVM_copeopi_00BCT5 0.7914142336587475
2017-08-23 02:01:46 [INFO] EXE_TIME: SVM_copeopi_00BCT5 46.40821467805672 1.143110678126206 47.55132535618293

2017-08-23 02:01:46 [INFO] START EXP 10/15: NN_copeopi_00BCT5
2017-08-23 02:01:59 [INFO] Feature meta: [190, 20252]
2017-08-23 02:01:59 [INFO] FINISH EXP 10/15: NN_copeopi_00BCT5
2017-08-23 02:01:59 [INFO] MACRO_F1: NN_copeopi_00BCT5 0.7816188796249444
2017-08-23 02:01:59 [INFO] EXE_TIME: NN_copeopi_00BCT5 46.40821467805672 13.351706200442976 59.7599208784997

2017-08-23 02:01:59 [INFO] START EXP 11/15: kNN_copeopi_00CCT5
2017-08-23 02:01:59 [INFO] Init Feature
2017-08-23 02:02:00 [INFO] 20252-0=20252
2017-08-23 02:03:37 [INFO] Feature meta: [210, 20252]
2017-08-23 02:03:37 [INFO] FINISH EXP 11/15: kNN_copeopi_00CCT5
2017-08-23 02:03:37 [INFO] MACRO_F1: kNN_copeopi_00CCT5 0.7840649252365808
2017-08-23 02:03:37 [INFO] EXE_TIME: kNN_copeopi_00CCT5 53.1752613863473 0.1956800545055728 53.370941440852874

2017-08-23 02:03:37 [INFO] START EXP 12/15: NB_copeopi_00CCT5
2017-08-23 02:03:37 [INFO] Feature meta: [210, 20252]
2017-08-23 02:03:37 [INFO] FINISH EXP 12/15: NB_copeopi_00CCT5
2017-08-23 02:03:37 [INFO] MACRO_F1: NB_copeopi_00CCT5 0.7572966239964083
2017-08-23 02:03:37 [INFO] EXE_TIME: NB_copeopi_00CCT5 53.1752613863473 0.04740342609832737 53.22266481244563

2017-08-23 02:03:37 [INFO] START EXP 13/15: LR_copeopi_00CCT5
2017-08-23 02:03:45 [INFO] Feature meta: [210, 20252]
2017-08-23 02:03:45 [INFO] FINISH EXP 13/15: LR_copeopi_00CCT5
2017-08-23 02:03:45 [INFO] MACRO_F1: LR_copeopi_00CCT5 0.7944448869872115
2017-08-23 02:03:45 [INFO] EXE_TIME: LR_copeopi_00CCT5 53.1752613863473 8.022988024800668 61.19824941114797

2017-08-23 02:03:45 [INFO] START EXP 14/15: SVM_copeopi_00CCT5
2017-08-23 02:03:47 [INFO] Feature meta: [210, 20252]
2017-08-23 02:03:47 [INFO] FINISH EXP 14/15: SVM_copeopi_00CCT5
2017-08-23 02:03:47 [INFO] MACRO_F1: SVM_copeopi_00CCT5 0.7940994902344457
2017-08-23 02:03:47 [INFO] EXE_TIME: SVM_copeopi_00CCT5 53.1752613863473 1.2039786540897524 54.379240040437054

2017-08-23 02:03:47 [INFO] START EXP 15/15: NN_copeopi_00CCT5
2017-08-23 02:04:03 [INFO] Feature meta: [210, 20252]
2017-08-23 02:04:03 [INFO] FINISH EXP 15/15: NN_copeopi_00CCT5
2017-08-23 02:04:03 [INFO] MACRO_F1: NN_copeopi_00CCT5 0.783074461632435
2017-08-23 02:04:03 [INFO] EXE_TIME: NN_copeopi_00CCT5 53.1752613863473 16.24016675357504 69.41542813992234

