2017-08-23 19:55:31 [INFO] Load data: exp\main\exp01\B1\data\data.B1.train
2017-08-23 19:55:31 [INFO] Load data: exp\main\exp01\B1\data\data.B1.test
2017-08-23 19:56:06 [INFO] 11314, 7532
2017-08-23 19:56:06 [INFO] 11314, 7532
2017-08-23 19:56:06 [INFO] [0, 1, 2, 3, 4, 5, 6, 7, 8, 9, 10, 11, 12, 13, 14, 15, 16, 17, 18, 19]
2017-08-23 19:56:06 [INFO] [0, 1, 2, 3, 4, 5, 6, 7, 8, 9, 10, 11, 12, 13, 14, 15, 16, 17, 18, 19]

2017-08-23 19:56:06 [INFO] START EXP 1/5: kNN_glove_200
2017-08-23 19:56:06 [INFO] Init Feature
2017-08-23 20:17:40 [INFO] Feature meta: [200, 20253]
2017-08-23 20:17:40 [INFO] FINISH EXP 1/5: kNN_glove_200
2017-08-23 20:17:40 [INFO] MACRO_F1: kNN_glove_200 0.6249636225368844
2017-08-23 20:17:40 [INFO] EXE_TIME: kNN_glove_200 1250.1063458648516 0.17650876182574393 1250.2828546266774

2017-08-23 20:17:40 [INFO] START EXP 2/5: NB_glove_200
2017-08-23 20:17:41 [INFO] Feature meta: [200, 20253]
2017-08-23 20:17:41 [INFO] FINISH EXP 2/5: NB_glove_200
2017-08-23 20:17:41 [INFO] MACRO_F1: NB_glove_200 0.5678986429654658
2017-08-23 20:17:41 [INFO] EXE_TIME: NB_glove_200 1250.1063458648516 0.043422877261036774 1250.1497687421127

2017-08-23 20:17:41 [INFO] START EXP 3/5: LR_glove_200
2017-08-23 20:17:49 [INFO] Feature meta: [200, 20253]
2017-08-23 20:17:49 [INFO] FINISH EXP 3/5: LR_glove_200
2017-08-23 20:17:49 [INFO] MACRO_F1: LR_glove_200 0.6838629546526465
2017-08-23 20:17:49 [INFO] EXE_TIME: LR_glove_200 1250.1063458648516 7.8233147898072275 1257.9296606546588

2017-08-23 20:17:49 [INFO] START EXP 4/5: SVM_glove_200
2017-08-23 20:17:52 [INFO] Feature meta: [200, 20253]
2017-08-23 20:17:52 [INFO] FINISH EXP 4/5: SVM_glove_200
2017-08-23 20:17:52 [INFO] MACRO_F1: SVM_glove_200 0.7050863019575166
2017-08-23 20:17:52 [INFO] EXE_TIME: SVM_glove_200 1250.1063458648516 3.3244048617643784 1253.430750726616

2017-08-23 20:17:52 [INFO] START EXP 5/5: NN_glove_200
2017-08-23 20:18:20 [INFO] Feature meta: [200, 20253]
2017-08-23 20:18:20 [INFO] FINISH EXP 5/5: NN_glove_200
2017-08-23 20:18:20 [INFO] MACRO_F1: NN_glove_200 0.7078122676938304
2017-08-23 20:18:20 [INFO] EXE_TIME: NN_glove_200 1250.1063458648516 28.08726141476859 1278.1936072796202

