2017-08-24 07:54:49 [INFO] Load data: exp\main\exp01\B1\data\data.B1.train
2017-08-24 07:54:49 [INFO] Load data: exp\main\exp01\B1\data\data.B1.test
2017-08-24 07:55:24 [INFO] 11314, 7532
2017-08-24 07:55:24 [INFO] 11314, 7532
2017-08-24 07:55:24 [INFO] [0, 1, 2, 3, 4, 5, 6, 7, 8, 9, 10, 11, 12, 13, 14, 15, 16, 17, 18, 19]
2017-08-24 07:55:24 [INFO] [0, 1, 2, 3, 4, 5, 6, 7, 8, 9, 10, 11, 12, 13, 14, 15, 16, 17, 18, 19]

2017-08-24 07:55:24 [INFO] START EXP 1/10: kNN_lsi_n200
2017-08-24 07:55:24 [INFO] Init Feature
2017-08-24 07:56:26 [INFO] Feature meta: [200]
2017-08-24 07:56:26 [INFO] FINISH EXP 1/10: kNN_lsi_n200
2017-08-24 07:56:26 [INFO] MACRO_F1: kNN_lsi_n200 0.5541323985853907
2017-08-24 07:56:26 [INFO] EXE_TIME: kNN_lsi_n200 23.28356949914322 0.20154785086284122 23.48511735000606

2017-08-24 07:56:26 [INFO] START EXP 2/10: NB_lsi_n200
2017-08-24 07:56:27 [INFO] Feature meta: [200]
2017-08-24 07:56:27 [INFO] FINISH EXP 2/10: NB_lsi_n200
2017-08-24 07:56:27 [INFO] MACRO_F1: NB_lsi_n200 0.5866539559105247
2017-08-24 07:56:27 [INFO] EXE_TIME: NB_lsi_n200 23.28356949914322 0.04227458129039263 23.325844080433612

2017-08-24 07:56:27 [INFO] START EXP 3/10: LR_lsi_n200
2017-08-24 07:56:35 [INFO] Feature meta: [200]
2017-08-24 07:56:35 [INFO] FINISH EXP 3/10: LR_lsi_n200
2017-08-24 07:56:35 [INFO] MACRO_F1: LR_lsi_n200 0.6852021103564545
2017-08-24 07:56:35 [INFO] EXE_TIME: LR_lsi_n200 23.28356949914322 8.144385685340062 31.42795518448328

2017-08-24 07:56:35 [INFO] START EXP 4/10: SVM_lsi_n200
2017-08-24 07:56:38 [INFO] Feature meta: [200]
2017-08-24 07:56:38 [INFO] FINISH EXP 4/10: SVM_lsi_n200
2017-08-24 07:56:38 [INFO] MACRO_F1: SVM_lsi_n200 0.6976743496709922
2017-08-24 07:56:38 [INFO] EXE_TIME: SVM_lsi_n200 23.28356949914322 2.8707347949468556 26.154304294090075

2017-08-24 07:56:38 [INFO] START EXP 5/10: NN_lsi_n200
2017-08-24 07:57:06 [INFO] Feature meta: [200]
2017-08-24 07:57:06 [INFO] FINISH EXP 5/10: NN_lsi_n200
2017-08-24 07:57:06 [INFO] MACRO_F1: NN_lsi_n200 0.6974429146980075
2017-08-24 07:57:06 [INFO] EXE_TIME: NN_lsi_n200 23.28356949914322 27.59491205016029 50.87848154930351

2017-08-24 07:57:06 [INFO] START EXP 6/10: kNN_lsi_t200
2017-08-24 07:57:06 [INFO] Init Feature
2017-08-24 07:58:01 [INFO] Feature meta: [200]
2017-08-24 07:58:01 [INFO] FINISH EXP 6/10: kNN_lsi_t200
2017-08-24 07:58:01 [INFO] MACRO_F1: kNN_lsi_t200 0.6180244416081206
2017-08-24 07:58:01 [INFO] EXE_TIME: kNN_lsi_t200 16.99357601628536 0.19435728386358164 17.18793330014894

2017-08-24 07:58:01 [INFO] START EXP 7/10: NB_lsi_t200
2017-08-24 07:58:01 [INFO] Feature meta: [200]
2017-08-24 07:58:01 [INFO] FINISH EXP 7/10: NB_lsi_t200
2017-08-24 07:58:01 [INFO] MACRO_F1: NB_lsi_t200 0.6631443794053402
2017-08-24 07:58:01 [INFO] EXE_TIME: NB_lsi_t200 16.99357601628536 0.04217392282615151 17.03574993911151

2017-08-24 07:58:01 [INFO] START EXP 8/10: LR_lsi_t200
2017-08-24 07:58:09 [INFO] Feature meta: [200]
2017-08-24 07:58:09 [INFO] FINISH EXP 8/10: LR_lsi_t200
2017-08-24 07:58:09 [INFO] MACRO_F1: LR_lsi_t200 0.7557037552107775
2017-08-24 07:58:09 [INFO] EXE_TIME: LR_lsi_t200 16.99357601628536 7.1337711515999445 24.127347167885304

2017-08-24 07:58:09 [INFO] START EXP 9/10: SVM_lsi_t200
2017-08-24 07:58:11 [INFO] Feature meta: [200]
2017-08-24 07:58:11 [INFO] FINISH EXP 9/10: SVM_lsi_t200
2017-08-24 07:58:11 [INFO] MACRO_F1: SVM_lsi_t200 0.7584485399244323
2017-08-24 07:58:11 [INFO] EXE_TIME: SVM_lsi_t200 16.99357601628536 2.2947133779835838 19.288289394268944

2017-08-24 07:58:11 [INFO] START EXP 10/10: NN_lsi_t200
2017-08-24 07:58:39 [INFO] Feature meta: [200]
2017-08-24 07:58:39 [INFO] FINISH EXP 10/10: NN_lsi_t200
2017-08-24 07:58:39 [INFO] MACRO_F1: NN_lsi_t200 0.7543947228286537
2017-08-24 07:58:39 [INFO] EXE_TIME: NN_lsi_t200 16.99357601628536 28.29068190780552 45.28425792409088

