2017-08-23 04:03:02 [INFO] Load data: exp\main\exp01\B1\data\data.B1.train
2017-08-23 04:03:02 [INFO] Load data: exp\main\exp01\B1\data\data.B1.test
2017-08-23 04:03:37 [INFO] 11314, 7532
2017-08-23 04:03:37 [INFO] 11314, 7532
2017-08-23 04:03:37 [INFO] [0, 1, 2, 3, 4, 5, 6, 7, 8, 9, 10, 11, 12, 13, 14, 15, 16, 17, 18, 19]
2017-08-23 04:03:37 [INFO] [0, 1, 2, 3, 4, 5, 6, 7, 8, 9, 10, 11, 12, 13, 14, 15, 16, 17, 18, 19]

2017-08-23 04:03:37 [INFO] START EXP 1/10: kNN_ngram_001
2017-08-23 04:03:37 [INFO] Init Feature
2017-08-23 04:22:20 [INFO] Feature meta: [8647]
2017-08-23 04:22:20 [INFO] FINISH EXP 1/10: kNN_ngram_001
2017-08-23 04:22:20 [INFO] MACRO_F1: kNN_ngram_001 0.3778460658439775
2017-08-23 04:22:20 [INFO] EXE_TIME: kNN_ngram_001 1.419505794572259 12.055253996831825 13.474759791404084

2017-08-23 04:22:20 [INFO] START EXP 2/10: NB_ngram_001
2017-08-23 04:22:21 [INFO] Feature meta: [8647]
2017-08-23 04:22:21 [INFO] FINISH EXP 2/10: NB_ngram_001
2017-08-23 04:22:21 [INFO] MACRO_F1: NB_ngram_001 0.796893027235668
2017-08-23 04:22:21 [INFO] EXE_TIME: NB_ngram_001 1.419505794572259 0.8421260804500434 2.261631875022302

2017-08-23 04:22:21 [INFO] START EXP 3/10: LR_ngram_001
2017-08-23 04:22:45 [INFO] Feature meta: [8647]
2017-08-23 04:22:45 [INFO] FINISH EXP 3/10: LR_ngram_001
2017-08-23 04:22:45 [INFO] MACRO_F1: LR_ngram_001 0.7780932648538278
2017-08-23 04:22:45 [INFO] EXE_TIME: LR_ngram_001 1.419505794572259 22.667238906746434 24.086744701318693

2017-08-23 04:22:45 [INFO] START EXP 4/10: SVM_ngram_001
2017-08-23 04:22:50 [INFO] Feature meta: [8647]
2017-08-23 04:22:50 [INFO] FINISH EXP 4/10: SVM_ngram_001
2017-08-23 04:22:50 [INFO] MACRO_F1: SVM_ngram_001 0.74902651362048
2017-08-23 04:22:50 [INFO] EXE_TIME: SVM_ngram_001 1.419505794572259 4.547887573574371 5.96739336814663

2017-08-23 04:22:50 [INFO] START EXP 5/10: NN_ngram_001
2017-08-23 04:26:31 [INFO] Feature meta: [8647]
2017-08-23 04:26:31 [INFO] FINISH EXP 5/10: NN_ngram_001
2017-08-23 04:26:31 [INFO] MACRO_F1: NN_ngram_001 0.7961934046097017
2017-08-23 04:26:31 [INFO] EXE_TIME: NN_ngram_001 1.419505794572259 220.05640663493227 221.47591242950452

2017-08-23 04:26:31 [INFO] START EXP 6/10: kNN_tfidf_001
2017-08-23 04:26:31 [INFO] Init Feature
2017-08-23 04:45:19 [INFO] Feature meta: [8647]
2017-08-23 04:45:19 [INFO] FINISH EXP 6/10: kNN_tfidf_001
2017-08-23 04:45:19 [INFO] MACRO_F1: kNN_tfidf_001 0.688499787978613
2017-08-23 04:45:19 [INFO] EXE_TIME: kNN_tfidf_001 2.719356701623383 11.502441658551561 14.221798360174944

2017-08-23 04:45:19 [INFO] START EXP 7/10: NB_tfidf_001
2017-08-23 04:45:20 [INFO] Feature meta: [8647]
2017-08-23 04:45:20 [INFO] FINISH EXP 7/10: NB_tfidf_001
2017-08-23 04:45:20 [INFO] MACRO_F1: NB_tfidf_001 0.7932991657966013
2017-08-23 04:45:20 [INFO] EXE_TIME: NB_tfidf_001 2.719356701623383 0.47429044664340836 3.193647148266791

2017-08-23 04:45:20 [INFO] START EXP 8/10: LR_tfidf_001
2017-08-23 04:45:24 [INFO] Feature meta: [8647]
2017-08-23 04:45:24 [INFO] FINISH EXP 8/10: LR_tfidf_001
2017-08-23 04:45:24 [INFO] MACRO_F1: LR_tfidf_001 0.8010511583912789
2017-08-23 04:45:24 [INFO] EXE_TIME: LR_tfidf_001 2.719356701623383 4.141304746855894 6.860661448479277

2017-08-23 04:45:24 [INFO] START EXP 9/10: SVM_tfidf_001
2017-08-23 04:45:26 [INFO] Feature meta: [8647]
2017-08-23 04:45:26 [INFO] FINISH EXP 9/10: SVM_tfidf_001
2017-08-23 04:45:26 [INFO] MACRO_F1: SVM_tfidf_001 0.8121683490041678
2017-08-23 04:45:26 [INFO] EXE_TIME: SVM_tfidf_001 2.719356701623383 1.5050978577901333 4.224454559413516

2017-08-23 04:45:26 [INFO] START EXP 10/10: NN_tfidf_001
2017-08-23 04:50:03 [INFO] Feature meta: [8647]
2017-08-23 04:50:03 [INFO] FINISH EXP 10/10: NN_tfidf_001
2017-08-23 04:50:03 [INFO] MACRO_F1: NN_tfidf_001 0.8197726098086792
2017-08-23 04:50:03 [INFO] EXE_TIME: NN_tfidf_001 2.719356701623383 275.8627954079211 278.5821521095445

