2017-08-23 17:44:27 [INFO] Load data: exp\main\exp01\B1\data\data.B1.train
2017-08-23 17:44:28 [INFO] Load data: exp\main\exp01\B1\data\data.B1.test
2017-08-23 17:45:02 [INFO] 11314, 7532
2017-08-23 17:45:02 [INFO] 11314, 7532
2017-08-23 17:45:02 [INFO] [0, 1, 2, 3, 4, 5, 6, 7, 8, 9, 10, 11, 12, 13, 14, 15, 16, 17, 18, 19]
2017-08-23 17:45:02 [INFO] [0, 1, 2, 3, 4, 5, 6, 7, 8, 9, 10, 11, 12, 13, 14, 15, 16, 17, 18, 19]

2017-08-23 17:45:02 [INFO] START EXP 1/5: kNN_word2vec_200
2017-08-23 17:45:02 [INFO] Init Feature
2017-08-23 17:48:48 [INFO] Feature meta: [200, 20252]
2017-08-23 17:48:48 [INFO] FINISH EXP 1/5: kNN_word2vec_200
2017-08-23 17:48:48 [INFO] MACRO_F1: kNN_word2vec_200 0.6581259557378948
2017-08-23 17:48:48 [INFO] EXE_TIME: kNN_word2vec_200 164.95668528124568 0.17953088418789775 165.13621616543358

2017-08-23 17:48:48 [INFO] START EXP 2/5: NB_word2vec_200
2017-08-23 17:48:49 [INFO] Feature meta: [200, 20252]
2017-08-23 17:48:49 [INFO] FINISH EXP 2/5: NB_word2vec_200
2017-08-23 17:48:49 [INFO] MACRO_F1: NB_word2vec_200 0.6090013290191729
2017-08-23 17:48:49 [INFO] EXE_TIME: NB_word2vec_200 164.95668528124568 0.053838857246148564 165.01052413849183

2017-08-23 17:48:49 [INFO] START EXP 3/5: LR_word2vec_200
2017-08-23 17:48:57 [INFO] Feature meta: [200, 20252]
2017-08-23 17:48:57 [INFO] FINISH EXP 3/5: LR_word2vec_200
2017-08-23 17:48:57 [INFO] MACRO_F1: LR_word2vec_200 0.7303233640760503
2017-08-23 17:48:57 [INFO] EXE_TIME: LR_word2vec_200 164.95668528124568 8.498961638861886 173.45564692010757

2017-08-23 17:48:57 [INFO] START EXP 4/5: SVM_word2vec_200
2017-08-23 17:49:00 [INFO] Feature meta: [200, 20252]
2017-08-23 17:49:00 [INFO] FINISH EXP 4/5: SVM_word2vec_200
2017-08-23 17:49:00 [INFO] MACRO_F1: SVM_word2vec_200 0.7349511508709667
2017-08-23 17:49:00 [INFO] EXE_TIME: SVM_word2vec_200 164.95668528124568 2.493404107417973 167.45008938866366

2017-08-23 17:49:00 [INFO] START EXP 5/5: NN_word2vec_200
2017-08-23 17:49:28 [INFO] Feature meta: [200, 20252]
2017-08-23 17:49:28 [INFO] FINISH EXP 5/5: NN_word2vec_200
2017-08-23 17:49:28 [INFO] MACRO_F1: NN_word2vec_200 0.7230925421456973
2017-08-23 17:49:28 [INFO] EXE_TIME: NN_word2vec_200 164.95668528124568 27.577453135590133 192.53413841683582

