This is XeTeX, Version 3.14159265-2.6-0.99996 (MiKTeX 2.9) (preloaded format=xelatex 2016.10.31)  10 SEP 2017 11:46
entering extended mode
**./abstract_zh.tex
(abstract_zh.tex
LaTeX2e <2016/03/31> patch level 3
Babel <3.9r> and hyphenation patterns for 75 language(s) loaded.

! LaTeX Error: Environment abstractzh undefined.

See the LaTeX manual or LaTeX Companion for explanation.
Type  H <return>  for immediate help.
 ...                                              
                                                  
l.1 \begin{abstractzh}
                      
Your command was ignored.
Type  I <command> <return>  to replace it with another command,
or  <return>  to continue without it.


! LaTeX Error: Missing \begin{document}.

See the LaTeX manual or LaTeX Companion for explanation.
Type  H <return>  for immediate help.
 ...                                              
                                                  
l.2 \par åœ¨
            é€™è³‡è¨Šçˆ†ç‚¸çš„æ™‚ä»£ï¼Œæ¯å¤©æœ‰å¤§é‡çš„æ•¸ä½æœ¬æ–‡è¢«ç”¢å...

You're in trouble here.  Try typing  <return>  to proceed.
If that doesn't work, type  X <return>  to quit.

Missing character: There is no åœ¨ in font nullfont!
Missing character: There is no é€™ in font nullfont!
Missing character: There is no è³‡ in font nullfont!
Missing character: There is no è¨Š in font nullfont!
Missing character: There is no çˆ† in font nullfont!
Missing character: There is no ç‚¸ in font nullfont!
Missing character: There is no çš„ in font nullfont!
Missing character: There is no æ™‚ in font nullfont!
Missing character: There is no ä»£ in font nullfont!
Missing character: There is no ï¼Œ in font nullfont!
Missing character: There is no æ¯ in font nullfont!
Missing character: There is no å¤© in font nullfont!
Missing character: There is no æœ‰ in font nullfont!
Missing character: There is no å¤§ in font nullfont!
Missing character: There is no é‡ in font nullfont!
Missing character: There is no çš„ in font nullfont!
Missing character: There is no æ•¸ in font nullfont!
Missing character: There is no ä½ in font nullfont!
Missing character: There is no æœ¬ in font nullfont!
Missing character: There is no æ–‡ in font nullfont!
Missing character: There is no è¢« in font nullfont!
Missing character: There is no ç”¢ in font nullfont!
Missing character: There is no å‡º in font nullfont!
Missing character: There is no ã€‚ in font nullfont!
Missing character: There is no ç‚º in font nullfont!
Missing character: There is no äº† in font nullfont!
Missing character: There is no å¾ in font nullfont!
Missing character: There is no é€™ in font nullfont!
Missing character: There is no äº› in font nullfont!
Missing character: There is no è³‡ in font nullfont!
Missing character: There is no æ–™ in font nullfont!
Missing character: There is no ä¸­ in font nullfont!
Missing character: There is no ç² in font nullfont!
Missing character: There is no å– in font nullfont!
Missing character: There is no æœ‰ in font nullfont!
Missing character: There is no ç”¨ in font nullfont!
Missing character: There is no çš„ in font nullfont!
Missing character: There is no è¨Š in font nullfont!
Missing character: There is no æ¯ in font nullfont!
Missing character: There is no ï¼Œ in font nullfont!
Missing character: There is no æ–‡ in font nullfont!
Missing character: There is no å­— in font nullfont!
Missing character: There is no æ¢ in font nullfont!
Missing character: There is no å‹˜ in font nullfont!
Missing character: There is no æˆ in font nullfont!
Missing character: There is no äº† in font nullfont!
Missing character: There is no ç•¶ in font nullfont!
Missing character: There is no å‰ in font nullfont!
Missing character: There is no çš„ in font nullfont!
Missing character: There is no ç†± in font nullfont!
Missing character: There is no é–€ in font nullfont!
Missing character: There is no è­° in font nullfont!
Missing character: There is no é¡Œ in font nullfont!
Missing character: There is no ï¼Œ in font nullfont!
Missing character: There is no è€Œ in font nullfont!
Missing character: There is no æœ¬ in font nullfont!
Missing character: There is no æ–‡ in font nullfont!
Missing character: There is no åˆ† in font nullfont!
Missing character: There is no é¡ in font nullfont!
Missing character: There is no ä¾¿ in font nullfont!
Missing character: There is no æ˜¯ in font nullfont!
Missing character: There is no å…¶ in font nullfont!
Missing character: There is no ä¸­ in font nullfont!
Missing character: There is no çš„ in font nullfont!
Missing character: There is no é‡ in font nullfont!
Missing character: There is no è¦ in font nullfont!
Missing character: There is no ä»» in font nullfont!
Missing character: There is no å‹™ in font nullfont!
Missing character: There is no ä¹‹ in font nullfont!
Missing character: There is no ä¸€ in font nullfont!
Missing character: There is no ã€‚ in font nullfont!

Overfull \hbox (20.0pt too wide) in paragraph at lines 2--3
[] 
 []


! LaTeX Error: Missing \begin{document}.

See the LaTeX manual or LaTeX Companion for explanation.
Type  H <return>  for immediate help.
 ...                                              
                                                  
l.3 \par åœ¨
            æœ¬è«–æ–‡ä¸­ï¼Œæˆ‘å€‘æå‡ºä¸€å€‹ç”¨æ–¼å¤šé¡åˆ¥æœ¬æ–‡åˆ†é¡çš„å...

You're in trouble here.  Try typing  <return>  to proceed.
If that doesn't work, type  X <return>  to quit.

Missing character: There is no åœ¨ in font nullfont!
Missing character: There is no æœ¬ in font nullfont!
Missing character: There is no è«– in font nullfont!
Missing character: There is no æ–‡ in font nullfont!
Missing character: There is no ä¸­ in font nullfont!
Missing character: There is no ï¼Œ in font nullfont!
Missing character: There is no æˆ‘ in font nullfont!
Missing character: There is no å€‘ in font nullfont!
Missing character: There is no æ in font nullfont!
Missing character: There is no å‡º in font nullfont!
Missing character: There is no ä¸€ in font nullfont!
Missing character: There is no å€‹ in font nullfont!
Missing character: There is no ç”¨ in font nullfont!
Missing character: There is no æ–¼ in font nullfont!
Missing character: There is no å¤š in font nullfont!
Missing character: There is no é¡ in font nullfont!
Missing character: There is no åˆ¥ in font nullfont!
Missing character: There is no æœ¬ in font nullfont!
Missing character: There is no æ–‡ in font nullfont!
Missing character: There is no åˆ† in font nullfont!
Missing character: There is no é¡ in font nullfont!
Missing character: There is no çš„ in font nullfont!
Missing character: There is no å‘ in font nullfont!
Missing character: There is no é‡ in font nullfont!
Missing character: There is no ç©º in font nullfont!
Missing character: There is no é–“ in font nullfont!
Missing character: There is no æ¨¡ in font nullfont!
Missing character: There is no å‹ in font nullfont!
Missing character: There is no ï¼Œ in font nullfont!
Missing character: There is no è© in font nullfont!
Missing character: There is no å‘ in font nullfont!
Missing character: There is no é‡ in font nullfont!
Missing character: There is no C in font nullfont!
Missing character: There is no o in font nullfont!
Missing character: There is no p in font nullfont!
Missing character: There is no e in font nullfont!
Missing character: There is no O in font nullfont!
Missing character: There is no p in font nullfont!
Missing character: There is no i in font nullfont!
Missing character: There is no v in font nullfont!
Missing character: There is no e in font nullfont!
Missing character: There is no c in font nullfont!
Missing character: There is no t in font nullfont!
Missing character: There is no o in font nullfont!
Missing character: There is no r in font nullfont!
Missing character: There is no s in font nullfont!
Missing character: There is no ã€‚ in font nullfont!
Missing character: There is no æˆ‘ in font nullfont!
Missing character: There is no å€‘ in font nullfont!
Missing character: There is no å°‡ in font nullfont!
Missing character: There is no ç”¨ in font nullfont!
Missing character: There is no æ–¼ in font nullfont!
Missing character: There is no ä¸­ in font nullfont!
Missing character: There is no æ–‡ in font nullfont!
Missing character: There is no æƒ… in font nullfont!
Missing character: There is no æ„Ÿ in font nullfont!
Missing character: There is no åˆ† in font nullfont!
Missing character: There is no æ in font nullfont!
Missing character: There is no çš„ in font nullfont!
Missing character: There is no C in font nullfont!
Missing character: There is no o in font nullfont!
Missing character: There is no p in font nullfont!
Missing character: There is no e in font nullfont!
Missing character: There is no O in font nullfont!
Missing character: There is no p in font nullfont!
Missing character: There is no i in font nullfont!
Missing character: There is no s in font nullfont!
Missing character: There is no c in font nullfont!
Missing character: There is no o in font nullfont!
Missing character: There is no r in font nullfont!
Missing character: There is no e in font nullfont!
Missing character: There is no s in font nullfont!
Missing character: There is no ï¼Œ in font nullfont!
Missing character: There is no æ“´ in font nullfont!
Missing character: There is no å…… in font nullfont!
Missing character: There is no è‡³ in font nullfont!
Missing character: There is no èƒ½ in font nullfont!
Missing character: There is no å¤  in font nullfont!
Missing character: There is no ç”¨ in font nullfont!
Missing character: There is no æ–¼ in font nullfont!
Missing character: There is no å¤š in font nullfont!
Missing character: There is no é¡ in font nullfont!
Missing character: There is no åˆ¥ in font nullfont!
Missing character: There is no æœ¬ in font nullfont!
Missing character: There is no æ–‡ in font nullfont!
Missing character: There is no åˆ† in font nullfont!
Missing character: There is no é¡ in font nullfont!
Missing character: There is no ä¸” in font nullfont!
Missing character: There is no ç„¡ in font nullfont!
Missing character: There is no èª in font nullfont!
Missing character: There is no è¨€ in font nullfont!
Missing character: There is no é™ in font nullfont!
Missing character: There is no åˆ¶ in font nullfont!
Missing character: There is no çš„ in font nullfont!
Missing character: There is no C in font nullfont!
Missing character: There is no o in font nullfont!
Missing character: There is no p in font nullfont!
Missing character: There is no e in font nullfont!
Missing character: There is no O in font nullfont!
Missing character: There is no p in font nullfont!
Missing character: There is no i in font nullfont!
Missing character: There is no v in font nullfont!
Missing character: There is no e in font nullfont!
Missing character: There is no c in font nullfont!
Missing character: There is no t in font nullfont!
Missing character: There is no o in font nullfont!
Missing character: There is no r in font nullfont!
Missing character: There is no s in font nullfont!
Missing character: There is no ã€‚ in font nullfont!

Overfull \hbox (20.0pt too wide) in paragraph at lines 3--4
[]
 []


! LaTeX Error: Missing \begin{document}.

See the LaTeX manual or LaTeX Companion for explanation.
Type  H <return>  for immediate help.
 ...                                              
                                                  
l.4 \par æˆ‘
            å€‘æ¸¬è©¦CopeOpi vectorsæ–¼è‹±æ–‡åŠä¸­æ–‡çš„æƒ…æ„Ÿåˆ†æåŠä¸»é...

You're in trouble here.  Try typing  <return>  to proceed.
If that doesn't work, type  X <return>  to quit.

Missing character: There is no æˆ‘ in font nullfont!
Missing character: There is no å€‘ in font nullfont!
Missing character: There is no æ¸¬ in font nullfont!
Missing character: There is no è©¦ in font nullfont!
Missing character: There is no C in font nullfont!
Missing character: There is no o in font nullfont!
Missing character: There is no p in font nullfont!
Missing character: There is no e in font nullfont!
Missing character: There is no O in font nullfont!
Missing character: There is no p in font nullfont!
Missing character: There is no i in font nullfont!
Missing character: There is no v in font nullfont!
Missing character: There is no e in font nullfont!
Missing character: There is no c in font nullfont!
Missing character: There is no t in font nullfont!
Missing character: There is no o in font nullfont!
Missing character: There is no r in font nullfont!
Missing character: There is no s in font nullfont!
Missing character: There is no æ–¼ in font nullfont!
Missing character: There is no è‹± in font nullfont!
Missing character: There is no æ–‡ in font nullfont!
Missing character: There is no åŠ in font nullfont!
Missing character: There is no ä¸­ in font nullfont!
Missing character: There is no æ–‡ in font nullfont!
Missing character: There is no çš„ in font nullfont!
Missing character: There is no æƒ… in font nullfont!
Missing character: There is no æ„Ÿ in font nullfont!
Missing character: There is no åˆ† in font nullfont!
Missing character: There is no æ in font nullfont!
Missing character: There is no åŠ in font nullfont!
Missing character: There is no ä¸» in font nullfont!
Missing character: There is no é¡Œ in font nullfont!
Missing character: There is no åˆ† in font nullfont!
Missing character: There is no é¡ in font nullfont!
Missing character: There is no å• in font nullfont!
Missing character: There is no é¡Œ in font nullfont!
Missing character: There is no ï¼Œ in font nullfont!
Missing character: There is no ä¸¦ in font nullfont!
Missing character: There is no èˆ‡ in font nullfont!
Missing character: There is no å¹¾ in font nullfont!
Missing character: There is no å€‹ in font nullfont!
Missing character: There is no å¸¸ in font nullfont!
Missing character: There is no ç”¨ in font nullfont!
Missing character: There is no æ–¼ in font nullfont!
Missing character: There is no æœ¬ in font nullfont!
Missing character: There is no æ–‡ in font nullfont!
Missing character: There is no åˆ† in font nullfont!
Missing character: There is no é¡ in font nullfont!
Missing character: There is no çš„ in font nullfont!
Missing character: There is no ç‰¹ in font nullfont!
Missing character: There is no å¾µ in font nullfont!
Missing character: There is no å‘ in font nullfont!
Missing character: There is no é‡ in font nullfont!
Missing character: There is no é€² in font nullfont!
Missing character: There is no è¡Œ in font nullfont!
Missing character: There is no æ¯” in font nullfont!
Missing character: There is no è¼ƒ in font nullfont!
Missing character: There is no ï¼Œ in font nullfont!
Missing character: There is no å°‡ in font nullfont!
Missing character: There is no é€™ in font nullfont!
Missing character: There is no äº› in font nullfont!
Missing character: There is no ç‰¹ in font nullfont!
Missing character: There is no å¾µ in font nullfont!
Missing character: There is no å‘ in font nullfont!
Missing character: There is no é‡ in font nullfont!
Missing character: There is no å¥— in font nullfont!
Missing character: There is no ç”¨ in font nullfont!
Missing character: There is no è‡³ in font nullfont!
Missing character: There is no ä¸ in font nullfont!
Missing character: There is no åŒ in font nullfont!
Missing character: There is no çš„ in font nullfont!
Missing character: There is no æ©Ÿ in font nullfont!
Missing character: There is no å™¨ in font nullfont!
Missing character: There is no å­¸ in font nullfont!
Missing character: There is no ç¿’ in font nullfont!
Missing character: There is no æ¼” in font nullfont!
Missing character: There is no ç®— in font nullfont!
Missing character: There is no æ³• in font nullfont!
Missing character: There is no ã€‚ in font nullfont!
Missing character: There is no å¯¦ in font nullfont!
Missing character: There is no é©— in font nullfont!
Missing character: There is no çµ in font nullfont!
Missing character: There is no æœ in font nullfont!
Missing character: There is no é¡¯ in font nullfont!
Missing character: There is no ç¤º in font nullfont!
Missing character: There is no C in font nullfont!
Missing character: There is no o in font nullfont!
Missing character: There is no p in font nullfont!
Missing character: There is no e in font nullfont!
Missing character: There is no O in font nullfont!
Missing character: There is no p in font nullfont!
Missing character: There is no i in font nullfont!
Missing character: There is no v in font nullfont!
Missing character: There is no e in font nullfont!
Missing character: There is no c in font nullfont!
Missing character: There is no t in font nullfont!
Missing character: There is no o in font nullfont!
Missing character: There is no r in font nullfont!
Missing character: There is no s in font nullfont!
Missing character: There is no èƒ½ in font nullfont!
Missing character: There is no å¤  in font nullfont!
Missing character: There is no ç”¨ in font nullfont!
Missing character: There is no æ›´ in font nullfont!
Missing character: There is no å° in font nullfont!
Missing character: There is no çš„ in font nullfont!
Missing character: There is no å‘ in font nullfont!
Missing character: There is no é‡ in font nullfont!
Missing character: There is no é•· in font nullfont!
Missing character: There is no åº¦ in font nullfont!
Missing character: There is no èˆ‡ in font nullfont!
Missing character: There is no æ›´ in font nullfont!
Missing character: There is no çŸ­ in font nullfont!
Missing character: There is no çš„ in font nullfont!
Missing character: There is no è¨“ in font nullfont!
Missing character: There is no ç·´ in font nullfont!
Missing character: There is no æ™‚ in font nullfont!
Missing character: There is no é–“ in font nullfont!
Missing character: There is no ï¼Œ in font nullfont!
Missing character: There is no é” in font nullfont!
Missing character: There is no åˆ° in font nullfont!
Missing character: There is no èˆ‡ in font nullfont!
Missing character: There is no å…¶ in font nullfont!
Missing character: There is no ä»– in font nullfont!
Missing character: There is no ç‰¹ in font nullfont!
Missing character: There is no å¾µ in font nullfont!
Missing character: There is no å‘ in font nullfont!
Missing character: There is no é‡ in font nullfont!
Missing character: There is no åŒ in font nullfont!
Missing character: There is no æ¨£ in font nullfont!
Missing character: There is no æ°´ in font nullfont!
Missing character: There is no å¹³ in font nullfont!
Missing character: There is no çš„ in font nullfont!
Missing character: There is no åˆ† in font nullfont!
Missing character: There is no é¡ in font nullfont!
Missing character: There is no æˆ in font nullfont!
Missing character: There is no æœ in font nullfont!
Missing character: There is no ã€‚ in font nullfont!
Missing character: There is no C in font nullfont!
Missing character: There is no o in font nullfont!
Missing character: There is no p in font nullfont!
Missing character: There is no e in font nullfont!
Missing character: There is no O in font nullfont!
Missing character: There is no p in font nullfont!
Missing character: There is no i in font nullfont!
Missing character: There is no v in font nullfont!
Missing character: There is no e in font nullfont!
Missing character: There is no c in font nullfont!
Missing character: There is no t in font nullfont!
Missing character: There is no o in font nullfont!
Missing character: There is no r in font nullfont!
Missing character: There is no s in font nullfont!
Missing character: There is no æ˜¯ in font nullfont!
Missing character: There is no é© in font nullfont!
Missing character: There is no ç”¨ in font nullfont!
Missing character: There is no æ–¼ in font nullfont!
Missing character: There is no å¤š in font nullfont!
Missing character: There is no é¡ in font nullfont!
Missing character: There is no åˆ¥ in font nullfont!
Missing character: There is no æœ¬ in font nullfont!
Missing character: There is no æ–‡ in font nullfont!
Missing character: There is no åˆ† in font nullfont!
Missing character: There is no é¡ in font nullfont!
Missing character: There is no ï¼Œ in font nullfont!
Missing character: There is no å…¼ in font nullfont!
Missing character: There is no å…· in font nullfont!
Missing character: There is no æ•ˆ in font nullfont!
Missing character: There is no æœ in font nullfont!
Missing character: There is no èˆ‡ in font nullfont!
Missing character: There is no æ•ˆ in font nullfont!
Missing character: There is no ç‡ in font nullfont!
Missing character: There is no çš„ in font nullfont!
Missing character: There is no è© in font nullfont!
Missing character: There is no å‘ in font nullfont!
Missing character: There is no é‡ in font nullfont!
Missing character: There is no ã€‚ in font nullfont!
Missing character: There is no é—œ in font cmbx10!
Missing character: There is no éµ in font cmbx10!
Missing character: There is no å­— in font cmbx10!
Missing character: There is no ï¼š in font cmbx10!
Missing character: There is no æœ¬ in font nullfont!
Missing character: There is no æ–‡ in font nullfont!
Missing character: There is no åˆ† in font nullfont!
Missing character: There is no é¡ in font nullfont!
Missing character: There is no ï¼› in font nullfont!
Missing character: There is no å‘ in font nullfont!
Missing character: There is no é‡ in font nullfont!
Missing character: There is no ç©º in font nullfont!
Missing character: There is no é–“ in font nullfont!
Missing character: There is no æ¨¡ in font nullfont!
Missing character: There is no å‹ in font nullfont!
Missing character: There is no ï¼› in font nullfont!
Missing character: There is no è© in font nullfont!
Missing character: There is no å‘ in font nullfont!
Missing character: There is no é‡ in font nullfont!

! LaTeX Error: \begin{document} ended by \end{abstractzh}.

See the LaTeX manual or LaTeX Companion for explanation.
Type  H <return>  for immediate help.
 ...                                              
                                                  
l.8 \end{abstractzh}
                    
Your command was ignored.
Type  I <command> <return>  to replace it with another command,
or  <return>  to continue without it.

)
! Emergency stop.
<*> ./abstract_zh.tex
                     
*** (job aborted, no legal \end found)

 
Here is how much of TeX's memory you used:
 10 strings out of 428408
 117 string characters out of 3159513
 53104 words of memory out of 3000000
 3506 multiletter control sequences out of 15000+200000
 3948 words of font info for 15 fonts, out of 3000000 for 9000
 1328 hyphenation exceptions out of 8191
 13i,1n,10p,204b,80s stack positions out of 5000i,500n,10000p,200000b,50000s
No pages of output.
