2017-08-23 02:05:50 [INFO] Load data: exp\main\exp02\B1\data\data.B1.train
2017-08-23 02:05:53 [INFO] Load data: exp\main\exp02\B1\data\data.B1.test
2017-08-23 02:06:10 [INFO]  9804, 9833
2017-08-23 02:06:10 [INFO]  9797, 9825
2017-08-23 02:06:10 [INFO] [0, 1, 2, 3, 4, 5, 6, 7, 8, 9, 10, 11, 12, 13, 14, 15, 16, 17, 18, 19]
2017-08-23 02:06:10 [INFO] [0, 1, 2, 3, 4, 5, 6, 7, 8, 9, 10, 11, 12, 13, 14, 15, 16, 17, 18, 19]

2017-08-23 02:06:10 [INFO] START EXP 1/15: kNN_copeopi_00ACT5
2017-08-23 02:06:10 [INFO] Init Feature
2017-08-23 02:06:23 [INFO] 92498-0=92498
2017-08-23 02:07:44 [INFO] Feature meta: [20, 92498]
2017-08-23 02:07:44 [INFO] FINISH EXP 1/15: kNN_copeopi_00ACT5
2017-08-23 02:07:44 [INFO] MACRO_F1: kNN_copeopi_00ACT5 0.5644803873310761
2017-08-23 02:07:44 [INFO] EXE_TIME: kNN_copeopi_00ACT5 63.12690111272998 0.017894311770447757 63.14479542450043

2017-08-23 02:07:44 [INFO] START EXP 2/15: NB_copeopi_00ACT5
2017-08-23 02:07:45 [INFO] Feature meta: [20, 92498]
2017-08-23 02:07:45 [INFO] FINISH EXP 2/15: NB_copeopi_00ACT5
2017-08-23 02:07:45 [INFO] MACRO_F1: NB_copeopi_00ACT5 0.6150189005578087
2017-08-23 02:07:45 [INFO] EXE_TIME: NB_copeopi_00ACT5 63.12690111272998 0.007826491649893796 63.134727604379876

2017-08-23 02:07:45 [INFO] START EXP 3/15: LR_copeopi_00ACT5
2017-08-23 02:07:46 [INFO] Feature meta: [20, 92498]
2017-08-23 02:07:46 [INFO] FINISH EXP 3/15: LR_copeopi_00ACT5
2017-08-23 02:07:46 [INFO] MACRO_F1: LR_copeopi_00ACT5 0.5159960254266139
2017-08-23 02:07:46 [INFO] EXE_TIME: LR_copeopi_00ACT5 63.12690111272998 0.7900299962223443 63.916931108952326

2017-08-23 02:07:46 [INFO] START EXP 4/15: SVM_copeopi_00ACT5
2017-08-23 02:07:46 [INFO] Feature meta: [20, 92498]
2017-08-23 02:07:46 [INFO] FINISH EXP 4/15: SVM_copeopi_00ACT5
2017-08-23 02:07:46 [INFO] MACRO_F1: SVM_copeopi_00ACT5 0.6464113242777221
2017-08-23 02:07:46 [INFO] EXE_TIME: SVM_copeopi_00ACT5 63.12690111272998 0.27547971652997205 63.402380829259954

2017-08-23 02:07:46 [INFO] START EXP 5/15: NN_copeopi_00ACT5
2017-08-23 02:07:53 [INFO] Feature meta: [20, 92498]
2017-08-23 02:07:53 [INFO] FINISH EXP 5/15: NN_copeopi_00ACT5
2017-08-23 02:07:53 [INFO] MACRO_F1: NN_copeopi_00ACT5 0.6253920482128554
2017-08-23 02:07:53 [INFO] EXE_TIME: NN_copeopi_00ACT5 63.12690111272998 7.1951976833553175 70.3220987960853

2017-08-23 02:07:53 [INFO] START EXP 6/15: kNN_copeopi_00BCT5
2017-08-23 02:07:53 [INFO] Init Feature
2017-08-23 02:08:05 [INFO] 92498-0=92498
2017-08-23 02:20:19 [INFO] Feature meta: [190, 92498]
2017-08-23 02:20:19 [INFO] FINISH EXP 6/15: kNN_copeopi_00BCT5
2017-08-23 02:20:19 [INFO] MACRO_F1: kNN_copeopi_00BCT5 0.5852022913347922
2017-08-23 02:20:19 [INFO] EXE_TIME: kNN_copeopi_00BCT5 423.866934247128 0.13480536797771947 424.0017396151057

2017-08-23 02:20:19 [INFO] START EXP 7/15: NB_copeopi_00BCT5
2017-08-23 02:20:20 [INFO] Feature meta: [190, 92498]
2017-08-23 02:20:20 [INFO] FINISH EXP 7/15: NB_copeopi_00BCT5
2017-08-23 02:20:20 [INFO] MACRO_F1: NB_copeopi_00BCT5 0.596245092540818
2017-08-23 02:20:20 [INFO] EXE_TIME: NB_copeopi_00BCT5 423.866934247128 0.06524839548433192 423.9321826426123

2017-08-23 02:20:20 [INFO] START EXP 8/15: LR_copeopi_00BCT5
2017-08-23 02:20:25 [INFO] Feature meta: [190, 92498]
2017-08-23 02:20:25 [INFO] FINISH EXP 8/15: LR_copeopi_00BCT5
2017-08-23 02:20:25 [INFO] MACRO_F1: LR_copeopi_00BCT5 0.5457500082357514
2017-08-23 02:20:25 [INFO] EXE_TIME: LR_copeopi_00BCT5 423.866934247128 4.925034707433156 428.7919689545611

2017-08-23 02:20:25 [INFO] START EXP 9/15: SVM_copeopi_00BCT5
2017-08-23 02:20:26 [INFO] Feature meta: [190, 92498]
2017-08-23 02:20:26 [INFO] FINISH EXP 9/15: SVM_copeopi_00BCT5
2017-08-23 02:20:26 [INFO] MACRO_F1: SVM_copeopi_00BCT5 0.6347027290218994
2017-08-23 02:20:26 [INFO] EXE_TIME: SVM_copeopi_00BCT5 423.866934247128 1.3057873880076158 425.1727216351356

2017-08-23 02:20:26 [INFO] START EXP 10/15: NN_copeopi_00BCT5
2017-08-23 02:20:40 [INFO] Feature meta: [190, 92498]
2017-08-23 02:20:40 [INFO] FINISH EXP 10/15: NN_copeopi_00BCT5
2017-08-23 02:20:40 [INFO] MACRO_F1: NN_copeopi_00BCT5 0.6359811769048651
2017-08-23 02:20:40 [INFO] EXE_TIME: NN_copeopi_00BCT5 423.866934247128 13.615997827356182 437.48293207448415

2017-08-23 02:20:40 [INFO] START EXP 11/15: kNN_copeopi_00CCT5
2017-08-23 02:20:40 [INFO] Init Feature
2017-08-23 02:20:52 [INFO] 92498-0=92498
2017-08-23 02:34:43 [INFO] Feature meta: [210, 92498]
2017-08-23 02:34:43 [INFO] FINISH EXP 11/15: kNN_copeopi_00CCT5
2017-08-23 02:34:43 [INFO] MACRO_F1: kNN_copeopi_00CCT5 0.5841427281234253
2017-08-23 02:34:43 [INFO] EXE_TIME: kNN_copeopi_00CCT5 480.2413182074582 0.1529258652385579 480.3942440726968

2017-08-23 02:34:43 [INFO] START EXP 12/15: NB_copeopi_00CCT5
2017-08-23 02:34:44 [INFO] Feature meta: [210, 92498]
2017-08-23 02:34:44 [INFO] FINISH EXP 12/15: NB_copeopi_00CCT5
2017-08-23 02:34:44 [INFO] MACRO_F1: NB_copeopi_00CCT5 0.6003003048027848
2017-08-23 02:34:44 [INFO] EXE_TIME: NB_copeopi_00CCT5 480.2413182074582 0.05121936874115818 480.2925375761994

2017-08-23 02:34:44 [INFO] START EXP 13/15: LR_copeopi_00CCT5
2017-08-23 02:34:49 [INFO] Feature meta: [210, 92498]
2017-08-23 02:34:49 [INFO] FINISH EXP 13/15: LR_copeopi_00CCT5
2017-08-23 02:34:49 [INFO] MACRO_F1: LR_copeopi_00CCT5 0.5473892439031174
2017-08-23 02:34:49 [INFO] EXE_TIME: LR_copeopi_00CCT5 480.2413182074582 5.202809436947973 485.4441276444062

2017-08-23 02:34:49 [INFO] START EXP 14/15: SVM_copeopi_00CCT5
2017-08-23 02:34:51 [INFO] Feature meta: [210, 92498]
2017-08-23 02:34:51 [INFO] FINISH EXP 14/15: SVM_copeopi_00CCT5
2017-08-23 02:34:51 [INFO] MACRO_F1: SVM_copeopi_00CCT5 0.6422190774703089
2017-08-23 02:34:51 [INFO] EXE_TIME: SVM_copeopi_00CCT5 480.2413182074582 1.3761780494285176 481.61749625688674

2017-08-23 02:34:51 [INFO] START EXP 15/15: NN_copeopi_00CCT5
2017-08-23 02:35:04 [INFO] Feature meta: [210, 92498]
2017-08-23 02:35:04 [INFO] FINISH EXP 15/15: NN_copeopi_00CCT5
2017-08-23 02:35:04 [INFO] MACRO_F1: NN_copeopi_00CCT5 0.6469281337727562
2017-08-23 02:35:04 [INFO] EXE_TIME: NN_copeopi_00CCT5 480.2413182074582 13.50714931676589 493.7484675242241

