2017-08-23 20:52:03 [INFO] Load data: exp\main\exp02\B1\data\data.B1.train
2017-08-23 20:52:04 [INFO] Load data: exp\main\exp02\B1\data\data.B1.test
2017-08-23 20:52:20 [INFO]  9804, 9833
2017-08-23 20:52:20 [INFO]  9797, 9825
2017-08-23 20:52:20 [INFO] [0, 1, 2, 3, 4, 5, 6, 7, 8, 9, 10, 11, 12, 13, 14, 15, 16, 17, 18, 19]
2017-08-23 20:52:20 [INFO] [0, 1, 2, 3, 4, 5, 6, 7, 8, 9, 10, 11, 12, 13, 14, 15, 16, 17, 18, 19]

2017-08-23 20:52:20 [INFO] START EXP 1/5: kNN_glove_200
2017-08-23 20:52:20 [INFO] Init Feature
2017-08-23 23:18:57 [INFO] Feature meta: [200, 92499]
2017-08-23 23:18:57 [INFO] FINISH EXP 1/5: kNN_glove_200
2017-08-23 23:18:57 [INFO] MACRO_F1: kNN_glove_200 0.45080619723732623
2017-08-23 23:18:57 [INFO] EXE_TIME: kNN_glove_200 8617.83065338396 0.14433950086822733 8617.974992884829

2017-08-23 23:18:57 [INFO] START EXP 2/5: NB_glove_200
2017-08-23 23:18:58 [INFO] Feature meta: [200, 92499]
2017-08-23 23:18:58 [INFO] FINISH EXP 2/5: NB_glove_200
2017-08-23 23:18:58 [INFO] MACRO_F1: NB_glove_200 0.4392410536413848
2017-08-23 23:18:58 [INFO] EXE_TIME: NB_glove_200 8617.83065338396 0.05074094498013437 8617.88139432894

2017-08-23 23:18:58 [INFO] START EXP 3/5: LR_glove_200
2017-08-23 23:19:02 [INFO] Feature meta: [200, 92499]
2017-08-23 23:19:02 [INFO] FINISH EXP 3/5: LR_glove_200
2017-08-23 23:19:02 [INFO] MACRO_F1: LR_glove_200 0.37187043975388795
2017-08-23 23:19:02 [INFO] EXE_TIME: LR_glove_200 8617.83065338396 4.462184983414772 8622.292838367375

2017-08-23 23:19:02 [INFO] START EXP 4/5: SVM_glove_200
2017-08-23 23:19:05 [INFO] Feature meta: [200, 92499]
2017-08-23 23:19:05 [INFO] FINISH EXP 4/5: SVM_glove_200
2017-08-23 23:19:05 [INFO] MACRO_F1: SVM_glove_200 0.5417305332998822
2017-08-23 23:19:05 [INFO] EXE_TIME: SVM_glove_200 8617.83065338396 2.7077391358925524 8620.538392519853

2017-08-23 23:19:05 [INFO] START EXP 5/5: NN_glove_200
2017-08-23 23:19:27 [INFO] Feature meta: [200, 92499]
2017-08-23 23:19:27 [INFO] FINISH EXP 5/5: NN_glove_200
2017-08-23 23:19:27 [INFO] MACRO_F1: NN_glove_200 0.6914029982589638
2017-08-23 23:19:27 [INFO] EXE_TIME: NN_glove_200 8617.83065338396 22.032922817852523 8639.863576201813

