2017-08-24 08:03:28 [INFO] Load data: exp\main\exp02\B1\data\data.B1.train
2017-08-24 08:03:31 [INFO] Load data: exp\main\exp02\B1\data\data.B1.test
2017-08-24 08:03:47 [INFO]  9804, 9833
2017-08-24 08:03:47 [INFO]  9797, 9825
2017-08-24 08:03:47 [INFO] [0, 1, 2, 3, 4, 5, 6, 7, 8, 9, 10, 11, 12, 13, 14, 15, 16, 17, 18, 19]
2017-08-24 08:03:47 [INFO] [0, 1, 2, 3, 4, 5, 6, 7, 8, 9, 10, 11, 12, 13, 14, 15, 16, 17, 18, 19]

2017-08-24 08:03:47 [INFO] START EXP 1/10: kNN_lsi_n200
2017-08-24 08:03:47 [INFO] Init Feature
2017-08-24 08:55:11 [INFO] Feature meta: [200]
2017-08-24 08:55:11 [INFO] FINISH EXP 1/10: kNN_lsi_n200
2017-08-24 08:55:11 [INFO] MACRO_F1: kNN_lsi_n200 0.3613476680394978
2017-08-24 08:55:12 [INFO] EXE_TIME: kNN_lsi_n200 2759.3033032950057 14.108369692091856 2773.4116729870975

2017-08-24 08:55:12 [INFO] START EXP 2/10: NB_lsi_n200
2017-08-24 08:55:13 [INFO] Feature meta: [200]
2017-08-24 08:55:13 [INFO] FINISH EXP 2/10: NB_lsi_n200
2017-08-24 08:55:13 [INFO] MACRO_F1: NB_lsi_n200 0.3628336929781315
2017-08-24 08:55:13 [INFO] EXE_TIME: NB_lsi_n200 2759.3033032950057 0.2722546982831773 2759.575557993289

2017-08-24 08:55:13 [INFO] START EXP 3/10: LR_lsi_n200
2017-08-24 08:55:19 [INFO] Feature meta: [200]
2017-08-24 08:55:19 [INFO] FINISH EXP 3/10: LR_lsi_n200
2017-08-24 08:55:19 [INFO] MACRO_F1: LR_lsi_n200 0.3963535136706173
2017-08-24 08:55:19 [INFO] EXE_TIME: LR_lsi_n200 2759.3033032950057 6.022896445335391 2765.326199740341

2017-08-24 08:55:19 [INFO] START EXP 4/10: SVM_lsi_n200
2017-08-24 08:55:22 [INFO] Feature meta: [200]
2017-08-24 08:55:22 [INFO] FINISH EXP 4/10: SVM_lsi_n200
2017-08-24 08:55:22 [INFO] MACRO_F1: SVM_lsi_n200 0.5065958277886402
2017-08-24 08:55:22 [INFO] EXE_TIME: SVM_lsi_n200 2759.3033032950057 2.492774893331898 2761.7960781883376

2017-08-24 08:55:22 [INFO] START EXP 5/10: NN_lsi_n200
2017-08-24 08:55:53 [INFO] Feature meta: [200]
2017-08-24 08:55:53 [INFO] FINISH EXP 5/10: NN_lsi_n200
2017-08-24 08:55:53 [INFO] MACRO_F1: NN_lsi_n200 0.6299669267685447
2017-08-24 08:55:53 [INFO] EXE_TIME: NN_lsi_n200 2759.3033032950057 29.970830361276967 2789.2741336562826

2017-08-24 08:55:53 [INFO] START EXP 6/10: kNN_lsi_t200
2017-08-24 08:55:53 [INFO] Init Feature
2017-08-24 09:34:39 [INFO] Feature meta: [200]
2017-08-24 09:34:39 [INFO] FINISH EXP 6/10: kNN_lsi_t200
2017-08-24 09:34:39 [INFO] MACRO_F1: kNN_lsi_t200 0.5422654608219152
2017-08-24 09:34:39 [INFO] EXE_TIME: kNN_lsi_t200 2081.6584650413156 1.0823757292318987 2082.7408407705475

2017-08-24 09:34:39 [INFO] START EXP 7/10: NB_lsi_t200
2017-08-24 09:34:40 [INFO] Feature meta: [200]
2017-08-24 09:34:40 [INFO] FINISH EXP 7/10: NB_lsi_t200
2017-08-24 09:34:40 [INFO] MACRO_F1: NB_lsi_t200 0.6055175291763406
2017-08-24 09:34:40 [INFO] EXE_TIME: NB_lsi_t200 2081.6584650413156 0.12985770840532496 2081.788322749721

2017-08-24 09:34:40 [INFO] START EXP 8/10: LR_lsi_t200
2017-08-24 09:34:45 [INFO] Feature meta: [200]
2017-08-24 09:34:45 [INFO] FINISH EXP 8/10: LR_lsi_t200
2017-08-24 09:34:45 [INFO] MACRO_F1: LR_lsi_t200 0.568302224246056
2017-08-24 09:34:45 [INFO] EXE_TIME: LR_lsi_t200 2081.6584650413156 5.167760554434608 2086.82622559575

2017-08-24 09:34:45 [INFO] START EXP 9/10: SVM_lsi_t200
2017-08-24 09:34:47 [INFO] Feature meta: [200]
2017-08-24 09:34:47 [INFO] FINISH EXP 9/10: SVM_lsi_t200
2017-08-24 09:34:47 [INFO] MACRO_F1: SVM_lsi_t200 0.7080630700872195
2017-08-24 09:34:47 [INFO] EXE_TIME: SVM_lsi_t200 2081.6584650413156 1.6443783826671279 2083.3028434239827

2017-08-24 09:34:47 [INFO] START EXP 10/10: NN_lsi_t200
2017-08-24 09:35:13 [INFO] Feature meta: [200]
2017-08-24 09:35:13 [INFO] FINISH EXP 10/10: NN_lsi_t200
2017-08-24 09:35:13 [INFO] MACRO_F1: NN_lsi_t200 0.7705921231582781
2017-08-24 09:35:13 [INFO] EXE_TIME: NN_lsi_t200 2081.6584650413156 25.886319093648126 2107.5447841349637

