2017-08-23 05:45:33 [INFO] Load data: exp\main\exp02\B1\data\data.B1.train
2017-08-23 05:45:36 [INFO] Load data: exp\main\exp02\B1\data\data.B1.test
2017-08-23 05:45:51 [INFO]  9804, 9833
2017-08-23 05:45:51 [INFO]  9797, 9825
2017-08-23 05:45:51 [INFO] [0, 1, 2, 3, 4, 5, 6, 7, 8, 9, 10, 11, 12, 13, 14, 15, 16, 17, 18, 19]
2017-08-23 05:45:51 [INFO] [0, 1, 2, 3, 4, 5, 6, 7, 8, 9, 10, 11, 12, 13, 14, 15, 16, 17, 18, 19]

2017-08-23 05:45:51 [INFO] START EXP 1/10: kNN_ngram_001
2017-08-23 05:45:51 [INFO] Init Feature
2017-08-23 07:30:38 [INFO] Feature meta: [46409]
2017-08-23 07:30:39 [INFO] FINISH EXP 1/10: kNN_ngram_001
2017-08-23 07:30:39 [INFO] MACRO_F1: kNN_ngram_001 0.2788852103791505
2017-08-23 07:30:39 [INFO] EXE_TIME: kNN_ngram_001 16.255430918885462 251.2883032101363 267.54373412902174

2017-08-23 07:30:39 [INFO] START EXP 2/10: NB_ngram_001
2017-08-23 07:32:14 [INFO] Feature meta: [46409]
2017-08-23 07:32:14 [INFO] FINISH EXP 2/10: NB_ngram_001
2017-08-23 07:32:14 [INFO] MACRO_F1: NB_ngram_001 0.5448005423043887
2017-08-23 07:32:14 [INFO] EXE_TIME: NB_ngram_001 16.255430918885462 41.099640037437894 57.35507095632336

2017-08-23 07:32:14 [INFO] START EXP 3/10: LR_ngram_001
2017-08-23 07:36:56 [INFO] Feature meta: [46409]
2017-08-23 07:36:56 [INFO] FINISH EXP 3/10: LR_ngram_001
2017-08-23 07:36:56 [INFO] MACRO_F1: LR_ngram_001 0.7722162476879629
2017-08-23 07:36:56 [INFO] EXE_TIME: LR_ngram_001 16.255430918885462 225.63363121659768 241.88906213548313

2017-08-23 07:36:56 [INFO] START EXP 4/10: SVM_ngram_001
2017-08-23 07:38:14 [INFO] Feature meta: [46409]
2017-08-23 07:38:15 [INFO] FINISH EXP 4/10: SVM_ngram_001
2017-08-23 07:38:15 [INFO] MACRO_F1: SVM_ngram_001 0.7704905671444696
2017-08-23 07:38:15 [INFO] EXE_TIME: SVM_ngram_001 16.255430918885462 58.19891138857747 74.45434230746294

2017-08-23 07:38:15 [INFO] START EXP 5/10: NN_ngram_001
2017-08-23 07:48:52 [INFO] Feature meta: [46409]
2017-08-23 07:48:54 [INFO] FINISH EXP 5/10: NN_ngram_001
2017-08-23 07:48:54 [INFO] MACRO_F1: NN_ngram_001 0.7870203063402376
2017-08-23 07:48:55 [INFO] EXE_TIME: NN_ngram_001 16.255430918885462 593.9646830896545 610.22011400854

2017-08-23 07:48:55 [INFO] START EXP 6/10: kNN_tfidf_001
2017-08-23 07:48:55 [INFO] Init Feature
2017-08-23 10:50:56 [INFO] Feature meta: [46409]
2017-08-23 10:50:57 [INFO] FINISH EXP 6/10: kNN_tfidf_001
2017-08-23 10:50:57 [INFO] MACRO_F1: kNN_tfidf_001 0.41453980164992077
2017-08-23 10:50:57 [INFO] EXE_TIME: kNN_tfidf_001 2688.588365697333 82.54661848744581 2771.1349841847787

2017-08-23 10:50:57 [INFO] START EXP 7/10: NB_tfidf_001
2017-08-23 10:51:09 [INFO] Feature meta: [46409]
2017-08-23 10:51:09 [INFO] FINISH EXP 7/10: NB_tfidf_001
2017-08-23 10:51:09 [INFO] MACRO_F1: NB_tfidf_001 0.3138359526447441
2017-08-23 10:51:09 [INFO] EXE_TIME: NB_tfidf_001 2688.588365697333 3.63430108880857 2692.2226667861414

2017-08-23 10:51:09 [INFO] START EXP 8/10: LR_tfidf_001
2017-08-23 10:52:18 [INFO] Feature meta: [46409]
2017-08-23 10:52:18 [INFO] FINISH EXP 8/10: LR_tfidf_001
2017-08-23 10:52:20 [INFO] MACRO_F1: LR_tfidf_001 0.49694563218710225
2017-08-23 10:52:20 [INFO] EXE_TIME: LR_tfidf_001 2688.588365697333 65.82087727601538 2754.4092429733482

2017-08-23 10:52:20 [INFO] START EXP 9/10: SVM_tfidf_001
2017-08-23 10:52:37 [INFO] Feature meta: [46409]
2017-08-23 10:52:37 [INFO] FINISH EXP 9/10: SVM_tfidf_001
2017-08-23 10:52:37 [INFO] MACRO_F1: SVM_tfidf_001 0.784816243415965
2017-08-23 10:52:37 [INFO] EXE_TIME: SVM_tfidf_001 2688.588365697333 12.850017704047787 2701.4383834013806

2017-08-23 10:52:37 [INFO] START EXP 10/10: NN_tfidf_001
2017-08-23 11:24:31 [INFO] Feature meta: [46409]
2017-08-23 11:24:31 [INFO] FINISH EXP 10/10: NN_tfidf_001
2017-08-23 11:24:32 [INFO] MACRO_F1: NN_tfidf_001 0.7787679236545249
2017-08-23 11:24:32 [INFO] EXE_TIME: NN_tfidf_001 2688.588365697333 1889.1603323545096 4577.748698051842

