2017-08-23 17:56:15 [INFO] Load data: exp\main\exp02\B1\data\data.B1.train
2017-08-23 17:56:18 [INFO] Load data: exp\main\exp02\B1\data\data.B1.test
2017-08-23 17:56:34 [INFO]  9804, 9833
2017-08-23 17:56:34 [INFO]  9797, 9825
2017-08-23 17:56:34 [INFO] [0, 1, 2, 3, 4, 5, 6, 7, 8, 9, 10, 11, 12, 13, 14, 15, 16, 17, 18, 19]
2017-08-23 17:56:34 [INFO] [0, 1, 2, 3, 4, 5, 6, 7, 8, 9, 10, 11, 12, 13, 14, 15, 16, 17, 18, 19]

2017-08-23 17:56:34 [INFO] START EXP 1/5: kNN_word2vec_200
2017-08-23 17:56:34 [INFO] Init Feature
2017-08-23 18:40:41 [INFO] Feature meta: [200, 92498]
2017-08-23 18:40:41 [INFO] FINISH EXP 1/5: kNN_word2vec_200
2017-08-23 18:40:41 [INFO] MACRO_F1: kNN_word2vec_200 0.4467654246728044
2017-08-23 18:40:41 [INFO] EXE_TIME: kNN_word2vec_200 2133.1638443480665 0.14194343467988801 2133.3057877827464

2017-08-23 18:40:41 [INFO] START EXP 2/5: NB_word2vec_200
2017-08-23 18:40:42 [INFO] Feature meta: [200, 92498]
2017-08-23 18:40:42 [INFO] FINISH EXP 2/5: NB_word2vec_200
2017-08-23 18:40:42 [INFO] MACRO_F1: NB_word2vec_200 0.4262856829293278
2017-08-23 18:40:42 [INFO] EXE_TIME: NB_word2vec_200 2133.1638443480665 0.05509175907172903 2133.2189361071382

2017-08-23 18:40:42 [INFO] START EXP 3/5: LR_word2vec_200
2017-08-23 18:40:47 [INFO] Feature meta: [200, 92498]
2017-08-23 18:40:47 [INFO] FINISH EXP 3/5: LR_word2vec_200
2017-08-23 18:40:47 [INFO] MACRO_F1: LR_word2vec_200 0.4843400598854218
2017-08-23 18:40:47 [INFO] EXE_TIME: LR_word2vec_200 2133.1638443480665 5.690764566168127 2138.8546089142346

2017-08-23 18:40:47 [INFO] START EXP 4/5: SVM_word2vec_200
2017-08-23 18:40:49 [INFO] Feature meta: [200, 92498]
2017-08-23 18:40:49 [INFO] FINISH EXP 4/5: SVM_word2vec_200
2017-08-23 18:40:49 [INFO] MACRO_F1: SVM_word2vec_200 0.6597709109256226
2017-08-23 18:40:49 [INFO] EXE_TIME: SVM_word2vec_200 2133.1638443480665 1.8915691233514735 2135.055413471418

2017-08-23 18:40:49 [INFO] START EXP 5/5: NN_word2vec_200
2017-08-23 18:41:14 [INFO] Feature meta: [200, 92498]
2017-08-23 18:41:14 [INFO] FINISH EXP 5/5: NN_word2vec_200
2017-08-23 18:41:14 [INFO] MACRO_F1: NN_word2vec_200 0.7602920110596545
2017-08-23 18:41:14 [INFO] EXE_TIME: NN_word2vec_200 2133.1638443480665 25.060602316565564 2158.224446664632

