2017-08-23 02:35:04 [INFO] Load data: exp\main\exp02\B2\data\data.B2.train
2017-08-23 02:35:08 [INFO] Load data: exp\main\exp02\B2\data\data.B2.test
2017-08-23 02:35:25 [INFO]  9318, 9331
2017-08-23 02:35:25 [INFO]  9311, 9323
2017-08-23 02:35:25 [INFO] [0, 1, 2, 3, 4, 5, 6, 7, 8]
2017-08-23 02:35:25 [INFO] [0, 1, 2, 3, 4, 5, 6, 7, 8]

2017-08-23 02:35:25 [INFO] START EXP 1/15: kNN_copeopi_00ACT5
2017-08-23 02:35:25 [INFO] Init Feature
2017-08-23 02:35:37 [INFO] 91685-0=91685
2017-08-23 02:36:24 [INFO] Feature meta: [9, 91685]
2017-08-23 02:36:24 [INFO] FINISH EXP 1/15: kNN_copeopi_00ACT5
2017-08-23 02:36:24 [INFO] MACRO_F1: kNN_copeopi_00ACT5 0.9048344110878472
2017-08-23 02:36:24 [INFO] EXE_TIME: kNN_copeopi_00ACT5 38.81086748253961 0.011884014606948767 38.822751497146555

2017-08-23 02:36:24 [INFO] START EXP 2/15: NB_copeopi_00ACT5
2017-08-23 02:36:24 [INFO] Feature meta: [9, 91685]
2017-08-23 02:36:24 [INFO] FINISH EXP 2/15: NB_copeopi_00ACT5
2017-08-23 02:36:24 [INFO] MACRO_F1: NB_copeopi_00ACT5 0.826986333486809
2017-08-23 02:36:24 [INFO] EXE_TIME: NB_copeopi_00ACT5 38.81086748253961 0.004754632164349459 38.815622114703956

2017-08-23 02:36:24 [INFO] START EXP 3/15: LR_copeopi_00ACT5
2017-08-23 02:36:24 [INFO] Feature meta: [9, 91685]
2017-08-23 02:36:24 [INFO] FINISH EXP 3/15: LR_copeopi_00ACT5
2017-08-23 02:36:24 [INFO] MACRO_F1: LR_copeopi_00ACT5 0.8955235964316256
2017-08-23 02:36:24 [INFO] EXE_TIME: LR_copeopi_00ACT5 38.81086748253961 0.14398778835197845 38.954855270891585

2017-08-23 02:36:24 [INFO] START EXP 4/15: SVM_copeopi_00ACT5
2017-08-23 02:36:24 [INFO] Feature meta: [9, 91685]
2017-08-23 02:36:24 [INFO] FINISH EXP 4/15: SVM_copeopi_00ACT5
2017-08-23 02:36:24 [INFO] MACRO_F1: SVM_copeopi_00ACT5 0.9119866349345226
2017-08-23 02:36:24 [INFO] EXE_TIME: SVM_copeopi_00ACT5 38.81086748253961 0.08305744361450706 38.893924926154114

2017-08-23 02:36:24 [INFO] START EXP 5/15: NN_copeopi_00ACT5
2017-08-23 02:36:28 [INFO] Feature meta: [9, 91685]
2017-08-23 02:36:28 [INFO] FINISH EXP 5/15: NN_copeopi_00ACT5
2017-08-23 02:36:28 [INFO] MACRO_F1: NN_copeopi_00ACT5 0.9103060211891439
2017-08-23 02:36:28 [INFO] EXE_TIME: NN_copeopi_00ACT5 38.81086748253961 3.770401200953984 42.58126868349359

2017-08-23 02:36:28 [INFO] START EXP 6/15: kNN_copeopi_00BCT5
2017-08-23 02:36:28 [INFO] Init Feature
2017-08-23 02:36:38 [INFO] 91685-0=91685
2017-08-23 02:38:35 [INFO] Feature meta: [36, 91685]
2017-08-23 02:38:35 [INFO] FINISH EXP 6/15: kNN_copeopi_00BCT5
2017-08-23 02:38:35 [INFO] MACRO_F1: kNN_copeopi_00BCT5 0.8875501816318508
2017-08-23 02:38:35 [INFO] EXE_TIME: kNN_copeopi_00BCT5 78.31186163290135 0.02566593468895917 78.33752756759031

2017-08-23 02:38:35 [INFO] START EXP 7/15: NB_copeopi_00BCT5
2017-08-23 02:38:35 [INFO] Feature meta: [36, 91685]
2017-08-23 02:38:35 [INFO] FINISH EXP 7/15: NB_copeopi_00BCT5
2017-08-23 02:38:35 [INFO] MACRO_F1: NB_copeopi_00BCT5 0.782405479706721
2017-08-23 02:38:35 [INFO] EXE_TIME: NB_copeopi_00BCT5 78.31186163290135 0.012574807989039982 78.3244364408904

2017-08-23 02:38:35 [INFO] START EXP 8/15: LR_copeopi_00BCT5
2017-08-23 02:38:36 [INFO] Feature meta: [36, 91685]
2017-08-23 02:38:36 [INFO] FINISH EXP 8/15: LR_copeopi_00BCT5
2017-08-23 02:38:36 [INFO] MACRO_F1: LR_copeopi_00BCT5 0.8722087772285912
2017-08-23 02:38:36 [INFO] EXE_TIME: LR_copeopi_00BCT5 78.31186163290135 0.6905975915390172 79.00245922444037

2017-08-23 02:38:36 [INFO] START EXP 9/15: SVM_copeopi_00BCT5
2017-08-23 02:38:36 [INFO] Feature meta: [36, 91685]
2017-08-23 02:38:36 [INFO] FINISH EXP 9/15: SVM_copeopi_00BCT5
2017-08-23 02:38:36 [INFO] MACRO_F1: SVM_copeopi_00BCT5 0.9000809615588802
2017-08-23 02:38:36 [INFO] EXE_TIME: SVM_copeopi_00BCT5 78.31186163290135 0.23507580371824588 78.5469374366196

2017-08-23 02:38:36 [INFO] START EXP 10/15: NN_copeopi_00BCT5
2017-08-23 02:38:40 [INFO] Feature meta: [36, 91685]
2017-08-23 02:38:40 [INFO] FINISH EXP 10/15: NN_copeopi_00BCT5
2017-08-23 02:38:40 [INFO] MACRO_F1: NN_copeopi_00BCT5 0.9007645280157285
2017-08-23 02:38:40 [INFO] EXE_TIME: NN_copeopi_00BCT5 78.31186163290135 3.9418920396522026 82.25375367255356

2017-08-23 02:38:40 [INFO] START EXP 11/15: kNN_copeopi_00CCT5
2017-08-23 02:38:40 [INFO] Init Feature
2017-08-23 02:38:52 [INFO] 91685-0=91685
2017-08-23 02:41:17 [INFO] Feature meta: [45, 91685]
2017-08-23 02:41:17 [INFO] FINISH EXP 11/15: kNN_copeopi_00CCT5
2017-08-23 02:41:17 [INFO] MACRO_F1: kNN_copeopi_00CCT5 0.8926377851128459
2017-08-23 02:41:17 [INFO] EXE_TIME: kNN_copeopi_00CCT5 95.9185665129421 0.03148241496637638 95.95004892790848

2017-08-23 02:41:17 [INFO] START EXP 12/15: NB_copeopi_00CCT5
2017-08-23 02:41:17 [INFO] Feature meta: [45, 91685]
2017-08-23 02:41:17 [INFO] FINISH EXP 12/15: NB_copeopi_00CCT5
2017-08-23 02:41:17 [INFO] MACRO_F1: NB_copeopi_00CCT5 0.796493662411512
2017-08-23 02:41:17 [INFO] EXE_TIME: NB_copeopi_00CCT5 95.9185665129421 0.011116247105292132 95.9296827600474

2017-08-23 02:41:17 [INFO] START EXP 13/15: LR_copeopi_00CCT5
2017-08-23 02:41:18 [INFO] Feature meta: [45, 91685]
2017-08-23 02:41:18 [INFO] FINISH EXP 13/15: LR_copeopi_00CCT5
2017-08-23 02:41:18 [INFO] MACRO_F1: LR_copeopi_00CCT5 0.8843152242262229
2017-08-23 02:41:18 [INFO] EXE_TIME: LR_copeopi_00CCT5 95.9185665129421 0.7910934232918407 96.70965993623395

2017-08-23 02:41:18 [INFO] START EXP 14/15: SVM_copeopi_00CCT5
2017-08-23 02:41:19 [INFO] Feature meta: [45, 91685]
2017-08-23 02:41:19 [INFO] FINISH EXP 14/15: SVM_copeopi_00CCT5
2017-08-23 02:41:19 [INFO] MACRO_F1: SVM_copeopi_00CCT5 0.9091006891001808
2017-08-23 02:41:19 [INFO] EXE_TIME: SVM_copeopi_00CCT5 95.9185665129421 0.2585027783707119 96.17706929131282

2017-08-23 02:41:19 [INFO] START EXP 15/15: NN_copeopi_00CCT5
2017-08-23 02:41:26 [INFO] Feature meta: [45, 91685]
2017-08-23 02:41:26 [INFO] FINISH EXP 15/15: NN_copeopi_00CCT5
2017-08-23 02:41:26 [INFO] MACRO_F1: NN_copeopi_00CCT5 0.9116024216495746
2017-08-23 02:41:26 [INFO] EXE_TIME: NN_copeopi_00CCT5 95.9185665129421 7.648029719115584 103.56659623205769

