2017-08-24 01:27:54 [INFO] Load data: exp\main\exp02\B2\data\data.B2.train
2017-08-24 01:27:55 [INFO] Load data: exp\main\exp02\B2\data\data.B2.test
2017-08-24 01:28:12 [INFO]  9318, 9331
2017-08-24 01:28:12 [INFO]  9311, 9323
2017-08-24 01:28:12 [INFO] [0, 1, 2, 3, 4, 5, 6, 7, 8]
2017-08-24 01:28:12 [INFO] [0, 1, 2, 3, 4, 5, 6, 7, 8]

2017-08-24 01:28:12 [INFO] START EXP 1/5: kNN_glove_200
2017-08-24 01:28:12 [INFO] Init Feature
2017-08-24 03:52:58 [INFO] Feature meta: [200, 91686]
2017-08-24 03:52:58 [INFO] FINISH EXP 1/5: kNN_glove_200
2017-08-24 03:52:58 [INFO] MACRO_F1: kNN_glove_200 0.8533041600709645
2017-08-24 03:52:58 [INFO] EXE_TIME: kNN_glove_200 8510.226838388691 0.13606616458491771 8510.362904553276

2017-08-24 03:52:58 [INFO] START EXP 2/5: NB_glove_200
2017-08-24 03:52:58 [INFO] Feature meta: [200, 91686]
2017-08-24 03:52:58 [INFO] FINISH EXP 2/5: NB_glove_200
2017-08-24 03:52:58 [INFO] MACRO_F1: NB_glove_200 0.7177788589943765
2017-08-24 03:52:58 [INFO] EXE_TIME: NB_glove_200 8510.226838388691 0.04355985171969223 8510.270398240411

2017-08-24 03:52:58 [INFO] START EXP 3/5: LR_glove_200
2017-08-24 03:53:00 [INFO] Feature meta: [200, 91686]
2017-08-24 03:53:00 [INFO] FINISH EXP 3/5: LR_glove_200
2017-08-24 03:53:00 [INFO] MACRO_F1: LR_glove_200 0.8191390129710859
2017-08-24 03:53:00 [INFO] EXE_TIME: LR_glove_200 8510.226838388691 2.201239164905928 8512.428077553597

2017-08-24 03:53:00 [INFO] START EXP 4/5: SVM_glove_200
2017-08-24 03:53:02 [INFO] Feature meta: [200, 91686]
2017-08-24 03:53:02 [INFO] FINISH EXP 4/5: SVM_glove_200
2017-08-24 03:53:02 [INFO] MACRO_F1: SVM_glove_200 0.8876464949059496
2017-08-24 03:53:02 [INFO] EXE_TIME: SVM_glove_200 8510.226838388691 1.426223464159193 8511.65306185285

2017-08-24 03:53:02 [INFO] START EXP 5/5: NN_glove_200
2017-08-24 03:53:16 [INFO] Feature meta: [200, 91686]
2017-08-24 03:53:16 [INFO] FINISH EXP 5/5: NN_glove_200
2017-08-24 03:53:16 [INFO] MACRO_F1: NN_glove_200 0.9085570053819796
2017-08-24 03:53:16 [INFO] EXE_TIME: NN_glove_200 8510.226838388691 13.840376202129846 8524.067214590821

