2017-08-24 09:35:14 [INFO] Load data: exp\main\exp02\B2\data\data.B2.train
2017-08-24 09:35:51 [INFO] Load data: exp\main\exp02\B2\data\data.B2.test
2017-08-24 09:36:22 [INFO]  9318, 9331
2017-08-24 09:36:22 [INFO]  9311, 9323
2017-08-24 09:36:22 [INFO] [0, 1, 2, 3, 4, 5, 6, 7, 8]
2017-08-24 09:36:22 [INFO] [0, 1, 2, 3, 4, 5, 6, 7, 8]

2017-08-24 09:36:22 [INFO] START EXP 1/10: kNN_lsi_n200
2017-08-24 09:36:22 [INFO] Init Feature
2017-08-24 10:11:01 [INFO] Feature meta: [200]
2017-08-24 10:11:03 [INFO] FINISH EXP 1/10: kNN_lsi_n200
2017-08-24 10:11:03 [INFO] MACRO_F1: kNN_lsi_n200 0.8177752045314545
2017-08-24 10:11:03 [INFO] EXE_TIME: kNN_lsi_n200 1657.98131976273 8.576945106399762 1666.5582648691297

2017-08-24 10:11:03 [INFO] START EXP 2/10: NB_lsi_n200
2017-08-24 10:11:06 [INFO] Feature meta: [200]
2017-08-24 10:11:06 [INFO] FINISH EXP 2/10: NB_lsi_n200
2017-08-24 10:11:06 [INFO] MACRO_F1: NB_lsi_n200 0.5949195642818594
2017-08-24 10:11:06 [INFO] EXE_TIME: NB_lsi_n200 1657.98131976273 1.4739939975979723 1659.455313760328

2017-08-24 10:11:06 [INFO] START EXP 3/10: LR_lsi_n200
2017-08-24 10:11:15 [INFO] Feature meta: [200]
2017-08-24 10:11:15 [INFO] FINISH EXP 3/10: LR_lsi_n200
2017-08-24 10:11:15 [INFO] MACRO_F1: LR_lsi_n200 0.8616870016825657
2017-08-24 10:11:15 [INFO] EXE_TIME: LR_lsi_n200 1657.98131976273 7.985023599476335 1665.9663433622063

2017-08-24 10:11:15 [INFO] START EXP 4/10: SVM_lsi_n200
2017-08-24 10:11:17 [INFO] Feature meta: [200]
2017-08-24 10:11:17 [INFO] FINISH EXP 4/10: SVM_lsi_n200
2017-08-24 10:11:17 [INFO] MACRO_F1: SVM_lsi_n200 0.8923129184908755
2017-08-24 10:11:17 [INFO] EXE_TIME: SVM_lsi_n200 1657.98131976273 1.7934279101846187 1659.7747476729146

2017-08-24 10:11:17 [INFO] START EXP 5/10: NN_lsi_n200
2017-08-24 10:11:42 [INFO] Feature meta: [200]
2017-08-24 10:11:42 [INFO] FINISH EXP 5/10: NN_lsi_n200
2017-08-24 10:11:42 [INFO] MACRO_F1: NN_lsi_n200 0.912768063850574
2017-08-24 10:11:42 [INFO] EXE_TIME: NN_lsi_n200 1657.98131976273 24.506449444384998 1682.487769207115

2017-08-24 10:11:42 [INFO] START EXP 6/10: kNN_lsi_t200
2017-08-24 10:11:42 [INFO] Init Feature
2017-08-24 10:31:47 [INFO] Feature meta: [200]
2017-08-24 10:31:47 [INFO] FINISH EXP 6/10: kNN_lsi_t200
2017-08-24 10:31:47 [INFO] MACRO_F1: kNN_lsi_t200 0.8735067907776249
2017-08-24 10:31:47 [INFO] EXE_TIME: kNN_lsi_t200 1039.514498568873 0.9675631059490115 1040.482061674822

2017-08-24 10:31:48 [INFO] START EXP 7/10: NB_lsi_t200
2017-08-24 10:31:48 [INFO] Feature meta: [200]
2017-08-24 10:31:48 [INFO] FINISH EXP 7/10: NB_lsi_t200
2017-08-24 10:31:48 [INFO] MACRO_F1: NB_lsi_t200 0.806499683436335
2017-08-24 10:31:48 [INFO] EXE_TIME: NB_lsi_t200 1039.514498568873 0.0822016493002593 1039.5967002181733

2017-08-24 10:31:48 [INFO] START EXP 8/10: LR_lsi_t200
2017-08-24 10:31:51 [INFO] Feature meta: [200]
2017-08-24 10:31:51 [INFO] FINISH EXP 8/10: LR_lsi_t200
2017-08-24 10:31:51 [INFO] MACRO_F1: LR_lsi_t200 0.9080834561617921
2017-08-24 10:31:51 [INFO] EXE_TIME: LR_lsi_t200 1039.514498568873 2.644959833325629 1042.1594584021987

2017-08-24 10:31:51 [INFO] START EXP 9/10: SVM_lsi_t200
2017-08-24 10:31:52 [INFO] Feature meta: [200]
2017-08-24 10:31:52 [INFO] FINISH EXP 9/10: SVM_lsi_t200
2017-08-24 10:31:52 [INFO] MACRO_F1: SVM_lsi_t200 0.921833665055327
2017-08-24 10:31:52 [INFO] EXE_TIME: SVM_lsi_t200 1039.514498568873 1.0308378060544783 1040.5453363749275

2017-08-24 10:31:52 [INFO] START EXP 10/10: NN_lsi_t200
2017-08-24 10:32:16 [INFO] Feature meta: [200]
2017-08-24 10:32:16 [INFO] FINISH EXP 10/10: NN_lsi_t200
2017-08-24 10:32:16 [INFO] MACRO_F1: NN_lsi_t200 0.9346319614542227
2017-08-24 10:32:16 [INFO] EXE_TIME: NN_lsi_t200 1039.514498568873 23.76110075359611 1063.2755993224691

