2017-08-23 11:24:33 [INFO] Load data: exp\main\exp02\B2\data\data.B2.train
2017-08-23 11:26:29 [INFO] Load data: exp\main\exp02\B2\data\data.B2.test
2017-08-23 11:28:04 [INFO]  9318, 9331
2017-08-23 11:28:04 [INFO]  9311, 9323
2017-08-23 11:28:05 [INFO] [0, 1, 2, 3, 4, 5, 6, 7, 8]
2017-08-23 11:28:05 [INFO] [0, 1, 2, 3, 4, 5, 6, 7, 8]

2017-08-23 11:28:05 [INFO] START EXP 1/10: kNN_ngram_001
2017-08-23 11:28:05 [INFO] Init Feature
2017-08-23 12:41:09 [INFO] Feature meta: [45992]
2017-08-23 12:41:10 [INFO] FINISH EXP 1/10: kNN_ngram_001
2017-08-23 12:41:10 [INFO] MACRO_F1: kNN_ngram_001 0.5939012271956792
2017-08-23 12:41:10 [INFO] EXE_TIME: kNN_ngram_001 19.545780061653204 192.56860150656212 212.11438156821532

2017-08-23 12:41:10 [INFO] START EXP 2/10: NB_ngram_001
2017-08-23 12:42:32 [INFO] Feature meta: [45992]
2017-08-23 12:42:33 [INFO] FINISH EXP 2/10: NB_ngram_001
2017-08-23 12:42:33 [INFO] MACRO_F1: NB_ngram_001 0.8811026110042047
2017-08-23 12:42:33 [INFO] EXE_TIME: NB_ngram_001 19.545780061653204 27.906888552130113 47.45266861378332

2017-08-23 12:42:33 [INFO] START EXP 3/10: LR_ngram_001
2017-08-23 12:45:29 [INFO] Feature meta: [45992]
2017-08-23 12:45:30 [INFO] FINISH EXP 3/10: LR_ngram_001
2017-08-23 12:45:30 [INFO] MACRO_F1: LR_ngram_001 0.9293235935023156
2017-08-23 12:45:30 [INFO] EXE_TIME: LR_ngram_001 19.545780061653204 145.58197960856705 165.12775967022026

2017-08-23 12:45:30 [INFO] START EXP 4/10: SVM_ngram_001
2017-08-23 12:47:29 [INFO] Feature meta: [45992]
2017-08-23 12:47:29 [INFO] FINISH EXP 4/10: SVM_ngram_001
2017-08-23 12:47:29 [INFO] MACRO_F1: SVM_ngram_001 0.9181637767184225
2017-08-23 12:47:29 [INFO] EXE_TIME: SVM_ngram_001 19.545780061653204 93.94562192917874 113.49140199083195

2017-08-23 12:47:29 [INFO] START EXP 5/10: NN_ngram_001
2017-08-23 12:55:50 [INFO] Feature meta: [45992]
2017-08-23 12:55:51 [INFO] FINISH EXP 5/10: NN_ngram_001
2017-08-23 12:55:51 [INFO] MACRO_F1: NN_ngram_001 0.9253080315608427
2017-08-23 12:55:51 [INFO] EXE_TIME: NN_ngram_001 19.545780061653204 477.7269155601789 497.2726956218321

2017-08-23 12:55:51 [INFO] START EXP 6/10: kNN_tfidf_001
2017-08-23 12:55:51 [INFO] Init Feature
2017-08-23 16:57:02 [INFO] Feature meta: [45992]
2017-08-23 16:57:03 [INFO] FINISH EXP 6/10: kNN_tfidf_001
2017-08-23 16:57:03 [INFO] MACRO_F1: kNN_tfidf_001 0.8087748818641841
2017-08-23 16:57:03 [INFO] EXE_TIME: kNN_tfidf_001 3009.7763234713057 97.65475015187985 3107.4310736231855

2017-08-23 16:57:03 [INFO] START EXP 7/10: NB_tfidf_001
2017-08-23 16:57:14 [INFO] Feature meta: [45992]
2017-08-23 16:57:14 [INFO] FINISH EXP 7/10: NB_tfidf_001
2017-08-23 16:57:14 [INFO] MACRO_F1: NB_tfidf_001 0.7140700612690256
2017-08-23 16:57:14 [INFO] EXE_TIME: NB_tfidf_001 3009.7763234713057 3.9223942977550905 3013.6987177690607

2017-08-23 16:57:14 [INFO] START EXP 8/10: LR_tfidf_001
2017-08-23 16:58:01 [INFO] Feature meta: [45992]
2017-08-23 16:58:01 [INFO] FINISH EXP 8/10: LR_tfidf_001
2017-08-23 16:58:01 [INFO] MACRO_F1: LR_tfidf_001 0.9183496230879028
2017-08-23 16:58:01 [INFO] EXE_TIME: LR_tfidf_001 3009.7763234713057 44.51690252984554 3054.293226001151

2017-08-23 16:58:01 [INFO] START EXP 9/10: SVM_tfidf_001
2017-08-23 16:58:13 [INFO] Feature meta: [45992]
2017-08-23 16:58:13 [INFO] FINISH EXP 9/10: SVM_tfidf_001
2017-08-23 16:58:13 [INFO] MACRO_F1: SVM_tfidf_001 0.9399719538357014
2017-08-23 16:58:13 [INFO] EXE_TIME: SVM_tfidf_001 3009.7763234713057 10.697895922305179 3020.474219393611

2017-08-23 16:58:13 [INFO] START EXP 10/10: NN_tfidf_001
2017-08-23 17:28:54 [INFO] Feature meta: [45992]
2017-08-23 17:28:55 [INFO] FINISH EXP 10/10: NN_tfidf_001
2017-08-23 17:28:55 [INFO] MACRO_F1: NN_tfidf_001 0.9422261858266903
2017-08-23 17:28:55 [INFO] EXE_TIME: NN_tfidf_001 3009.7763234713057 1733.3295629172644 4743.10588638857

