2017-08-23 18:41:14 [INFO] Load data: exp\main\exp02\B2\data\data.B2.train
2017-08-23 18:41:18 [INFO] Load data: exp\main\exp02\B2\data\data.B2.test
2017-08-23 18:41:35 [INFO]  9318, 9331
2017-08-23 18:41:35 [INFO]  9311, 9323
2017-08-23 18:41:35 [INFO] [0, 1, 2, 3, 4, 5, 6, 7, 8]
2017-08-23 18:41:35 [INFO] [0, 1, 2, 3, 4, 5, 6, 7, 8]

2017-08-23 18:41:35 [INFO] START EXP 1/5: kNN_word2vec_200
2017-08-23 18:41:35 [INFO] Init Feature
2017-08-23 19:25:16 [INFO] Feature meta: [200, 91685]
2017-08-23 19:25:16 [INFO] FINISH EXP 1/5: kNN_word2vec_200
2017-08-23 19:25:16 [INFO] MACRO_F1: kNN_word2vec_200 0.8187501162101998
2017-08-23 19:25:16 [INFO] EXE_TIME: kNN_word2vec_200 2110.5800856504843 0.13594063755954267 2110.716026288044

2017-08-23 19:25:16 [INFO] START EXP 2/5: NB_word2vec_200
2017-08-23 19:25:16 [INFO] Feature meta: [200, 91685]
2017-08-23 19:25:16 [INFO] FINISH EXP 2/5: NB_word2vec_200
2017-08-23 19:25:16 [INFO] MACRO_F1: NB_word2vec_200 0.6723293343527669
2017-08-23 19:25:16 [INFO] EXE_TIME: NB_word2vec_200 2110.5800856504843 0.06581997766625136 2110.6459056281506

2017-08-23 19:25:16 [INFO] START EXP 3/5: LR_word2vec_200
2017-08-23 19:25:19 [INFO] Feature meta: [200, 91685]
2017-08-23 19:25:19 [INFO] FINISH EXP 3/5: LR_word2vec_200
2017-08-23 19:25:19 [INFO] MACRO_F1: LR_word2vec_200 0.857924026856675
2017-08-23 19:25:19 [INFO] EXE_TIME: LR_word2vec_200 2110.5800856504843 2.6201335086498148 2113.200219159134

2017-08-23 19:25:19 [INFO] START EXP 4/5: SVM_word2vec_200
2017-08-23 19:25:20 [INFO] Feature meta: [200, 91685]
2017-08-23 19:25:20 [INFO] FINISH EXP 4/5: SVM_word2vec_200
2017-08-23 19:25:20 [INFO] MACRO_F1: SVM_word2vec_200 0.8992830611798364
2017-08-23 19:25:20 [INFO] EXE_TIME: SVM_word2vec_200 2110.5800856504843 1.092391443793531 2111.672477094278

2017-08-23 19:25:20 [INFO] START EXP 5/5: NN_word2vec_200
2017-08-23 19:25:37 [INFO] Feature meta: [200, 91685]
2017-08-23 19:25:37 [INFO] FINISH EXP 5/5: NN_word2vec_200
2017-08-23 19:25:37 [INFO] MACRO_F1: NN_word2vec_200 0.9185832905959893
2017-08-23 19:25:37 [INFO] EXE_TIME: NN_word2vec_200 2110.5800856504843 17.61791981191527 2128.1980054623996

