2017-08-23 01:58:58 [INFO] Load data: exp\main\exp02\A3\data\data.A3.train
2017-08-23 01:58:58 [INFO] Load data: exp\main\exp02\A3\data\data.A3.test
2017-08-23 01:58:58 [INFO]  7500, 7500
2017-08-23 01:58:58 [INFO]  7498, 7496
2017-08-23 01:58:58 [INFO] [1, 2, 3, 4, 5]
2017-08-23 01:58:58 [INFO] [0, 1, 2, 3, 4]

2017-08-23 01:58:58 [INFO] START EXP 1/15: kNN_copeopi_00ACT5
2017-08-23 01:58:58 [INFO] Init Feature
2017-08-23 01:58:59 [INFO] 4677-0=4677
2017-08-23 01:59:00 [INFO] Feature meta: [5, 4677]
2017-08-23 01:59:00 [INFO] FINISH EXP 1/15: kNN_copeopi_00ACT5
2017-08-23 01:59:00 [INFO] MACRO_F1: kNN_copeopi_00ACT5 0.46616513600482534
2017-08-23 01:59:00 [INFO] EXE_TIME: kNN_copeopi_00ACT5 0.9101850181520774 0.006832143918710898 0.9170171620707883

2017-08-23 01:59:00 [INFO] START EXP 2/15: NB_copeopi_00ACT5
2017-08-23 01:59:00 [INFO] Feature meta: [5, 4677]
2017-08-23 01:59:00 [INFO] FINISH EXP 2/15: NB_copeopi_00ACT5
2017-08-23 01:59:00 [INFO] MACRO_F1: NB_copeopi_00ACT5 0.42533309976435
2017-08-23 01:59:00 [INFO] EXE_TIME: NB_copeopi_00ACT5 0.9101850181520774 0.0026542255436439177 0.9128392436957213

2017-08-23 01:59:00 [INFO] START EXP 3/15: LR_copeopi_00ACT5
2017-08-23 01:59:01 [INFO] Feature meta: [5, 4677]
2017-08-23 01:59:01 [INFO] FINISH EXP 3/15: LR_copeopi_00ACT5
2017-08-23 01:59:01 [INFO] MACRO_F1: LR_copeopi_00ACT5 0.4596655798585404
2017-08-23 01:59:01 [INFO] EXE_TIME: LR_copeopi_00ACT5 0.9101850181520774 0.04191734242706957 0.952102360579147

2017-08-23 01:59:01 [INFO] START EXP 4/15: SVM_copeopi_00ACT5
2017-08-23 01:59:01 [INFO] Feature meta: [5, 4677]
2017-08-23 01:59:01 [INFO] FINISH EXP 4/15: SVM_copeopi_00ACT5
2017-08-23 01:59:01 [INFO] MACRO_F1: SVM_copeopi_00ACT5 0.4582011248237075
2017-08-23 01:59:01 [INFO] EXE_TIME: SVM_copeopi_00ACT5 0.9101850181520774 0.10642994427468366 1.016614962426761

2017-08-23 01:59:01 [INFO] START EXP 5/15: NN_copeopi_00ACT5
2017-08-23 01:59:02 [INFO] Feature meta: [5, 4677]
2017-08-23 01:59:02 [INFO] FINISH EXP 5/15: NN_copeopi_00ACT5
2017-08-23 01:59:02 [INFO] MACRO_F1: NN_copeopi_00ACT5 0.46443808594689856
2017-08-23 01:59:02 [INFO] EXE_TIME: NN_copeopi_00ACT5 0.9101850181520774 1.4366398388832984 2.346824857035376

2017-08-23 01:59:02 [INFO] START EXP 6/15: kNN_copeopi_00BCT5
2017-08-23 01:59:02 [INFO] Init Feature
2017-08-23 01:59:02 [INFO] 4677-0=4677
2017-08-23 01:59:04 [INFO] Feature meta: [10, 4677]
2017-08-23 01:59:04 [INFO] FINISH EXP 6/15: kNN_copeopi_00BCT5
2017-08-23 01:59:04 [INFO] MACRO_F1: kNN_copeopi_00BCT5 0.46639010257671354
2017-08-23 01:59:04 [INFO] EXE_TIME: kNN_copeopi_00BCT5 1.0025405406898997 0.008676364879434573 1.0112169055693343

2017-08-23 01:59:04 [INFO] START EXP 7/15: NB_copeopi_00BCT5
2017-08-23 01:59:04 [INFO] Feature meta: [10, 4677]
2017-08-23 01:59:04 [INFO] FINISH EXP 7/15: NB_copeopi_00BCT5
2017-08-23 01:59:04 [INFO] MACRO_F1: NB_copeopi_00BCT5 0.43081124628997436
2017-08-23 01:59:04 [INFO] EXE_TIME: NB_copeopi_00BCT5 1.0025405406898997 0.007326357241229431 1.0098668979311292

2017-08-23 01:59:04 [INFO] START EXP 8/15: LR_copeopi_00BCT5
2017-08-23 01:59:04 [INFO] Feature meta: [10, 4677]
2017-08-23 01:59:04 [INFO] FINISH EXP 8/15: LR_copeopi_00BCT5
2017-08-23 01:59:04 [INFO] MACRO_F1: LR_copeopi_00BCT5 0.46305208201219566
2017-08-23 01:59:04 [INFO] EXE_TIME: LR_copeopi_00BCT5 1.0025405406898997 0.07399739235366809 1.0765379330435678

2017-08-23 01:59:04 [INFO] START EXP 9/15: SVM_copeopi_00BCT5
2017-08-23 01:59:04 [INFO] Feature meta: [10, 4677]
2017-08-23 01:59:04 [INFO] FINISH EXP 9/15: SVM_copeopi_00BCT5
2017-08-23 01:59:04 [INFO] MACRO_F1: SVM_copeopi_00BCT5 0.45940349526762814
2017-08-23 01:59:04 [INFO] EXE_TIME: SVM_copeopi_00BCT5 1.0025405406898997 0.14949558267237606 1.1520361233622758

2017-08-23 01:59:04 [INFO] START EXP 10/15: NN_copeopi_00BCT5
2017-08-23 01:59:06 [INFO] Feature meta: [10, 4677]
2017-08-23 01:59:06 [INFO] FINISH EXP 10/15: NN_copeopi_00BCT5
2017-08-23 01:59:06 [INFO] MACRO_F1: NN_copeopi_00BCT5 0.46590170823709187
2017-08-23 01:59:06 [INFO] EXE_TIME: NN_copeopi_00BCT5 1.0025405406898997 1.5057985196495203 2.50833906033942

2017-08-23 01:59:06 [INFO] START EXP 11/15: kNN_copeopi_00CCT5
2017-08-23 01:59:06 [INFO] Init Feature
2017-08-23 01:59:06 [INFO] 4677-0=4677
2017-08-23 01:59:08 [INFO] Feature meta: [15, 4677]
2017-08-23 01:59:08 [INFO] FINISH EXP 11/15: kNN_copeopi_00CCT5
2017-08-23 01:59:08 [INFO] MACRO_F1: kNN_copeopi_00CCT5 0.46865275035987947
2017-08-23 01:59:08 [INFO] EXE_TIME: kNN_copeopi_00CCT5 1.2481941674143684 0.010147557413812791 1.2583417248281812

2017-08-23 01:59:08 [INFO] START EXP 12/15: NB_copeopi_00CCT5
2017-08-23 01:59:08 [INFO] Feature meta: [15, 4677]
2017-08-23 01:59:08 [INFO] FINISH EXP 12/15: NB_copeopi_00CCT5
2017-08-23 01:59:08 [INFO] MACRO_F1: NB_copeopi_00CCT5 0.43425824716449013
2017-08-23 01:59:08 [INFO] EXE_TIME: NB_copeopi_00CCT5 1.2481941674143684 0.003510019859323421 1.2517041872736918

2017-08-23 01:59:08 [INFO] START EXP 13/15: LR_copeopi_00CCT5
2017-08-23 01:59:08 [INFO] Feature meta: [15, 4677]
2017-08-23 01:59:08 [INFO] FINISH EXP 13/15: LR_copeopi_00CCT5
2017-08-23 01:59:08 [INFO] MACRO_F1: LR_copeopi_00CCT5 0.4603061469691747
2017-08-23 01:59:08 [INFO] EXE_TIME: LR_copeopi_00CCT5 1.2481941674143684 0.10070109607199029 1.3488952634863587

2017-08-23 01:59:08 [INFO] START EXP 14/15: SVM_copeopi_00CCT5
2017-08-23 01:59:09 [INFO] Feature meta: [15, 4677]
2017-08-23 01:59:09 [INFO] FINISH EXP 14/15: SVM_copeopi_00CCT5
2017-08-23 01:59:09 [INFO] MACRO_F1: SVM_copeopi_00CCT5 0.4574914465224132
2017-08-23 01:59:09 [INFO] EXE_TIME: SVM_copeopi_00CCT5 1.2481941674143684 0.17567309920305973 1.4238672666174281

2017-08-23 01:59:09 [INFO] START EXP 15/15: NN_copeopi_00CCT5
2017-08-23 01:59:11 [INFO] Feature meta: [15, 4677]
2017-08-23 01:59:11 [INFO] FINISH EXP 15/15: NN_copeopi_00CCT5
2017-08-23 01:59:11 [INFO] MACRO_F1: NN_copeopi_00CCT5 0.4618764492321198
2017-08-23 01:59:11 [INFO] EXE_TIME: NN_copeopi_00CCT5 1.2481941674143684 2.375190412261542 3.6233845796759105

