2017-08-23 19:51:45 [INFO] Load data: exp\main\exp02\A3\data\data.A3.train
2017-08-23 19:51:45 [INFO] Load data: exp\main\exp02\A3\data\data.A3.test
2017-08-23 19:51:45 [INFO]  7500, 7500
2017-08-23 19:51:45 [INFO]  7498, 7496
2017-08-23 19:51:45 [INFO] [1, 2, 3, 4, 5]
2017-08-23 19:51:45 [INFO] [0, 1, 2, 3, 4]

2017-08-23 19:51:45 [INFO] START EXP 1/5: kNN_glove_200
2017-08-23 19:51:45 [INFO] Init Feature
2017-08-23 19:55:14 [INFO] Feature meta: [200, 4678]
2017-08-23 19:55:14 [INFO] FINISH EXP 1/5: kNN_glove_200
2017-08-23 19:55:14 [INFO] MACRO_F1: kNN_glove_200 0.43696003774889414
2017-08-23 19:55:14 [INFO] EXE_TIME: kNN_glove_200 184.33038436928 0.09948806289298773 184.429872432173

2017-08-23 19:55:14 [INFO] START EXP 2/5: NB_glove_200
2017-08-23 19:55:15 [INFO] Feature meta: [200, 4678]
2017-08-23 19:55:15 [INFO] FINISH EXP 2/5: NB_glove_200
2017-08-23 19:55:15 [INFO] MACRO_F1: NB_glove_200 0.4178847840156725
2017-08-23 19:55:15 [INFO] EXE_TIME: NB_glove_200 184.33038436928 0.03593270330350151 184.3663170725835

2017-08-23 19:55:15 [INFO] START EXP 3/5: LR_glove_200
2017-08-23 19:55:16 [INFO] Feature meta: [200, 4678]
2017-08-23 19:55:16 [INFO] FINISH EXP 3/5: LR_glove_200
2017-08-23 19:55:16 [INFO] MACRO_F1: LR_glove_200 0.45244058849008006
2017-08-23 19:55:16 [INFO] EXE_TIME: LR_glove_200 184.33038436928 1.04469314760604 185.37507751688605

2017-08-23 19:55:16 [INFO] START EXP 4/5: SVM_glove_200
2017-08-23 19:55:17 [INFO] Feature meta: [200, 4678]
2017-08-23 19:55:17 [INFO] FINISH EXP 4/5: SVM_glove_200
2017-08-23 19:55:17 [INFO] MACRO_F1: SVM_glove_200 0.4463074835879479
2017-08-23 19:55:17 [INFO] EXE_TIME: SVM_glove_200 184.33038436928 1.5520035179147271 185.88238788719474

2017-08-23 19:55:17 [INFO] START EXP 5/5: NN_glove_200
2017-08-23 19:55:28 [INFO] Feature meta: [200, 4678]
2017-08-23 19:55:28 [INFO] FINISH EXP 5/5: NN_glove_200
2017-08-23 19:55:28 [INFO] MACRO_F1: NN_glove_200 0.4712970974757611
2017-08-23 19:55:28 [INFO] EXE_TIME: NN_glove_200 184.33038436928 10.543362284812929 194.87374665409294

