2017-08-24 07:53:10 [INFO] Load data: exp\main\exp02\A3\data\data.A3.train
2017-08-24 07:53:10 [INFO] Load data: exp\main\exp02\A3\data\data.A3.test
2017-08-24 07:53:10 [INFO]  7500, 7500
2017-08-24 07:53:10 [INFO]  7498, 7496
2017-08-24 07:53:10 [INFO] [1, 2, 3, 4, 5]
2017-08-24 07:53:10 [INFO] [0, 1, 2, 3, 4]

2017-08-24 07:53:10 [INFO] START EXP 1/10: kNN_lsi_n200
2017-08-24 07:53:10 [INFO] Init Feature
2017-08-24 07:53:38 [INFO] Feature meta: [200]
2017-08-24 07:53:38 [INFO] FINISH EXP 1/10: kNN_lsi_n200
2017-08-24 07:53:38 [INFO] MACRO_F1: kNN_lsi_n200 0.3862090252109853
2017-08-24 07:53:38 [INFO] EXE_TIME: kNN_lsi_n200 5.768722770405134 0.11742776965712665 5.8861505400622605

2017-08-24 07:53:38 [INFO] START EXP 2/10: NB_lsi_n200
2017-08-24 07:53:38 [INFO] Feature meta: [200]
2017-08-24 07:53:38 [INFO] FINISH EXP 2/10: NB_lsi_n200
2017-08-24 07:53:38 [INFO] MACRO_F1: NB_lsi_n200 0.38901115087097715
2017-08-24 07:53:38 [INFO] EXE_TIME: NB_lsi_n200 5.768722770405134 0.03701586732660189 5.805738637731736

2017-08-24 07:53:38 [INFO] START EXP 3/10: LR_lsi_n200
2017-08-24 07:53:39 [INFO] Feature meta: [200]
2017-08-24 07:53:39 [INFO] FINISH EXP 3/10: LR_lsi_n200
2017-08-24 07:53:39 [INFO] MACRO_F1: LR_lsi_n200 0.4521109966940021
2017-08-24 07:53:39 [INFO] EXE_TIME: LR_lsi_n200 5.768722770405134 1.206146166353335 6.974868936758469

2017-08-24 07:53:39 [INFO] START EXP 4/10: SVM_lsi_n200
2017-08-24 07:53:41 [INFO] Feature meta: [200]
2017-08-24 07:53:41 [INFO] FINISH EXP 4/10: SVM_lsi_n200
2017-08-24 07:53:41 [INFO] MACRO_F1: SVM_lsi_n200 0.4460667796492549
2017-08-24 07:53:41 [INFO] EXE_TIME: SVM_lsi_n200 5.768722770405134 1.4275663664939202 7.196289136899054

2017-08-24 07:53:41 [INFO] START EXP 5/10: NN_lsi_n200
2017-08-24 07:53:58 [INFO] Feature meta: [200]
2017-08-24 07:53:58 [INFO] FINISH EXP 5/10: NN_lsi_n200
2017-08-24 07:53:58 [INFO] MACRO_F1: NN_lsi_n200 0.4503673971064862
2017-08-24 07:53:58 [INFO] EXE_TIME: NN_lsi_n200 5.768722770405134 17.105378754116657 22.87410152452179

2017-08-24 07:53:58 [INFO] START EXP 6/10: kNN_lsi_t200
2017-08-24 07:53:58 [INFO] Init Feature
2017-08-24 07:54:25 [INFO] Feature meta: [200]
2017-08-24 07:54:25 [INFO] FINISH EXP 6/10: kNN_lsi_t200
2017-08-24 07:54:25 [INFO] MACRO_F1: kNN_lsi_t200 0.4122570485511748
2017-08-24 07:54:25 [INFO] EXE_TIME: kNN_lsi_t200 4.565573857852087 0.10810482217203798 4.673678680024125

2017-08-24 07:54:25 [INFO] START EXP 7/10: NB_lsi_t200
2017-08-24 07:54:25 [INFO] Feature meta: [200]
2017-08-24 07:54:25 [INFO] FINISH EXP 7/10: NB_lsi_t200
2017-08-24 07:54:25 [INFO] MACRO_F1: NB_lsi_t200 0.4104293399711706
2017-08-24 07:54:25 [INFO] EXE_TIME: NB_lsi_t200 4.565573857852087 0.03646560105534036 4.602039458907427

2017-08-24 07:54:25 [INFO] START EXP 8/10: LR_lsi_t200
2017-08-24 07:54:26 [INFO] Feature meta: [200]
2017-08-24 07:54:26 [INFO] FINISH EXP 8/10: LR_lsi_t200
2017-08-24 07:54:26 [INFO] MACRO_F1: LR_lsi_t200 0.46985034160230327
2017-08-24 07:54:26 [INFO] EXE_TIME: LR_lsi_t200 4.565573857852087 0.9024493164895375 5.468023174341624

2017-08-24 07:54:26 [INFO] START EXP 9/10: SVM_lsi_t200
2017-08-24 07:54:28 [INFO] Feature meta: [200]
2017-08-24 07:54:28 [INFO] FINISH EXP 9/10: SVM_lsi_t200
2017-08-24 07:54:28 [INFO] MACRO_F1: SVM_lsi_t200 0.4620871896967113
2017-08-24 07:54:28 [INFO] EXE_TIME: SVM_lsi_t200 4.565573857852087 1.4000341054560863 5.965607963308173

2017-08-24 07:54:28 [INFO] START EXP 10/10: NN_lsi_t200
2017-08-24 07:54:45 [INFO] Feature meta: [200]
2017-08-24 07:54:45 [INFO] FINISH EXP 10/10: NN_lsi_t200
2017-08-24 07:54:45 [INFO] MACRO_F1: NN_lsi_t200 0.46101291904278074
2017-08-24 07:54:45 [INFO] EXE_TIME: NN_lsi_t200 4.565573857852087 17.404509657094138 21.970083514946225

