2017-08-23 03:49:10 [INFO] Load data: exp\main\exp02\A3\data\data.A3.train
2017-08-23 03:49:10 [INFO] Load data: exp\main\exp02\A3\data\data.A3.test
2017-08-23 03:49:10 [INFO]  7500, 7500
2017-08-23 03:49:10 [INFO]  7498, 7496
2017-08-23 03:49:10 [INFO] [1, 2, 3, 4, 5]
2017-08-23 03:49:10 [INFO] [0, 1, 2, 3, 4]

2017-08-23 03:49:10 [INFO] START EXP 1/10: kNN_ngram_001
2017-08-23 03:49:10 [INFO] Init Feature
2017-08-23 03:53:02 [INFO] Feature meta: [3148]
2017-08-23 03:53:02 [INFO] FINISH EXP 1/10: kNN_ngram_001
2017-08-23 03:53:02 [INFO] MACRO_F1: kNN_ngram_001 0.30215798649026143
2017-08-23 03:53:02 [INFO] EXE_TIME: kNN_ngram_001 0.3273709311774837 2.137076301879233 2.464447233056717

2017-08-23 03:53:02 [INFO] START EXP 2/10: NB_ngram_001
2017-08-23 03:53:03 [INFO] Feature meta: [3148]
2017-08-23 03:53:03 [INFO] FINISH EXP 2/10: NB_ngram_001
2017-08-23 03:53:03 [INFO] MACRO_F1: NB_ngram_001 0.48162178983869375
2017-08-23 03:53:03 [INFO] EXE_TIME: NB_ngram_001 0.3273709311774837 0.1788961437546277 0.5062670749321114

2017-08-23 03:53:03 [INFO] START EXP 3/10: LR_ngram_001
2017-08-23 03:53:05 [INFO] Feature meta: [3148]
2017-08-23 03:53:05 [INFO] FINISH EXP 3/10: LR_ngram_001
2017-08-23 03:53:05 [INFO] MACRO_F1: LR_ngram_001 0.4593428417447198
2017-08-23 03:53:05 [INFO] EXE_TIME: LR_ngram_001 0.3273709311774837 2.111870238213214 2.439241169390698

2017-08-23 03:53:05 [INFO] START EXP 4/10: SVM_ngram_001
2017-08-23 03:53:09 [INFO] Feature meta: [3148]
2017-08-23 03:53:09 [INFO] FINISH EXP 4/10: SVM_ngram_001
2017-08-23 03:53:09 [INFO] MACRO_F1: SVM_ngram_001 0.4305142626068613
2017-08-23 03:53:09 [INFO] EXE_TIME: SVM_ngram_001 0.3273709311774837 3.224868640704244 3.552239571881728

2017-08-23 03:53:09 [INFO] START EXP 5/10: NN_ngram_001
2017-08-23 03:55:39 [INFO] Feature meta: [3148]
2017-08-23 03:55:39 [INFO] FINISH EXP 5/10: NN_ngram_001
2017-08-23 03:55:39 [INFO] MACRO_F1: NN_ngram_001 0.44970177623109847
2017-08-23 03:55:39 [INFO] EXE_TIME: NN_ngram_001 0.3273709311774837 150.17674244735872 150.5041133785362

2017-08-23 03:55:39 [INFO] START EXP 6/10: kNN_tfidf_001
2017-08-23 03:55:39 [INFO] Init Feature
2017-08-23 03:59:48 [INFO] Feature meta: [3148]
2017-08-23 03:59:48 [INFO] FINISH EXP 6/10: kNN_tfidf_001
2017-08-23 03:59:48 [INFO] MACRO_F1: kNN_tfidf_001 0.4147381899841984
2017-08-23 03:59:48 [INFO] EXE_TIME: kNN_tfidf_001 0.6362353102788347 2.09707739135888 2.733312701637715

2017-08-23 03:59:48 [INFO] START EXP 7/10: NB_tfidf_001
2017-08-23 03:59:48 [INFO] Feature meta: [3148]
2017-08-23 03:59:48 [INFO] FINISH EXP 7/10: NB_tfidf_001
2017-08-23 03:59:48 [INFO] MACRO_F1: NB_tfidf_001 0.4771916184695537
2017-08-23 03:59:48 [INFO] EXE_TIME: NB_tfidf_001 0.6362353102788347 0.10513046323831077 0.7413657735171455

2017-08-23 03:59:48 [INFO] START EXP 8/10: LR_tfidf_001
2017-08-23 03:59:49 [INFO] Feature meta: [3148]
2017-08-23 03:59:49 [INFO] FINISH EXP 8/10: LR_tfidf_001
2017-08-23 03:59:49 [INFO] MACRO_F1: LR_tfidf_001 0.4753962461563407
2017-08-23 03:59:49 [INFO] EXE_TIME: LR_tfidf_001 0.6362353102788347 0.4142956335144845 1.0505309437933192

2017-08-23 03:59:49 [INFO] START EXP 9/10: SVM_tfidf_001
2017-08-23 03:59:49 [INFO] Feature meta: [3148]
2017-08-23 03:59:49 [INFO] FINISH EXP 9/10: SVM_tfidf_001
2017-08-23 03:59:49 [INFO] MACRO_F1: SVM_tfidf_001 0.4509325547883704
2017-08-23 03:59:49 [INFO] EXE_TIME: SVM_tfidf_001 0.6362353102788347 0.3606308562011691 0.9968661664800038

2017-08-23 03:59:49 [INFO] START EXP 10/10: NN_tfidf_001
2017-08-23 04:02:58 [INFO] Feature meta: [3148]
2017-08-23 04:02:58 [INFO] FINISH EXP 10/10: NN_tfidf_001
2017-08-23 04:02:58 [INFO] MACRO_F1: NN_tfidf_001 0.4316033311300709
2017-08-23 04:02:58 [INFO] EXE_TIME: NN_tfidf_001 0.6362353102788347 188.9623245236785 189.59855983395732

