2017-08-23 17:43:08 [INFO] Load data: exp\main\exp02\A3\data\data.A3.train
2017-08-23 17:43:08 [INFO] Load data: exp\main\exp02\A3\data\data.A3.test
2017-08-23 17:43:08 [INFO]  7500, 7500
2017-08-23 17:43:08 [INFO]  7498, 7496
2017-08-23 17:43:08 [INFO] [1, 2, 3, 4, 5]
2017-08-23 17:43:08 [INFO] [0, 1, 2, 3, 4]

2017-08-23 17:43:08 [INFO] START EXP 1/5: kNN_word2vec_200
2017-08-23 17:43:08 [INFO] Init Feature
2017-08-23 17:44:03 [INFO] Feature meta: [200, 4677]
2017-08-23 17:44:03 [INFO] FINISH EXP 1/5: kNN_word2vec_200
2017-08-23 17:44:03 [INFO] MACRO_F1: kNN_word2vec_200 0.4380024676995566
2017-08-23 17:44:03 [INFO] EXE_TIME: kNN_word2vec_200 25.85814459213387 0.09825687171650088 25.95640146385037

2017-08-23 17:44:03 [INFO] START EXP 2/5: NB_word2vec_200
2017-08-23 17:44:03 [INFO] Feature meta: [200, 4677]
2017-08-23 17:44:03 [INFO] FINISH EXP 2/5: NB_word2vec_200
2017-08-23 17:44:03 [INFO] MACRO_F1: NB_word2vec_200 0.4234278825139922
2017-08-23 17:44:03 [INFO] EXE_TIME: NB_word2vec_200 25.85814459213387 0.05333556492490743 25.911480157058776

2017-08-23 17:44:03 [INFO] START EXP 3/5: LR_word2vec_200
2017-08-23 17:44:05 [INFO] Feature meta: [200, 4677]
2017-08-23 17:44:05 [INFO] FINISH EXP 3/5: LR_word2vec_200
2017-08-23 17:44:05 [INFO] MACRO_F1: LR_word2vec_200 0.4729207299093655
2017-08-23 17:44:05 [INFO] EXE_TIME: LR_word2vec_200 25.85814459213387 1.338547178622207 27.196691770756075

2017-08-23 17:44:05 [INFO] START EXP 4/5: SVM_word2vec_200
2017-08-23 17:44:06 [INFO] Feature meta: [200, 4677]
2017-08-23 17:44:06 [INFO] FINISH EXP 4/5: SVM_word2vec_200
2017-08-23 17:44:06 [INFO] MACRO_F1: SVM_word2vec_200 0.4589466615317782
2017-08-23 17:44:06 [INFO] EXE_TIME: SVM_word2vec_200 25.85814459213387 1.4142091856572279 27.272353777791096

2017-08-23 17:44:06 [INFO] START EXP 5/5: NN_word2vec_200
2017-08-23 17:44:23 [INFO] Feature meta: [200, 4677]
2017-08-23 17:44:23 [INFO] FINISH EXP 5/5: NN_word2vec_200
2017-08-23 17:44:23 [INFO] MACRO_F1: NN_word2vec_200 0.46961206635018343
2017-08-23 17:44:23 [INFO] EXE_TIME: NN_word2vec_200 25.85814459213387 17.17888390684317 43.03702849897704

