2017-08-23 02:41:26 [INFO] Load data: exp\main\exp02\B3\data\data.B3.train
2017-08-23 02:41:27 [INFO] Load data: exp\main\exp02\B3\data\data.B3.test
2017-08-23 02:41:28 [INFO]   486,  502
2017-08-23 02:41:28 [INFO]   486,  502
2017-08-23 02:41:28 [INFO] [0, 1, 2, 3, 4, 5, 6, 7, 8, 9, 10]
2017-08-23 02:41:28 [INFO] [0, 1, 2, 3, 4, 5, 6, 7, 8, 9, 10]

2017-08-23 02:41:28 [INFO] START EXP 1/15: kNN_copeopi_00ACT5
2017-08-23 02:41:28 [INFO] Init Feature
2017-08-23 02:41:28 [INFO] 4842-0=4842
2017-08-23 02:41:29 [INFO] Feature meta: [11, 4842]
2017-08-23 02:41:29 [INFO] FINISH EXP 1/15: kNN_copeopi_00ACT5
2017-08-23 02:41:29 [INFO] MACRO_F1: kNN_copeopi_00ACT5 0.7489954127021549
2017-08-23 02:41:29 [INFO] EXE_TIME: kNN_copeopi_00ACT5 0.8329866866351949 0.0008206625379898469 0.8338073491731848

2017-08-23 02:41:29 [INFO] START EXP 2/15: NB_copeopi_00ACT5
2017-08-23 02:41:29 [INFO] Feature meta: [11, 4842]
2017-08-23 02:41:29 [INFO] FINISH EXP 2/15: NB_copeopi_00ACT5
2017-08-23 02:41:29 [INFO] MACRO_F1: NB_copeopi_00ACT5 0.7281593876723446
2017-08-23 02:41:29 [INFO] EXE_TIME: NB_copeopi_00ACT5 0.8329866866351949 0.0014226396283447684 0.8344093262635397

2017-08-23 02:41:29 [INFO] START EXP 3/15: LR_copeopi_00ACT5
2017-08-23 02:41:29 [INFO] Feature meta: [11, 4842]
2017-08-23 02:41:29 [INFO] FINISH EXP 3/15: LR_copeopi_00ACT5
2017-08-23 02:41:29 [INFO] MACRO_F1: LR_copeopi_00ACT5 0.7722408694715363
2017-08-23 02:41:29 [INFO] EXE_TIME: LR_copeopi_00ACT5 0.8329866866351949 0.00666437981180934 0.8396510664470043

2017-08-23 02:41:29 [INFO] START EXP 4/15: SVM_copeopi_00ACT5
2017-08-23 02:41:29 [INFO] Feature meta: [11, 4842]
2017-08-23 02:41:29 [INFO] FINISH EXP 4/15: SVM_copeopi_00ACT5
2017-08-23 02:41:29 [INFO] MACRO_F1: SVM_copeopi_00ACT5 0.811843828357362
2017-08-23 02:41:29 [INFO] EXE_TIME: SVM_copeopi_00ACT5 0.8329866866351949 0.006230561567463155 0.8392172482026581

2017-08-23 02:41:29 [INFO] START EXP 5/15: NN_copeopi_00ACT5
2017-08-23 02:41:30 [INFO] Feature meta: [11, 4842]
2017-08-23 02:41:30 [INFO] FINISH EXP 5/15: NN_copeopi_00ACT5
2017-08-23 02:41:30 [INFO] MACRO_F1: NN_copeopi_00ACT5 0.7724561819641966
2017-08-23 02:41:30 [INFO] EXE_TIME: NN_copeopi_00ACT5 0.8329866866351949 0.5709162564999133 1.4039029431351082

2017-08-23 02:41:30 [INFO] START EXP 6/15: kNN_copeopi_00BCT5
2017-08-23 02:41:30 [INFO] Init Feature
2017-08-23 02:41:30 [INFO] 4842-0=4842
2017-08-23 02:41:33 [INFO] Feature meta: [55, 4842]
2017-08-23 02:41:33 [INFO] FINISH EXP 6/15: kNN_copeopi_00BCT5
2017-08-23 02:41:33 [INFO] MACRO_F1: kNN_copeopi_00BCT5 0.7158190240505692
2017-08-23 02:41:33 [INFO] EXE_TIME: kNN_copeopi_00BCT5 2.2531149847295637 0.001640140858853556 2.2547551255884173

2017-08-23 02:41:33 [INFO] START EXP 7/15: NB_copeopi_00BCT5
2017-08-23 02:41:33 [INFO] Feature meta: [55, 4842]
2017-08-23 02:41:33 [INFO] FINISH EXP 7/15: NB_copeopi_00BCT5
2017-08-23 02:41:33 [INFO] MACRO_F1: NB_copeopi_00BCT5 0.7080008575320201
2017-08-23 02:41:33 [INFO] EXE_TIME: NB_copeopi_00BCT5 2.2531149847295637 0.00226027594635525 2.255375260675919

2017-08-23 02:41:33 [INFO] START EXP 8/15: LR_copeopi_00BCT5
2017-08-23 02:41:33 [INFO] Feature meta: [55, 4842]
2017-08-23 02:41:33 [INFO] FINISH EXP 8/15: LR_copeopi_00BCT5
2017-08-23 02:41:33 [INFO] MACRO_F1: LR_copeopi_00BCT5 0.7354982469431701
2017-08-23 02:41:33 [INFO] EXE_TIME: LR_copeopi_00BCT5 2.2531149847295637 0.023861187635702663 2.2769761723652664

2017-08-23 02:41:33 [INFO] START EXP 9/15: SVM_copeopi_00BCT5
2017-08-23 02:41:33 [INFO] Feature meta: [55, 4842]
2017-08-23 02:41:33 [INFO] FINISH EXP 9/15: SVM_copeopi_00BCT5
2017-08-23 02:41:33 [INFO] MACRO_F1: SVM_copeopi_00BCT5 0.7544560844142932
2017-08-23 02:41:33 [INFO] EXE_TIME: SVM_copeopi_00BCT5 2.2531149847295637 0.011128484016353468 2.264243468745917

2017-08-23 02:41:33 [INFO] START EXP 10/15: NN_copeopi_00BCT5
2017-08-23 02:41:34 [INFO] Feature meta: [55, 4842]
2017-08-23 02:41:34 [INFO] FINISH EXP 10/15: NN_copeopi_00BCT5
2017-08-23 02:41:34 [INFO] MACRO_F1: NN_copeopi_00BCT5 0.7547218751694769
2017-08-23 02:41:34 [INFO] EXE_TIME: NN_copeopi_00BCT5 2.2531149847295637 0.7250152862707182 2.978130271000282

2017-08-23 02:41:34 [INFO] START EXP 11/15: kNN_copeopi_00CCT5
2017-08-23 02:41:34 [INFO] Init Feature
2017-08-23 02:41:34 [INFO] 4842-0=4842
2017-08-23 02:41:37 [INFO] Feature meta: [66, 4842]
2017-08-23 02:41:37 [INFO] FINISH EXP 11/15: kNN_copeopi_00CCT5
2017-08-23 02:41:37 [INFO] MACRO_F1: kNN_copeopi_00CCT5 0.7172695448476897
2017-08-23 02:41:37 [INFO] EXE_TIME: kNN_copeopi_00CCT5 2.7481221275329517 0.0018205366159236291 2.7499426641488753

2017-08-23 02:41:37 [INFO] START EXP 12/15: NB_copeopi_00CCT5
2017-08-23 02:41:37 [INFO] Feature meta: [66, 4842]
2017-08-23 02:41:37 [INFO] FINISH EXP 12/15: NB_copeopi_00CCT5
2017-08-23 02:41:37 [INFO] MACRO_F1: NB_copeopi_00CCT5 0.724592044860928
2017-08-23 02:41:37 [INFO] EXE_TIME: NB_copeopi_00CCT5 2.7481221275329517 0.0018067207483909442 2.7499288482813427

2017-08-23 02:41:37 [INFO] START EXP 13/15: LR_copeopi_00CCT5
2017-08-23 02:41:37 [INFO] Feature meta: [66, 4842]
2017-08-23 02:41:37 [INFO] FINISH EXP 13/15: LR_copeopi_00CCT5
2017-08-23 02:41:37 [INFO] MACRO_F1: LR_copeopi_00CCT5 0.7370453278196126
2017-08-23 02:41:37 [INFO] EXE_TIME: LR_copeopi_00CCT5 2.7481221275329517 0.026579755648981518 2.7747018831819332

2017-08-23 02:41:37 [INFO] START EXP 14/15: SVM_copeopi_00CCT5
2017-08-23 02:41:38 [INFO] Feature meta: [66, 4842]
2017-08-23 02:41:38 [INFO] FINISH EXP 14/15: SVM_copeopi_00CCT5
2017-08-23 02:41:38 [INFO] MACRO_F1: SVM_copeopi_00CCT5 0.7762965349019592
2017-08-23 02:41:38 [INFO] EXE_TIME: SVM_copeopi_00CCT5 2.7481221275329517 0.012461517874271522 2.7605836454072232

2017-08-23 02:41:38 [INFO] START EXP 15/15: NN_copeopi_00CCT5
2017-08-23 02:41:38 [INFO] Feature meta: [66, 4842]
2017-08-23 02:41:38 [INFO] FINISH EXP 15/15: NN_copeopi_00CCT5
2017-08-23 02:41:38 [INFO] MACRO_F1: NN_copeopi_00CCT5 0.7618469507048485
2017-08-23 02:41:38 [INFO] EXE_TIME: NN_copeopi_00CCT5 2.7481221275329517 0.7455839552776524 3.493706082810604

