2017-08-24 03:53:36 [INFO] Load data: exp\main\exp02\B3\data\data.B3.train
2017-08-24 03:53:37 [INFO] Load data: exp\main\exp02\B3\data\data.B3.test
2017-08-24 03:53:37 [INFO]   486,  502
2017-08-24 03:53:37 [INFO]   486,  502
2017-08-24 03:53:37 [INFO] [0, 1, 2, 3, 4, 5, 6, 7, 8, 9, 10]
2017-08-24 03:53:37 [INFO] [0, 1, 2, 3, 4, 5, 6, 7, 8, 9, 10]

2017-08-24 03:53:37 [INFO] START EXP 1/5: kNN_glove_200
2017-08-24 03:53:37 [INFO] Init Feature
2017-08-24 03:56:30 [INFO] Feature meta: [200, 4843]
2017-08-24 03:56:30 [INFO] FINISH EXP 1/5: kNN_glove_200
2017-08-24 03:56:30 [INFO] MACRO_F1: kNN_glove_200 0.46791809096226855
2017-08-24 03:56:30 [INFO] EXE_TIME: kNN_glove_200 171.60864502259685 0.003841600682733315 171.61248662327958

2017-08-24 03:56:30 [INFO] START EXP 2/5: NB_glove_200
2017-08-24 03:56:30 [INFO] Feature meta: [200, 4843]
2017-08-24 03:56:30 [INFO] FINISH EXP 2/5: NB_glove_200
2017-08-24 03:56:30 [INFO] MACRO_F1: NB_glove_200 0.4732254929402163
2017-08-24 03:56:30 [INFO] EXE_TIME: NB_glove_200 171.60864502259685 0.0025918567696976424 171.61123687936654

2017-08-24 03:56:30 [INFO] START EXP 3/5: LR_glove_200
2017-08-24 03:56:30 [INFO] Feature meta: [200, 4843]
2017-08-24 03:56:30 [INFO] FINISH EXP 3/5: LR_glove_200
2017-08-24 03:56:30 [INFO] MACRO_F1: LR_glove_200 0.3327789209698278
2017-08-24 03:56:30 [INFO] EXE_TIME: LR_glove_200 171.60864502259685 0.062401142532792164 171.67104616512964

2017-08-24 03:56:30 [INFO] START EXP 4/5: SVM_glove_200
2017-08-24 03:56:31 [INFO] Feature meta: [200, 4843]
2017-08-24 03:56:31 [INFO] FINISH EXP 4/5: SVM_glove_200
2017-08-24 03:56:31 [INFO] MACRO_F1: SVM_glove_200 0.5783099893168738
2017-08-24 03:56:31 [INFO] EXE_TIME: SVM_glove_200 171.60864502259685 0.1237455685604516 171.7323905911573

2017-08-24 03:56:31 [INFO] START EXP 5/5: NN_glove_200
2017-08-24 03:56:32 [INFO] Feature meta: [200, 4843]
2017-08-24 03:56:32 [INFO] FINISH EXP 5/5: NN_glove_200
2017-08-24 03:56:32 [INFO] MACRO_F1: NN_glove_200 0.5467423898959844
2017-08-24 03:56:32 [INFO] EXE_TIME: NN_glove_200 171.60864502259685 1.2096009227420552 172.8182459453389

