2017-08-24 10:32:17 [INFO] Load data: exp\main\exp02\B3\data\data.B3.train
2017-08-24 10:33:00 [INFO] Load data: exp\main\exp02\B3\data\data.B3.test
2017-08-24 10:33:01 [INFO]   486,  502
2017-08-24 10:33:01 [INFO]   486,  502
2017-08-24 10:33:01 [INFO] [0, 1, 2, 3, 4, 5, 6, 7, 8, 9, 10]
2017-08-24 10:33:01 [INFO] [0, 1, 2, 3, 4, 5, 6, 7, 8, 9, 10]

2017-08-24 10:33:01 [INFO] START EXP 1/10: kNN_lsi_n200
2017-08-24 10:33:01 [INFO] Init Feature
2017-08-24 10:33:10 [INFO] Feature meta: [200]
2017-08-24 10:33:10 [INFO] FINISH EXP 1/10: kNN_lsi_n200
2017-08-24 10:33:10 [INFO] MACRO_F1: kNN_lsi_n200 0.4750714725872094
2017-08-24 10:33:10 [INFO] EXE_TIME: kNN_lsi_n200 7.3845634916087874 0.005438320242319605 7.390001811851107

2017-08-24 10:33:10 [INFO] START EXP 2/10: NB_lsi_n200
2017-08-24 10:33:10 [INFO] Feature meta: [200]
2017-08-24 10:33:10 [INFO] FINISH EXP 2/10: NB_lsi_n200
2017-08-24 10:33:10 [INFO] MACRO_F1: NB_lsi_n200 0.560316678480413
2017-08-24 10:33:10 [INFO] EXE_TIME: NB_lsi_n200 7.3845634916087874 0.005589110569417244 7.390152602178205

2017-08-24 10:33:10 [INFO] START EXP 3/10: LR_lsi_n200
2017-08-24 10:33:10 [INFO] Feature meta: [200]
2017-08-24 10:33:10 [INFO] FINISH EXP 3/10: LR_lsi_n200
2017-08-24 10:33:10 [INFO] MACRO_F1: LR_lsi_n200 0.6817424229219167
2017-08-24 10:33:10 [INFO] EXE_TIME: LR_lsi_n200 7.3845634916087874 0.07912544768259977 7.463688939291387

2017-08-24 10:33:10 [INFO] START EXP 4/10: SVM_lsi_n200
2017-08-24 10:33:10 [INFO] Feature meta: [200]
2017-08-24 10:33:10 [INFO] FINISH EXP 4/10: SVM_lsi_n200
2017-08-24 10:33:10 [INFO] MACRO_F1: SVM_lsi_n200 0.8107372608279921
2017-08-24 10:33:10 [INFO] EXE_TIME: SVM_lsi_n200 7.3845634916087874 0.08343520890957734 7.467998700518365

2017-08-24 10:33:10 [INFO] START EXP 5/10: NN_lsi_n200
2017-08-24 10:33:12 [INFO] Feature meta: [200]
2017-08-24 10:33:12 [INFO] FINISH EXP 5/10: NN_lsi_n200
2017-08-24 10:33:12 [INFO] MACRO_F1: NN_lsi_n200 0.8050800682729325
2017-08-24 10:33:12 [INFO] EXE_TIME: NN_lsi_n200 7.3845634916087874 1.2624197742170509 8.646983265825838

2017-08-24 10:33:12 [INFO] START EXP 6/10: kNN_lsi_t200
2017-08-24 10:33:12 [INFO] Init Feature
2017-08-24 10:33:16 [INFO] Feature meta: [200]
2017-08-24 10:33:16 [INFO] FINISH EXP 6/10: kNN_lsi_t200
2017-08-24 10:33:16 [INFO] MACRO_F1: kNN_lsi_t200 0.6095371406770608
2017-08-24 10:33:16 [INFO] EXE_TIME: kNN_lsi_t200 3.6056750057941827 0.0052330559246911434 3.610908061718874

2017-08-24 10:33:16 [INFO] START EXP 7/10: NB_lsi_t200
2017-08-24 10:33:16 [INFO] Feature meta: [200]
2017-08-24 10:33:16 [INFO] FINISH EXP 7/10: NB_lsi_t200
2017-08-24 10:33:16 [INFO] MACRO_F1: NB_lsi_t200 0.5451169888199439
2017-08-24 10:33:16 [INFO] EXE_TIME: NB_lsi_t200 3.6056750057941827 0.0026072515938722063 3.608282257388055

2017-08-24 10:33:16 [INFO] START EXP 8/10: LR_lsi_t200
2017-08-24 10:33:16 [INFO] Feature meta: [200]
2017-08-24 10:33:16 [INFO] FINISH EXP 8/10: LR_lsi_t200
2017-08-24 10:33:16 [INFO] MACRO_F1: LR_lsi_t200 0.8352585698732177
2017-08-24 10:33:16 [INFO] EXE_TIME: LR_lsi_t200 3.6056750057941827 0.07810978404268099 3.6837847898368636

2017-08-24 10:33:16 [INFO] START EXP 9/10: SVM_lsi_t200
2017-08-24 10:33:16 [INFO] Feature meta: [200]
2017-08-24 10:33:16 [INFO] FINISH EXP 9/10: SVM_lsi_t200
2017-08-24 10:33:16 [INFO] MACRO_F1: SVM_lsi_t200 0.8899237923683508
2017-08-24 10:33:16 [INFO] EXE_TIME: SVM_lsi_t200 3.6056750057941827 0.06274969713558676 3.6684247029297694

2017-08-24 10:33:16 [INFO] START EXP 10/10: NN_lsi_t200
2017-08-24 10:33:18 [INFO] Feature meta: [200]
2017-08-24 10:33:18 [INFO] FINISH EXP 10/10: NN_lsi_t200
2017-08-24 10:33:18 [INFO] MACRO_F1: NN_lsi_t200 0.884919273678237
2017-08-24 10:33:18 [INFO] EXE_TIME: NN_lsi_t200 3.6056750057941827 1.244661252689184 4.850336258483367

