2017-08-23 17:28:56 [INFO] Load data: exp\main\exp02\B3\data\data.B3.train
2017-08-23 17:30:41 [INFO] Load data: exp\main\exp02\B3\data\data.B3.test
2017-08-23 17:32:30 [INFO]   486,  502
2017-08-23 17:32:30 [INFO]   486,  502
2017-08-23 17:32:30 [INFO] [0, 1, 2, 3, 4, 5, 6, 7, 8, 9, 10]
2017-08-23 17:32:30 [INFO] [0, 1, 2, 3, 4, 5, 6, 7, 8, 9, 10]

2017-08-23 17:32:30 [INFO] START EXP 1/10: kNN_ngram_001
2017-08-23 17:32:30 [INFO] Init Feature
2017-08-23 17:32:41 [INFO] Feature meta: [23920]
2017-08-23 17:32:41 [INFO] FINISH EXP 1/10: kNN_ngram_001
2017-08-23 17:32:41 [INFO] MACRO_F1: kNN_ngram_001 0.3102378485218864
2017-08-23 17:32:41 [INFO] EXE_TIME: kNN_ngram_001 0.825635855566361 0.6513668432598934 1.4770026988262543

2017-08-23 17:32:41 [INFO] START EXP 2/10: NB_ngram_001
2017-08-23 17:32:42 [INFO] Feature meta: [23920]
2017-08-23 17:32:42 [INFO] FINISH EXP 2/10: NB_ngram_001
2017-08-23 17:32:42 [INFO] MACRO_F1: NB_ngram_001 0.7269135783829301
2017-08-23 17:32:42 [INFO] EXE_TIME: NB_ngram_001 0.825635855566361 0.2512083949986845 1.0768442505650455

2017-08-23 17:32:42 [INFO] START EXP 3/10: LR_ngram_001
2017-08-23 17:32:43 [INFO] Feature meta: [23920]
2017-08-23 17:32:43 [INFO] FINISH EXP 3/10: LR_ngram_001
2017-08-23 17:32:43 [INFO] MACRO_F1: LR_ngram_001 0.8102901947836859
2017-08-23 17:32:43 [INFO] EXE_TIME: LR_ngram_001 0.825635855566361 0.863857650772843 1.689493506339204

2017-08-23 17:32:43 [INFO] START EXP 4/10: SVM_ngram_001
2017-08-23 17:32:44 [INFO] Feature meta: [23920]
2017-08-23 17:32:44 [INFO] FINISH EXP 4/10: SVM_ngram_001
2017-08-23 17:32:44 [INFO] MACRO_F1: SVM_ngram_001 0.8174026227528576
2017-08-23 17:32:44 [INFO] EXE_TIME: SVM_ngram_001 0.825635855566361 0.74234354220971 1.567979397776071

2017-08-23 17:32:44 [INFO] START EXP 5/10: NN_ngram_001
2017-08-23 17:33:09 [INFO] Feature meta: [23920]
2017-08-23 17:33:09 [INFO] FINISH EXP 5/10: NN_ngram_001
2017-08-23 17:33:09 [INFO] MACRO_F1: NN_ngram_001 0.8229558262453007
2017-08-23 17:33:09 [INFO] EXE_TIME: NN_ngram_001 0.825635855566361 25.513113034721755 26.338748890288116

2017-08-23 17:33:09 [INFO] START EXP 6/10: kNN_tfidf_001
2017-08-23 17:33:09 [INFO] Init Feature
2017-08-23 17:33:21 [INFO] Feature meta: [23920]
2017-08-23 17:33:21 [INFO] FINISH EXP 6/10: kNN_tfidf_001
2017-08-23 17:33:21 [INFO] MACRO_F1: kNN_tfidf_001 0.6027124651363194
2017-08-23 17:33:21 [INFO] EXE_TIME: kNN_tfidf_001 0.7049285936736851 0.36048835539259017 1.0654169490662753

2017-08-23 17:33:21 [INFO] START EXP 7/10: NB_tfidf_001
2017-08-23 17:33:21 [INFO] Feature meta: [23920]
2017-08-23 17:33:21 [INFO] FINISH EXP 7/10: NB_tfidf_001
2017-08-23 17:33:21 [INFO] MACRO_F1: NB_tfidf_001 0.4734034731456304
2017-08-23 17:33:21 [INFO] EXE_TIME: NB_tfidf_001 0.7049285936736851 0.07041671419574413 0.7753453078694292

2017-08-23 17:33:21 [INFO] START EXP 8/10: LR_tfidf_001
2017-08-23 17:33:21 [INFO] Feature meta: [23920]
2017-08-23 17:33:21 [INFO] FINISH EXP 8/10: LR_tfidf_001
2017-08-23 17:33:21 [INFO] MACRO_F1: LR_tfidf_001 0.7397838419607834
2017-08-23 17:33:21 [INFO] EXE_TIME: LR_tfidf_001 0.7049285936736851 0.24578783801553072 0.9507164316892158

2017-08-23 17:33:21 [INFO] START EXP 9/10: SVM_tfidf_001
2017-08-23 17:33:22 [INFO] Feature meta: [23920]
2017-08-23 17:33:22 [INFO] FINISH EXP 9/10: SVM_tfidf_001
2017-08-23 17:33:22 [INFO] MACRO_F1: SVM_tfidf_001 0.9013726104449663
2017-08-23 17:33:22 [INFO] EXE_TIME: SVM_tfidf_001 0.7049285936736851 0.160907884084736 0.8658364777584211

2017-08-23 17:33:22 [INFO] START EXP 10/10: NN_tfidf_001
2017-08-23 17:34:52 [INFO] Feature meta: [23920]
2017-08-23 17:34:52 [INFO] FINISH EXP 10/10: NN_tfidf_001
2017-08-23 17:34:52 [INFO] MACRO_F1: NN_tfidf_001 0.870225171896823
2017-08-23 17:34:52 [INFO] EXE_TIME: NN_tfidf_001 0.7049285936736851 90.0522752957695 90.75720388944319

