2017-08-23 19:25:37 [INFO] Load data: exp\main\exp02\B3\data\data.B3.train
2017-08-23 19:25:38 [INFO] Load data: exp\main\exp02\B3\data\data.B3.test
2017-08-23 19:25:39 [INFO]   486,  502
2017-08-23 19:25:39 [INFO]   486,  502
2017-08-23 19:25:39 [INFO] [0, 1, 2, 3, 4, 5, 6, 7, 8, 9, 10]
2017-08-23 19:25:39 [INFO] [0, 1, 2, 3, 4, 5, 6, 7, 8, 9, 10]

2017-08-23 19:25:39 [INFO] START EXP 1/5: kNN_word2vec_200
2017-08-23 19:25:39 [INFO] Init Feature
2017-08-23 19:25:59 [INFO] Feature meta: [200, 4842]
2017-08-23 19:25:59 [INFO] FINISH EXP 1/5: kNN_word2vec_200
2017-08-23 19:25:59 [INFO] MACRO_F1: kNN_word2vec_200 0.5753444522915484
2017-08-23 19:25:59 [INFO] EXE_TIME: kNN_word2vec_200 15.455614946242349 0.003929232757400314 15.45954417899975

2017-08-23 19:25:59 [INFO] START EXP 2/5: NB_word2vec_200
2017-08-23 19:25:59 [INFO] Feature meta: [200, 4842]
2017-08-23 19:25:59 [INFO] FINISH EXP 2/5: NB_word2vec_200
2017-08-23 19:25:59 [INFO] MACRO_F1: NB_word2vec_200 0.6411133430585522
2017-08-23 19:25:59 [INFO] EXE_TIME: NB_word2vec_200 15.455614946242349 0.0026972521027346374 15.458312198345084

2017-08-23 19:25:59 [INFO] START EXP 3/5: LR_word2vec_200
2017-08-23 19:25:59 [INFO] Feature meta: [200, 4842]
2017-08-23 19:25:59 [INFO] FINISH EXP 3/5: LR_word2vec_200
2017-08-23 19:25:59 [INFO] MACRO_F1: LR_word2vec_200 0.668266006851132
2017-08-23 19:25:59 [INFO] EXE_TIME: LR_word2vec_200 15.455614946242349 0.07024421322330454 15.525859159465654

2017-08-23 19:25:59 [INFO] START EXP 4/5: SVM_word2vec_200
2017-08-23 19:25:59 [INFO] Feature meta: [200, 4842]
2017-08-23 19:25:59 [INFO] FINISH EXP 4/5: SVM_word2vec_200
2017-08-23 19:25:59 [INFO] MACRO_F1: SVM_word2vec_200 0.7695545272744068
2017-08-23 19:25:59 [INFO] EXE_TIME: SVM_word2vec_200 15.455614946242349 0.05814190790806606 15.513756854150415

2017-08-23 19:25:59 [INFO] START EXP 5/5: NN_word2vec_200
2017-08-23 19:26:01 [INFO] Feature meta: [200, 4842]
2017-08-23 19:26:01 [INFO] FINISH EXP 5/5: NN_word2vec_200
2017-08-23 19:26:01 [INFO] MACRO_F1: NN_word2vec_200 0.7766324766261253
2017-08-23 19:26:01 [INFO] EXE_TIME: NN_word2vec_200 15.455614946242349 1.2163414871956775 16.671956433438027

