2017-08-23 02:05:16 [INFO] Load data: exp\main\exp01\B3\data\data.B3.train
2017-08-23 02:05:16 [INFO] Load data: exp\main\exp01\B3\data\data.B3.test
2017-08-23 02:05:24 [INFO]  2936, 1955
2017-08-23 02:05:24 [INFO]  2936, 1955
2017-08-23 02:05:24 [INFO] [0, 1, 2, 3, 4]
2017-08-23 02:05:24 [INFO] [0, 1, 2, 3, 4]

2017-08-23 02:05:24 [INFO] START EXP 1/15: kNN_copeopi_00ACT5
2017-08-23 02:05:24 [INFO] Init Feature
2017-08-23 02:05:24 [INFO] 7253-0=7253
2017-08-23 02:05:25 [INFO] Feature meta: [5, 7253]
2017-08-23 02:05:25 [INFO] FINISH EXP 1/15: kNN_copeopi_00ACT5
2017-08-23 02:05:25 [INFO] MACRO_F1: kNN_copeopi_00ACT5 0.7694464888733618
2017-08-23 02:05:25 [INFO] EXE_TIME: kNN_copeopi_00ACT5 0.8578880117348149 0.0027114627096125332 0.8605994744444274

2017-08-23 02:05:25 [INFO] START EXP 2/15: NB_copeopi_00ACT5
2017-08-23 02:05:25 [INFO] Feature meta: [5, 7253]
2017-08-23 02:05:25 [INFO] FINISH EXP 2/15: NB_copeopi_00ACT5
2017-08-23 02:05:25 [INFO] MACRO_F1: NB_copeopi_00ACT5 0.7745353181914114
2017-08-23 02:05:25 [INFO] EXE_TIME: NB_copeopi_00ACT5 0.8578880117348149 0.0016192196876545495 0.8595072314224694

2017-08-23 02:05:25 [INFO] START EXP 3/15: LR_copeopi_00ACT5
2017-08-23 02:05:25 [INFO] Feature meta: [5, 7253]
2017-08-23 02:05:25 [INFO] FINISH EXP 3/15: LR_copeopi_00ACT5
2017-08-23 02:05:25 [INFO] MACRO_F1: LR_copeopi_00ACT5 0.7727037272664585
2017-08-23 02:05:25 [INFO] EXE_TIME: LR_copeopi_00ACT5 0.8578880117348149 0.015517587796921362 0.8734055995317362

2017-08-23 02:05:25 [INFO] START EXP 4/15: SVM_copeopi_00ACT5
2017-08-23 02:05:25 [INFO] Feature meta: [5, 7253]
2017-08-23 02:05:25 [INFO] FINISH EXP 4/15: SVM_copeopi_00ACT5
2017-08-23 02:05:25 [INFO] MACRO_F1: SVM_copeopi_00ACT5 0.7754110408412284
2017-08-23 02:05:25 [INFO] EXE_TIME: SVM_copeopi_00ACT5 0.8578880117348149 0.01602680120424793 0.8739148129390628

2017-08-23 02:05:25 [INFO] START EXP 5/15: NN_copeopi_00ACT5
2017-08-23 02:05:26 [INFO] Feature meta: [5, 7253]
2017-08-23 02:05:26 [INFO] FINISH EXP 5/15: NN_copeopi_00ACT5
2017-08-23 02:05:26 [INFO] MACRO_F1: NN_copeopi_00ACT5 0.7733352662159894
2017-08-23 02:05:26 [INFO] EXE_TIME: NN_copeopi_00ACT5 0.8578880117348149 0.9426455965474361 1.800533608282251

2017-08-23 02:05:26 [INFO] START EXP 6/15: kNN_copeopi_00BCT5
2017-08-23 02:05:26 [INFO] Init Feature
2017-08-23 02:05:27 [INFO] 7253-0=7253
2017-08-23 02:05:28 [INFO] Feature meta: [10, 7253]
2017-08-23 02:05:28 [INFO] FINISH EXP 6/15: kNN_copeopi_00BCT5
2017-08-23 02:05:28 [INFO] MACRO_F1: kNN_copeopi_00BCT5 0.749320037440034
2017-08-23 02:05:28 [INFO] EXE_TIME: kNN_copeopi_00BCT5 1.194119650940138 0.003441335260163214 1.1975609862003012

2017-08-23 02:05:28 [INFO] START EXP 7/15: NB_copeopi_00BCT5
2017-08-23 02:05:28 [INFO] Feature meta: [10, 7253]
2017-08-23 02:05:28 [INFO] FINISH EXP 7/15: NB_copeopi_00BCT5
2017-08-23 02:05:28 [INFO] MACRO_F1: NB_copeopi_00BCT5 0.7496919865812427
2017-08-23 02:05:28 [INFO] EXE_TIME: NB_copeopi_00BCT5 1.194119650940138 0.001734088758666985 1.195853739698805

2017-08-23 02:05:28 [INFO] START EXP 8/15: LR_copeopi_00BCT5
2017-08-23 02:05:28 [INFO] Feature meta: [10, 7253]
2017-08-23 02:05:28 [INFO] FINISH EXP 8/15: LR_copeopi_00BCT5
2017-08-23 02:05:28 [INFO] MACRO_F1: LR_copeopi_00BCT5 0.7557722272757172
2017-08-23 02:05:28 [INFO] EXE_TIME: LR_copeopi_00BCT5 1.194119650940138 0.025166984497388967 1.219286635437527

2017-08-23 02:05:28 [INFO] START EXP 9/15: SVM_copeopi_00BCT5
2017-08-23 02:05:28 [INFO] Feature meta: [10, 7253]
2017-08-23 02:05:28 [INFO] FINISH EXP 9/15: SVM_copeopi_00BCT5
2017-08-23 02:05:28 [INFO] MACRO_F1: SVM_copeopi_00BCT5 0.7564122952491709
2017-08-23 02:05:28 [INFO] EXE_TIME: SVM_copeopi_00BCT5 1.194119650940138 0.021946703119454014 1.216066354059592

2017-08-23 02:05:28 [INFO] START EXP 10/15: NN_copeopi_00BCT5
2017-08-23 02:05:29 [INFO] Feature meta: [10, 7253]
2017-08-23 02:05:29 [INFO] FINISH EXP 10/15: NN_copeopi_00BCT5
2017-08-23 02:05:29 [INFO] MACRO_F1: NN_copeopi_00BCT5 0.7523682987119533
2017-08-23 02:05:29 [INFO] EXE_TIME: NN_copeopi_00BCT5 1.194119650940138 1.1210143688970788 2.315134019837217

2017-08-23 02:05:29 [INFO] START EXP 11/15: kNN_copeopi_00CCT5
2017-08-23 02:05:29 [INFO] Init Feature
2017-08-23 02:05:29 [INFO] 7253-0=7253
2017-08-23 02:05:31 [INFO] Feature meta: [15, 7253]
2017-08-23 02:05:31 [INFO] FINISH EXP 11/15: kNN_copeopi_00CCT5
2017-08-23 02:05:31 [INFO] MACRO_F1: kNN_copeopi_00CCT5 0.7575611259313485
2017-08-23 02:05:31 [INFO] EXE_TIME: kNN_copeopi_00CCT5 1.3573971536944214 0.004370945782966373 1.3617680994773878

2017-08-23 02:05:31 [INFO] START EXP 12/15: NB_copeopi_00CCT5
2017-08-23 02:05:31 [INFO] Feature meta: [15, 7253]
2017-08-23 02:05:31 [INFO] FINISH EXP 12/15: NB_copeopi_00CCT5
2017-08-23 02:05:31 [INFO] MACRO_F1: NB_copeopi_00CCT5 0.7604608409729867
2017-08-23 02:05:31 [INFO] EXE_TIME: NB_copeopi_00CCT5 1.3573971536944214 0.004396209083836311 1.3617933627782577

2017-08-23 02:05:31 [INFO] START EXP 13/15: LR_copeopi_00CCT5
2017-08-23 02:05:31 [INFO] Feature meta: [15, 7253]
2017-08-23 02:05:31 [INFO] FINISH EXP 13/15: LR_copeopi_00CCT5
2017-08-23 02:05:31 [INFO] MACRO_F1: LR_copeopi_00CCT5 0.7662365671208612
2017-08-23 02:05:31 [INFO] EXE_TIME: LR_copeopi_00CCT5 1.3573971536944214 0.033520452813093016 1.3909176065075144

2017-08-23 02:05:31 [INFO] START EXP 14/15: SVM_copeopi_00CCT5
2017-08-23 02:05:31 [INFO] Feature meta: [15, 7253]
2017-08-23 02:05:31 [INFO] FINISH EXP 14/15: SVM_copeopi_00CCT5
2017-08-23 02:05:31 [INFO] MACRO_F1: SVM_copeopi_00CCT5 0.7708321672184304
2017-08-23 02:05:31 [INFO] EXE_TIME: SVM_copeopi_00CCT5 1.3573971536944214 0.02207459857993399 1.3794717522743554

2017-08-23 02:05:31 [INFO] START EXP 15/15: NN_copeopi_00CCT5
2017-08-23 02:05:32 [INFO] Feature meta: [15, 7253]
2017-08-23 02:05:32 [INFO] FINISH EXP 15/15: NN_copeopi_00CCT5
2017-08-23 02:05:32 [INFO] MACRO_F1: NN_copeopi_00CCT5 0.7699510610705956
2017-08-23 02:05:32 [INFO] EXE_TIME: NN_copeopi_00CCT5 1.3573971536944214 1.0868023332237158 2.444199486918137

