2017-08-23 20:41:01 [INFO] Load data: exp\main\exp01\B3\data\data.B3.train
2017-08-23 20:41:01 [INFO] Load data: exp\main\exp01\B3\data\data.B3.test
2017-08-23 20:41:09 [INFO]  2936, 1955
2017-08-23 20:41:09 [INFO]  2936, 1955
2017-08-23 20:41:09 [INFO] [0, 1, 2, 3, 4]
2017-08-23 20:41:09 [INFO] [0, 1, 2, 3, 4]

2017-08-23 20:41:09 [INFO] START EXP 1/5: kNN_glove_200
2017-08-23 20:41:09 [INFO] Init Feature
2017-08-23 20:45:35 [INFO] Feature meta: [200, 7254]
2017-08-23 20:45:35 [INFO] FINISH EXP 1/5: kNN_glove_200
2017-08-23 20:45:35 [INFO] MACRO_F1: kNN_glove_200 0.6600382175317556
2017-08-23 20:45:35 [INFO] EXE_TIME: kNN_glove_200 261.8225387327848 0.03023977635666597 261.85277850914144

2017-08-23 20:45:35 [INFO] START EXP 2/5: NB_glove_200
2017-08-23 20:45:35 [INFO] Feature meta: [200, 7254]
2017-08-23 20:45:35 [INFO] FINISH EXP 2/5: NB_glove_200
2017-08-23 20:45:35 [INFO] MACRO_F1: NB_glove_200 0.6470357707112904
2017-08-23 20:45:35 [INFO] EXE_TIME: NB_glove_200 261.8225387327848 0.010920851262653741 261.83345958404743

2017-08-23 20:45:35 [INFO] START EXP 3/5: LR_glove_200
2017-08-23 20:45:35 [INFO] Feature meta: [200, 7254]
2017-08-23 20:45:35 [INFO] FINISH EXP 3/5: LR_glove_200
2017-08-23 20:45:35 [INFO] MACRO_F1: LR_glove_200 0.7054639513305445
2017-08-23 20:45:35 [INFO] EXE_TIME: LR_glove_200 261.8225387327848 0.3881489066316135 262.2106876394164

2017-08-23 20:45:35 [INFO] START EXP 4/5: SVM_glove_200
2017-08-23 20:45:36 [INFO] Feature meta: [200, 7254]
2017-08-23 20:45:36 [INFO] FINISH EXP 4/5: SVM_glove_200
2017-08-23 20:45:36 [INFO] MACRO_F1: SVM_glove_200 0.7147768379041968
2017-08-23 20:45:36 [INFO] EXE_TIME: SVM_glove_200 261.8225387327848 0.3797109641541283 262.2022496969389

2017-08-23 20:45:36 [INFO] START EXP 5/5: NN_glove_200
2017-08-23 20:45:42 [INFO] Feature meta: [200, 7254]
2017-08-23 20:45:42 [INFO] FINISH EXP 5/5: NN_glove_200
2017-08-23 20:45:42 [INFO] MACRO_F1: NN_glove_200 0.71177845286973
2017-08-23 20:45:42 [INFO] EXE_TIME: NN_glove_200 261.8225387327848 5.997131825877204 267.819670558662

