2017-08-24 08:02:14 [INFO] Load data: exp\main\exp01\B3\data\data.B3.train
2017-08-24 08:02:14 [INFO] Load data: exp\main\exp01\B3\data\data.B3.test
2017-08-24 08:02:22 [INFO]  2936, 1955
2017-08-24 08:02:22 [INFO]  2936, 1955
2017-08-24 08:02:22 [INFO] [0, 1, 2, 3, 4]
2017-08-24 08:02:22 [INFO] [0, 1, 2, 3, 4]

2017-08-24 08:02:22 [INFO] START EXP 1/10: kNN_lsi_n200
2017-08-24 08:02:22 [INFO] Init Feature
2017-08-24 08:02:31 [INFO] Feature meta: [200]
2017-08-24 08:02:31 [INFO] FINISH EXP 1/10: kNN_lsi_n200
2017-08-24 08:02:31 [INFO] MACRO_F1: kNN_lsi_n200 0.6449292467222614
2017-08-24 08:02:31 [INFO] EXE_TIME: kNN_lsi_n200 6.032243866642943 0.041374970937283706 6.073618837580227

2017-08-24 08:02:31 [INFO] START EXP 2/10: NB_lsi_n200
2017-08-24 08:02:31 [INFO] Feature meta: [200]
2017-08-24 08:02:31 [INFO] FINISH EXP 2/10: NB_lsi_n200
2017-08-24 08:02:31 [INFO] MACRO_F1: NB_lsi_n200 0.6367323485351808
2017-08-24 08:02:31 [INFO] EXE_TIME: NB_lsi_n200 6.032243866642943 0.017895101248598166 6.050138967891542

2017-08-24 08:02:31 [INFO] START EXP 3/10: LR_lsi_n200
2017-08-24 08:02:31 [INFO] Feature meta: [200]
2017-08-24 08:02:31 [INFO] FINISH EXP 3/10: LR_lsi_n200
2017-08-24 08:02:31 [INFO] MACRO_F1: LR_lsi_n200 0.7463775632810229
2017-08-24 08:02:31 [INFO] EXE_TIME: LR_lsi_n200 6.032243866642943 0.34324496835972695 6.37548883500267

2017-08-24 08:02:31 [INFO] START EXP 4/10: SVM_lsi_n200
2017-08-24 08:02:31 [INFO] Feature meta: [200]
2017-08-24 08:02:31 [INFO] FINISH EXP 4/10: SVM_lsi_n200
2017-08-24 08:02:31 [INFO] MACRO_F1: SVM_lsi_n200 0.7550395026773056
2017-08-24 08:02:31 [INFO] EXE_TIME: SVM_lsi_n200 6.032243866642943 0.2893322949064441 6.3215761615493875

2017-08-24 08:02:31 [INFO] START EXP 5/10: NN_lsi_n200
2017-08-24 08:02:38 [INFO] Feature meta: [200]
2017-08-24 08:02:38 [INFO] FINISH EXP 5/10: NN_lsi_n200
2017-08-24 08:02:38 [INFO] MACRO_F1: NN_lsi_n200 0.7410394264048307
2017-08-24 08:02:38 [INFO] EXE_TIME: NN_lsi_n200 6.032243866642943 6.651173815851848 12.683417682494792

2017-08-24 08:02:38 [INFO] START EXP 6/10: kNN_lsi_t200
2017-08-24 08:02:38 [INFO] Init Feature
2017-08-24 08:02:46 [INFO] Feature meta: [200]
2017-08-24 08:02:46 [INFO] FINISH EXP 6/10: kNN_lsi_t200
2017-08-24 08:02:46 [INFO] MACRO_F1: kNN_lsi_t200 0.7104522100687768
2017-08-24 08:02:46 [INFO] EXE_TIME: kNN_lsi_t200 4.723730805319008 0.03762771289365219 4.76135851821266

2017-08-24 08:02:46 [INFO] START EXP 7/10: NB_lsi_t200
2017-08-24 08:02:46 [INFO] Feature meta: [200]
2017-08-24 08:02:46 [INFO] FINISH EXP 7/10: NB_lsi_t200
2017-08-24 08:02:46 [INFO] MACRO_F1: NB_lsi_t200 0.6546416610315748
2017-08-24 08:02:46 [INFO] EXE_TIME: NB_lsi_t200 4.723730805319008 0.020847354794284456 4.744578160113292

2017-08-24 08:02:46 [INFO] START EXP 8/10: LR_lsi_t200
2017-08-24 08:02:46 [INFO] Feature meta: [200]
2017-08-24 08:02:46 [INFO] FINISH EXP 8/10: LR_lsi_t200
2017-08-24 08:02:46 [INFO] MACRO_F1: LR_lsi_t200 0.78061827634763
2017-08-24 08:02:46 [INFO] EXE_TIME: LR_lsi_t200 4.723730805319008 0.2431742705912825 4.96690507591029

2017-08-24 08:02:46 [INFO] START EXP 9/10: SVM_lsi_t200
2017-08-24 08:02:46 [INFO] Feature meta: [200]
2017-08-24 08:02:46 [INFO] FINISH EXP 9/10: SVM_lsi_t200
2017-08-24 08:02:46 [INFO] MACRO_F1: SVM_lsi_t200 0.7783661334624628
2017-08-24 08:02:46 [INFO] EXE_TIME: SVM_lsi_t200 4.723730805319008 0.2697544209789271 4.993485226297935

2017-08-24 08:02:46 [INFO] START EXP 10/10: NN_lsi_t200
2017-08-24 08:02:53 [INFO] Feature meta: [200]
2017-08-24 08:02:53 [INFO] FINISH EXP 10/10: NN_lsi_t200
2017-08-24 08:02:53 [INFO] MACRO_F1: NN_lsi_t200 0.7737401559043734
2017-08-24 08:02:53 [INFO] EXE_TIME: NN_lsi_t200 4.723730805319008 6.575746678566759 11.299477483885767

