2017-08-23 05:36:23 [INFO] Load data: exp\main\exp01\B3\data\data.B3.train
2017-08-23 05:36:23 [INFO] Load data: exp\main\exp01\B3\data\data.B3.test
2017-08-23 05:36:31 [INFO]  2936, 1955
2017-08-23 05:36:31 [INFO]  2936, 1955
2017-08-23 05:36:31 [INFO] [0, 1, 2, 3, 4]
2017-08-23 05:36:31 [INFO] [0, 1, 2, 3, 4]

2017-08-23 05:36:31 [INFO] START EXP 1/10: kNN_ngram_001
2017-08-23 05:36:31 [INFO] Init Feature
2017-08-23 05:37:44 [INFO] Feature meta: [8284]
2017-08-23 05:37:44 [INFO] FINISH EXP 1/10: kNN_ngram_001
2017-08-23 05:37:44 [INFO] MACRO_F1: kNN_ngram_001 0.44153893955881307
2017-08-23 05:37:44 [INFO] EXE_TIME: kNN_ngram_001 0.34667761935997987 1.6376232128686752 1.984300832228655

2017-08-23 05:37:44 [INFO] START EXP 2/10: NB_ngram_001
2017-08-23 05:37:45 [INFO] Feature meta: [8284]
2017-08-23 05:37:45 [INFO] FINISH EXP 2/10: NB_ngram_001
2017-08-23 05:37:45 [INFO] MACRO_F1: NB_ngram_001 0.7581669687300199
2017-08-23 05:37:45 [INFO] EXE_TIME: NB_ngram_001 0.34667761935997987 0.20720406707550865 0.5538816864354885

2017-08-23 05:37:45 [INFO] START EXP 3/10: LR_ngram_001
2017-08-23 05:37:46 [INFO] Feature meta: [8284]
2017-08-23 05:37:46 [INFO] FINISH EXP 3/10: LR_ngram_001
2017-08-23 05:37:46 [INFO] MACRO_F1: LR_ngram_001 0.7670086518344543
2017-08-23 05:37:46 [INFO] EXE_TIME: LR_ngram_001 0.34667761935997987 1.214425818462587 1.5611034378225668

2017-08-23 05:37:46 [INFO] START EXP 4/10: SVM_ngram_001
2017-08-23 05:37:47 [INFO] Feature meta: [8284]
2017-08-23 05:37:47 [INFO] FINISH EXP 4/10: SVM_ngram_001
2017-08-23 05:37:47 [INFO] MACRO_F1: SVM_ngram_001 0.7469568719708605
2017-08-23 05:37:47 [INFO] EXE_TIME: SVM_ngram_001 0.34667761935997987 0.8720705919786269 1.2187482113386068

2017-08-23 05:37:47 [INFO] START EXP 5/10: NN_ngram_001
2017-08-23 05:38:32 [INFO] Feature meta: [8284]
2017-08-23 05:38:32 [INFO] FINISH EXP 5/10: NN_ngram_001
2017-08-23 05:38:32 [INFO] MACRO_F1: NN_ngram_001 0.7794019128077473
2017-08-23 05:38:32 [INFO] EXE_TIME: NN_ngram_001 0.34667761935997987 44.49028645819908 44.83696407755906

2017-08-23 05:38:32 [INFO] START EXP 6/10: kNN_tfidf_001
2017-08-23 05:38:32 [INFO] Init Feature
2017-08-23 05:39:45 [INFO] Feature meta: [8284]
2017-08-23 05:39:45 [INFO] FINISH EXP 6/10: kNN_tfidf_001
2017-08-23 05:39:45 [INFO] MACRO_F1: kNN_tfidf_001 0.7117088014967412
2017-08-23 05:39:45 [INFO] EXE_TIME: kNN_tfidf_001 0.6578737221807387 1.580475652691348 2.2383493748720866

2017-08-23 05:39:45 [INFO] START EXP 7/10: NB_tfidf_001
2017-08-23 05:39:45 [INFO] Feature meta: [8284]
2017-08-23 05:39:45 [INFO] FINISH EXP 7/10: NB_tfidf_001
2017-08-23 05:39:45 [INFO] MACRO_F1: NB_tfidf_001 0.7826814326602236
2017-08-23 05:39:45 [INFO] EXE_TIME: NB_tfidf_001 0.6578737221807387 0.09280710403982084 0.7506808262205595

2017-08-23 05:39:45 [INFO] START EXP 8/10: LR_tfidf_001
2017-08-23 05:39:45 [INFO] Feature meta: [8284]
2017-08-23 05:39:45 [INFO] FINISH EXP 8/10: LR_tfidf_001
2017-08-23 05:39:45 [INFO] MACRO_F1: LR_tfidf_001 0.7987394216362113
2017-08-23 05:39:45 [INFO] EXE_TIME: LR_tfidf_001 0.6578737221807387 0.24772324369769194 0.9055969658784306

2017-08-23 05:39:45 [INFO] START EXP 9/10: SVM_tfidf_001
2017-08-23 05:39:46 [INFO] Feature meta: [8284]
2017-08-23 05:39:46 [INFO] FINISH EXP 9/10: SVM_tfidf_001
2017-08-23 05:39:46 [INFO] MACRO_F1: SVM_tfidf_001 0.7935161766562822
2017-08-23 05:39:46 [INFO] EXE_TIME: SVM_tfidf_001 0.6578737221807387 0.17905561834140826 0.836929340522147

2017-08-23 05:39:46 [INFO] START EXP 10/10: NN_tfidf_001
2017-08-23 05:41:29 [INFO] Feature meta: [8284]
2017-08-23 05:41:29 [INFO] FINISH EXP 10/10: NN_tfidf_001
2017-08-23 05:41:29 [INFO] MACRO_F1: NN_tfidf_001 0.7808049247859657
2017-08-23 05:41:29 [INFO] EXE_TIME: NN_tfidf_001 0.6578737221807387 103.32644447856728 103.98431820074802

