2017-08-23 17:54:19 [INFO] Load data: exp\main\exp01\B3\data\data.B3.train
2017-08-23 17:54:19 [INFO] Load data: exp\main\exp01\B3\data\data.B3.test
2017-08-23 17:54:27 [INFO]  2936, 1955
2017-08-23 17:54:27 [INFO]  2936, 1955
2017-08-23 17:54:27 [INFO] [0, 1, 2, 3, 4]
2017-08-23 17:54:27 [INFO] [0, 1, 2, 3, 4]

2017-08-23 17:54:27 [INFO] START EXP 1/5: kNN_word2vec_200
2017-08-23 17:54:27 [INFO] Init Feature
2017-08-23 17:55:07 [INFO] Feature meta: [200, 7253]
2017-08-23 17:55:07 [INFO] FINISH EXP 1/5: kNN_word2vec_200
2017-08-23 17:55:07 [INFO] MACRO_F1: kNN_word2vec_200 0.688992752033607
2017-08-23 17:55:07 [INFO] EXE_TIME: kNN_word2vec_200 32.18513065271293 0.03205636558209335 32.21718701829502

2017-08-23 17:55:07 [INFO] START EXP 2/5: NB_word2vec_200
2017-08-23 17:55:07 [INFO] Feature meta: [200, 7253]
2017-08-23 17:55:07 [INFO] FINISH EXP 2/5: NB_word2vec_200
2017-08-23 17:55:07 [INFO] MACRO_F1: NB_word2vec_200 0.6729908485774493
2017-08-23 17:55:07 [INFO] EXE_TIME: NB_word2vec_200 32.18513065271293 0.02239473197028019 32.20752538468321

2017-08-23 17:55:07 [INFO] START EXP 3/5: LR_word2vec_200
2017-08-23 17:55:08 [INFO] Feature meta: [200, 7253]
2017-08-23 17:55:08 [INFO] FINISH EXP 3/5: LR_word2vec_200
2017-08-23 17:55:08 [INFO] MACRO_F1: LR_word2vec_200 0.7350291692637857
2017-08-23 17:55:08 [INFO] EXE_TIME: LR_word2vec_200 32.18513065271293 0.35449937414114174 32.53963002685407

2017-08-23 17:55:08 [INFO] START EXP 4/5: SVM_word2vec_200
2017-08-23 17:55:08 [INFO] Feature meta: [200, 7253]
2017-08-23 17:55:08 [INFO] FINISH EXP 4/5: SVM_word2vec_200
2017-08-23 17:55:08 [INFO] MACRO_F1: SVM_word2vec_200 0.7420712780484322
2017-08-23 17:55:08 [INFO] EXE_TIME: SVM_word2vec_200 32.18513065271293 0.31469862263691084 32.49982927534984

2017-08-23 17:55:08 [INFO] START EXP 5/5: NN_word2vec_200
2017-08-23 17:55:15 [INFO] Feature meta: [200, 7253]
2017-08-23 17:55:15 [INFO] FINISH EXP 5/5: NN_word2vec_200
2017-08-23 17:55:15 [INFO] MACRO_F1: NN_word2vec_200 0.7458872425059064
2017-08-23 17:55:15 [INFO] EXE_TIME: NN_word2vec_200 32.18513065271293 6.494735957058651 38.67986660977158

