2017-08-23 01:57:46 [INFO] Load data: exp\main\exp01\A2\data\data.A2.train
2017-08-23 01:57:47 [INFO] Load data: exp\main\exp01\A2\data\data.A2.test
2017-08-23 01:57:58 [INFO]  7500, 7500
2017-08-23 01:57:58 [INFO]  7500, 7500
2017-08-23 01:57:58 [INFO] [0, 1, 2]
2017-08-23 01:57:58 [INFO] [0, 1, 2]

2017-08-23 01:57:58 [INFO] START EXP 1/15: kNN_copeopi_00ACT5
2017-08-23 01:57:58 [INFO] Init Feature
2017-08-23 01:57:58 [INFO] 5684-0=5684
2017-08-23 01:57:59 [INFO] Feature meta: [3, 5684]
2017-08-23 01:57:59 [INFO] FINISH EXP 1/15: kNN_copeopi_00ACT5
2017-08-23 01:57:59 [INFO] MACRO_F1: kNN_copeopi_00ACT5 0.764525782023861
2017-08-23 01:57:59 [INFO] EXE_TIME: kNN_copeopi_00ACT5 0.9185467759883394 0.00599095494882107 0.9245377309371605

2017-08-23 01:57:59 [INFO] START EXP 2/15: NB_copeopi_00ACT5
2017-08-23 01:57:59 [INFO] Feature meta: [3, 5684]
2017-08-23 01:57:59 [INFO] FINISH EXP 2/15: NB_copeopi_00ACT5
2017-08-23 01:57:59 [INFO] MACRO_F1: NB_copeopi_00ACT5 0.7584134582143478
2017-08-23 01:57:59 [INFO] EXE_TIME: NB_copeopi_00ACT5 0.9185467759883394 0.005740295635884962 0.9242870716242244

2017-08-23 01:57:59 [INFO] START EXP 3/15: LR_copeopi_00ACT5
2017-08-23 01:57:59 [INFO] Feature meta: [3, 5684]
2017-08-23 01:57:59 [INFO] FINISH EXP 3/15: LR_copeopi_00ACT5
2017-08-23 01:57:59 [INFO] MACRO_F1: LR_copeopi_00ACT5 0.7618230246440701
2017-08-23 01:57:59 [INFO] EXE_TIME: LR_copeopi_00ACT5 0.9185467759883394 0.018225892593864756 0.9367726685822042

2017-08-23 01:57:59 [INFO] START EXP 4/15: SVM_copeopi_00ACT5
2017-08-23 01:58:00 [INFO] Feature meta: [3, 5684]
2017-08-23 01:58:00 [INFO] FINISH EXP 4/15: SVM_copeopi_00ACT5
2017-08-23 01:58:00 [INFO] MACRO_F1: SVM_copeopi_00ACT5 0.7608849028932422
2017-08-23 01:58:00 [INFO] EXE_TIME: SVM_copeopi_00ACT5 0.9185467759883394 0.0765860912107783 0.9951328671991178

2017-08-23 01:58:00 [INFO] START EXP 5/15: NN_copeopi_00ACT5
2017-08-23 01:58:01 [INFO] Feature meta: [3, 5684]
2017-08-23 01:58:01 [INFO] FINISH EXP 5/15: NN_copeopi_00ACT5
2017-08-23 01:58:01 [INFO] MACRO_F1: NN_copeopi_00ACT5 0.7655866062574992
2017-08-23 01:58:01 [INFO] EXE_TIME: NN_copeopi_00ACT5 0.9185467759883394 1.8835914466358155 2.802138222624155

2017-08-23 01:58:01 [INFO] START EXP 6/15: kNN_copeopi_00BCT5
2017-08-23 01:58:01 [INFO] Init Feature
2017-08-23 01:58:02 [INFO] 5684-0=5684
2017-08-23 01:58:03 [INFO] Feature meta: [3, 5684]
2017-08-23 01:58:03 [INFO] FINISH EXP 6/15: kNN_copeopi_00BCT5
2017-08-23 01:58:03 [INFO] MACRO_F1: kNN_copeopi_00BCT5 0.7700933582900268
2017-08-23 01:58:03 [INFO] EXE_TIME: kNN_copeopi_00BCT5 0.8848265852030472 0.006168587532798142 0.8909951727358454

2017-08-23 01:58:03 [INFO] START EXP 7/15: NB_copeopi_00BCT5
2017-08-23 01:58:03 [INFO] Feature meta: [3, 5684]
2017-08-23 01:58:03 [INFO] FINISH EXP 7/15: NB_copeopi_00BCT5
2017-08-23 01:58:03 [INFO] MACRO_F1: NB_copeopi_00BCT5 0.7566938859333834
2017-08-23 01:58:03 [INFO] EXE_TIME: NB_copeopi_00BCT5 0.8848265852030472 0.002327776328208131 0.8871543615312554

2017-08-23 01:58:03 [INFO] START EXP 8/15: LR_copeopi_00BCT5
2017-08-23 01:58:03 [INFO] Feature meta: [3, 5684]
2017-08-23 01:58:03 [INFO] FINISH EXP 8/15: LR_copeopi_00BCT5
2017-08-23 01:58:03 [INFO] MACRO_F1: LR_copeopi_00BCT5 0.7635061914412722
2017-08-23 01:58:03 [INFO] EXE_TIME: LR_copeopi_00BCT5 0.8848265852030472 0.016787858141828593 0.9016144433448758

2017-08-23 01:58:03 [INFO] START EXP 9/15: SVM_copeopi_00BCT5
2017-08-23 01:58:03 [INFO] Feature meta: [3, 5684]
2017-08-23 01:58:03 [INFO] FINISH EXP 9/15: SVM_copeopi_00BCT5
2017-08-23 01:58:03 [INFO] MACRO_F1: SVM_copeopi_00BCT5 0.7641853553383341
2017-08-23 01:58:03 [INFO] EXE_TIME: SVM_copeopi_00BCT5 0.8848265852030472 0.07192540694638438 0.9567519921494316

2017-08-23 01:58:03 [INFO] START EXP 10/15: NN_copeopi_00BCT5
2017-08-23 01:58:05 [INFO] Feature meta: [3, 5684]
2017-08-23 01:58:05 [INFO] FINISH EXP 10/15: NN_copeopi_00BCT5
2017-08-23 01:58:05 [INFO] MACRO_F1: NN_copeopi_00BCT5 0.7664330848321027
2017-08-23 01:58:05 [INFO] EXE_TIME: NN_copeopi_00BCT5 0.8848265852030472 1.814865399896341 2.6996919850993883

2017-08-23 01:58:05 [INFO] START EXP 11/15: kNN_copeopi_00CCT5
2017-08-23 01:58:05 [INFO] Init Feature
2017-08-23 01:58:05 [INFO] 5684-0=5684
2017-08-23 01:58:07 [INFO] Feature meta: [6, 5684]
2017-08-23 01:58:07 [INFO] FINISH EXP 11/15: kNN_copeopi_00CCT5
2017-08-23 01:58:07 [INFO] MACRO_F1: kNN_copeopi_00CCT5 0.7667739955712035
2017-08-23 01:58:07 [INFO] EXE_TIME: kNN_copeopi_00CCT5 1.014000210790666 0.0069635920308463994 1.0209638028215124

2017-08-23 01:58:07 [INFO] START EXP 12/15: NB_copeopi_00CCT5
2017-08-23 01:58:07 [INFO] Feature meta: [6, 5684]
2017-08-23 01:58:07 [INFO] FINISH EXP 12/15: NB_copeopi_00CCT5
2017-08-23 01:58:07 [INFO] MACRO_F1: NB_copeopi_00CCT5 0.7567648122333507
2017-08-23 01:58:07 [INFO] EXE_TIME: NB_copeopi_00CCT5 1.014000210790666 0.006252272216805466 1.0202524830074715

2017-08-23 01:58:07 [INFO] START EXP 13/15: LR_copeopi_00CCT5
2017-08-23 01:58:07 [INFO] Feature meta: [6, 5684]
2017-08-23 01:58:07 [INFO] FINISH EXP 13/15: LR_copeopi_00CCT5
2017-08-23 01:58:07 [INFO] MACRO_F1: LR_copeopi_00CCT5 0.767944130546874
2017-08-23 01:58:07 [INFO] EXE_TIME: LR_copeopi_00CCT5 1.014000210790666 0.03470151212697914 1.0487017229176452

2017-08-23 01:58:07 [INFO] START EXP 14/15: SVM_copeopi_00CCT5
2017-08-23 01:58:07 [INFO] Feature meta: [6, 5684]
2017-08-23 01:58:07 [INFO] FINISH EXP 14/15: SVM_copeopi_00CCT5
2017-08-23 01:58:07 [INFO] MACRO_F1: SVM_copeopi_00CCT5 0.7729922759042953
2017-08-23 01:58:07 [INFO] EXE_TIME: SVM_copeopi_00CCT5 1.014000210790666 0.06709656383582185 1.081096774626488

2017-08-23 01:58:07 [INFO] START EXP 15/15: NN_copeopi_00CCT5
2017-08-23 01:58:09 [INFO] Feature meta: [6, 5684]
2017-08-23 01:58:09 [INFO] FINISH EXP 15/15: NN_copeopi_00CCT5
2017-08-23 01:58:09 [INFO] MACRO_F1: NN_copeopi_00CCT5 0.77292155803912
2017-08-23 01:58:09 [INFO] EXE_TIME: NN_copeopi_00CCT5 1.014000210790666 2.06963394661312 3.083634157403786

