2017-08-23 19:32:01 [INFO] Load data: exp\main\exp01\A2\data\data.A2.train
2017-08-23 19:32:01 [INFO] Load data: exp\main\exp01\A2\data\data.A2.test
2017-08-23 19:32:12 [INFO]  7500, 7500
2017-08-23 19:32:12 [INFO]  7500, 7500
2017-08-23 19:32:12 [INFO] [0, 1, 2]
2017-08-23 19:32:12 [INFO] [0, 1, 2]

2017-08-23 19:32:12 [INFO] START EXP 1/5: kNN_glove_200
2017-08-23 19:32:12 [INFO] Init Feature
2017-08-23 19:37:56 [INFO] Feature meta: [200, 5685]
2017-08-23 19:37:56 [INFO] FINISH EXP 1/5: kNN_glove_200
2017-08-23 19:37:56 [INFO] MACRO_F1: kNN_glove_200 0.6991562987436245
2017-08-23 19:37:56 [INFO] EXE_TIME: kNN_glove_200 319.67430394671965 0.0993554305636053 319.77365937728325

2017-08-23 19:37:56 [INFO] START EXP 2/5: NB_glove_200
2017-08-23 19:37:57 [INFO] Feature meta: [200, 5685]
2017-08-23 19:37:57 [INFO] FINISH EXP 2/5: NB_glove_200
2017-08-23 19:37:57 [INFO] MACRO_F1: NB_glove_200 0.6454904803152407
2017-08-23 19:37:57 [INFO] EXE_TIME: NB_glove_200 319.67430394671965 0.03625717882357549 319.7105611255432

2017-08-23 19:37:57 [INFO] START EXP 3/5: LR_glove_200
2017-08-23 19:37:57 [INFO] Feature meta: [200, 5685]
2017-08-23 19:37:57 [INFO] FINISH EXP 3/5: LR_glove_200
2017-08-23 19:37:57 [INFO] MACRO_F1: LR_glove_200 0.7661033147015551
2017-08-23 19:37:57 [INFO] EXE_TIME: LR_glove_200 319.67430394671965 0.6689319426412794 320.3432358893609

2017-08-23 19:37:57 [INFO] START EXP 4/5: SVM_glove_200
2017-08-23 19:37:58 [INFO] Feature meta: [200, 5685]
2017-08-23 19:37:58 [INFO] FINISH EXP 4/5: SVM_glove_200
2017-08-23 19:37:58 [INFO] MACRO_F1: SVM_glove_200 0.7729952313103422
2017-08-23 19:37:58 [INFO] EXE_TIME: SVM_glove_200 319.67430394671965 0.8251562475945775 320.4994601943142

2017-08-23 19:37:58 [INFO] START EXP 5/5: NN_glove_200
2017-08-23 19:38:04 [INFO] Feature meta: [200, 5685]
2017-08-23 19:38:04 [INFO] FINISH EXP 5/5: NN_glove_200
2017-08-23 19:38:04 [INFO] MACRO_F1: NN_glove_200 0.7740711627694997
2017-08-23 19:38:04 [INFO] EXE_TIME: NN_glove_200 319.67430394671965 5.47017489704217 325.1444788437618

