2017-08-24 07:46:31 [INFO] Load data: exp\main\exp01\A2\data\data.A2.train
2017-08-24 07:46:32 [INFO] Load data: exp\main\exp01\A2\data\data.A2.test
2017-08-24 07:46:43 [INFO]  7500, 7500
2017-08-24 07:46:43 [INFO]  7500, 7500
2017-08-24 07:46:43 [INFO] [0, 1, 2]
2017-08-24 07:46:43 [INFO] [0, 1, 2]

2017-08-24 07:46:43 [INFO] START EXP 1/10: kNN_lsi_n200
2017-08-24 07:46:43 [INFO] Init Feature
2017-08-24 07:47:12 [INFO] Feature meta: [200]
2017-08-24 07:47:12 [INFO] FINISH EXP 1/10: kNN_lsi_n200
2017-08-24 07:47:12 [INFO] MACRO_F1: kNN_lsi_n200 0.6550527752420306
2017-08-24 07:47:12 [INFO] EXE_TIME: kNN_lsi_n200 7.225502986398467 0.11558433817454272 7.34108732457301

2017-08-24 07:47:12 [INFO] START EXP 2/10: NB_lsi_n200
2017-08-24 07:47:12 [INFO] Feature meta: [200]
2017-08-24 07:47:12 [INFO] FINISH EXP 2/10: NB_lsi_n200
2017-08-24 07:47:12 [INFO] MACRO_F1: NB_lsi_n200 0.6615336796785886
2017-08-24 07:47:12 [INFO] EXE_TIME: NB_lsi_n200 7.225502986398467 0.03601915116098553 7.261522137559453

2017-08-24 07:47:12 [INFO] START EXP 3/10: LR_lsi_n200
2017-08-24 07:47:13 [INFO] Feature meta: [200]
2017-08-24 07:47:13 [INFO] FINISH EXP 3/10: LR_lsi_n200
2017-08-24 07:47:13 [INFO] MACRO_F1: LR_lsi_n200 0.7607377994106067
2017-08-24 07:47:13 [INFO] EXE_TIME: LR_lsi_n200 7.225502986398467 0.575216938727408 7.800719925125875

2017-08-24 07:47:13 [INFO] START EXP 4/10: SVM_lsi_n200
2017-08-24 07:47:14 [INFO] Feature meta: [200]
2017-08-24 07:47:14 [INFO] FINISH EXP 4/10: SVM_lsi_n200
2017-08-24 07:47:14 [INFO] MACRO_F1: SVM_lsi_n200 0.7619495222581589
2017-08-24 07:47:14 [INFO] EXE_TIME: SVM_lsi_n200 7.225502986398467 0.7812754730059623 8.00677845940443

2017-08-24 07:47:14 [INFO] START EXP 5/10: NN_lsi_n200
2017-08-24 07:47:30 [INFO] Feature meta: [200]
2017-08-24 07:47:30 [INFO] FINISH EXP 5/10: NN_lsi_n200
2017-08-24 07:47:30 [INFO] MACRO_F1: NN_lsi_n200 0.7394695857905343
2017-08-24 07:47:30 [INFO] EXE_TIME: NN_lsi_n200 7.225502986398467 16.735669688657453 23.96117267505592

2017-08-24 07:47:30 [INFO] START EXP 6/10: kNN_lsi_t200
2017-08-24 07:47:30 [INFO] Init Feature
2017-08-24 07:47:58 [INFO] Feature meta: [200]
2017-08-24 07:47:58 [INFO] FINISH EXP 6/10: kNN_lsi_t200
2017-08-24 07:47:58 [INFO] MACRO_F1: kNN_lsi_t200 0.6637365033012722
2017-08-24 07:47:58 [INFO] EXE_TIME: kNN_lsi_t200 5.55627459471151 0.11637539528183538 5.672649989993346

2017-08-24 07:47:58 [INFO] START EXP 7/10: NB_lsi_t200
2017-08-24 07:47:58 [INFO] Feature meta: [200]
2017-08-24 07:47:58 [INFO] FINISH EXP 7/10: NB_lsi_t200
2017-08-24 07:47:58 [INFO] MACRO_F1: NB_lsi_t200 0.6639540356338371
2017-08-24 07:47:58 [INFO] EXE_TIME: NB_lsi_t200 5.55627459471151 0.050175678625549835 5.60645027333706

2017-08-24 07:47:58 [INFO] START EXP 8/10: LR_lsi_t200
2017-08-24 07:47:59 [INFO] Feature meta: [200]
2017-08-24 07:47:59 [INFO] FINISH EXP 8/10: LR_lsi_t200
2017-08-24 07:47:59 [INFO] MACRO_F1: LR_lsi_t200 0.7860732618331402
2017-08-24 07:47:59 [INFO] EXE_TIME: LR_lsi_t200 5.55627459471151 0.4389380097808555 5.995212604492366

2017-08-24 07:47:59 [INFO] START EXP 9/10: SVM_lsi_t200
2017-08-24 07:48:00 [INFO] Feature meta: [200]
2017-08-24 07:48:00 [INFO] FINISH EXP 9/10: SVM_lsi_t200
2017-08-24 07:48:00 [INFO] MACRO_F1: SVM_lsi_t200 0.7848019606843809
2017-08-24 07:48:00 [INFO] EXE_TIME: SVM_lsi_t200 5.55627459471151 0.7184973546560798 6.27477194936759

2017-08-24 07:48:00 [INFO] START EXP 10/10: NN_lsi_t200
2017-08-24 07:48:16 [INFO] Feature meta: [200]
2017-08-24 07:48:16 [INFO] FINISH EXP 10/10: NN_lsi_t200
2017-08-24 07:48:16 [INFO] MACRO_F1: NN_lsi_t200 0.7694827259133202
2017-08-24 07:48:16 [INFO] EXE_TIME: NN_lsi_t200 5.55627459471151 16.79166342651675 22.34793802122826

