2017-08-23 02:55:11 [INFO] Load data: exp\main\exp01\A2\data\data.A2.train
2017-08-23 02:55:11 [INFO] Load data: exp\main\exp01\A2\data\data.A2.test
2017-08-23 02:55:22 [INFO]  7500, 7500
2017-08-23 02:55:22 [INFO]  7500, 7500
2017-08-23 02:55:22 [INFO] [0, 1, 2]
2017-08-23 02:55:22 [INFO] [0, 1, 2]

2017-08-23 02:55:22 [INFO] START EXP 1/10: kNN_ngram_001
2017-08-23 02:55:22 [INFO] Init Feature
2017-08-23 03:00:24 [INFO] Feature meta: [3846]
2017-08-23 03:00:24 [INFO] FINISH EXP 1/10: kNN_ngram_001
2017-08-23 03:00:24 [INFO] MACRO_F1: kNN_ngram_001 0.5747790850723692
2017-08-23 03:00:24 [INFO] EXE_TIME: kNN_ngram_001 0.4221402831620935 2.7119687650864535 3.134109048248547

2017-08-23 03:00:24 [INFO] START EXP 2/10: NB_ngram_001
2017-08-23 03:00:24 [INFO] Feature meta: [3846]
2017-08-23 03:00:24 [INFO] FINISH EXP 2/10: NB_ngram_001
2017-08-23 03:00:24 [INFO] MACRO_F1: NB_ngram_001 0.7472516272879002
2017-08-23 03:00:24 [INFO] EXE_TIME: NB_ngram_001 0.4221402831620935 0.22358534396971663 0.6457256271318101

2017-08-23 03:00:24 [INFO] START EXP 3/10: LR_ngram_001
2017-08-23 03:00:26 [INFO] Feature meta: [3846]
2017-08-23 03:00:26 [INFO] FINISH EXP 3/10: LR_ngram_001
2017-08-23 03:00:26 [INFO] MACRO_F1: LR_ngram_001 0.7725656545069791
2017-08-23 03:00:26 [INFO] EXE_TIME: LR_ngram_001 0.4221402831620935 1.2555327615671104 1.6776730447292039

2017-08-23 03:00:26 [INFO] START EXP 4/10: SVM_ngram_001
2017-08-23 03:00:28 [INFO] Feature meta: [3846]
2017-08-23 03:00:28 [INFO] FINISH EXP 4/10: SVM_ngram_001
2017-08-23 03:00:28 [INFO] MACRO_F1: SVM_ngram_001 0.7351686743008591
2017-08-23 03:00:28 [INFO] EXE_TIME: SVM_ngram_001 0.4221402831620935 1.4736268902572647 1.8957671734193582

2017-08-23 03:00:28 [INFO] START EXP 5/10: NN_ngram_001
2017-08-23 03:02:06 [INFO] Feature meta: [3846]
2017-08-23 03:02:06 [INFO] FINISH EXP 5/10: NN_ngram_001
2017-08-23 03:02:06 [INFO] MACRO_F1: NN_ngram_001 0.754456685634756
2017-08-23 03:02:06 [INFO] EXE_TIME: NN_ngram_001 0.4221402831620935 97.97384379937944 98.39598408254153

2017-08-23 03:02:06 [INFO] START EXP 6/10: kNN_tfidf_001
2017-08-23 03:02:06 [INFO] Init Feature
2017-08-23 03:07:10 [INFO] Feature meta: [3846]
2017-08-23 03:07:10 [INFO] FINISH EXP 6/10: kNN_tfidf_001
2017-08-23 03:07:10 [INFO] MACRO_F1: kNN_tfidf_001 0.6729521757587388
2017-08-23 03:07:10 [INFO] EXE_TIME: kNN_tfidf_001 0.7229646167734245 2.72506660235058 3.4480312191240046

2017-08-23 03:07:10 [INFO] START EXP 7/10: NB_tfidf_001
2017-08-23 03:07:10 [INFO] Feature meta: [3846]
2017-08-23 03:07:10 [INFO] FINISH EXP 7/10: NB_tfidf_001
2017-08-23 03:07:10 [INFO] MACRO_F1: NB_tfidf_001 0.7518112222003285
2017-08-23 03:07:10 [INFO] EXE_TIME: NB_tfidf_001 0.7229646167734245 0.12522031374646758 0.8481849305198921

2017-08-23 03:07:10 [INFO] START EXP 8/10: LR_tfidf_001
2017-08-23 03:07:10 [INFO] Feature meta: [3846]
2017-08-23 03:07:10 [INFO] FINISH EXP 8/10: LR_tfidf_001
2017-08-23 03:07:10 [INFO] MACRO_F1: LR_tfidf_001 0.7940357659411982
2017-08-23 03:07:10 [INFO] EXE_TIME: LR_tfidf_001 0.7229646167734245 0.29936577272746945 1.022330389500894

2017-08-23 03:07:10 [INFO] START EXP 9/10: SVM_tfidf_001
2017-08-23 03:07:11 [INFO] Feature meta: [3846]
2017-08-23 03:07:11 [INFO] FINISH EXP 9/10: SVM_tfidf_001
2017-08-23 03:07:11 [INFO] MACRO_F1: SVM_tfidf_001 0.7773715274347962
2017-08-23 03:07:11 [INFO] EXE_TIME: SVM_tfidf_001 0.7229646167734245 0.2721489082109656 0.9951135249843901

2017-08-23 03:07:11 [INFO] START EXP 10/10: NN_tfidf_001
2017-08-23 03:09:14 [INFO] Feature meta: [3846]
2017-08-23 03:09:14 [INFO] FINISH EXP 10/10: NN_tfidf_001
2017-08-23 03:09:14 [INFO] MACRO_F1: NN_tfidf_001 0.7356365827523751
2017-08-23 03:09:14 [INFO] EXE_TIME: NN_tfidf_001 0.7229646167734245 122.57050928051308 123.2934738972865

