2017-08-23 17:37:19 [INFO] Load data: exp\main\exp01\A2\data\data.A2.train
2017-08-23 17:37:20 [INFO] Load data: exp\main\exp01\A2\data\data.A2.test
2017-08-23 17:37:31 [INFO]  7500, 7500
2017-08-23 17:37:31 [INFO]  7500, 7500
2017-08-23 17:37:31 [INFO] [0, 1, 2]
2017-08-23 17:37:31 [INFO] [0, 1, 2]

2017-08-23 17:37:31 [INFO] START EXP 1/5: kNN_word2vec_200
2017-08-23 17:37:31 [INFO] Init Feature
2017-08-23 17:38:38 [INFO] Feature meta: [200, 5684]
2017-08-23 17:38:38 [INFO] FINISH EXP 1/5: kNN_word2vec_200
2017-08-23 17:38:38 [INFO] MACRO_F1: kNN_word2vec_200 0.6693544075179032
2017-08-23 17:38:38 [INFO] EXE_TIME: kNN_word2vec_200 37.01332125958079 0.0992559563165969 37.11257721589739

2017-08-23 17:38:38 [INFO] START EXP 2/5: NB_word2vec_200
2017-08-23 17:38:38 [INFO] Feature meta: [200, 5684]
2017-08-23 17:38:38 [INFO] FINISH EXP 2/5: NB_word2vec_200
2017-08-23 17:38:38 [INFO] MACRO_F1: NB_word2vec_200 0.619906438271868
2017-08-23 17:38:38 [INFO] EXE_TIME: NB_word2vec_200 37.01332125958079 0.03692349838294717 37.05024475796374

2017-08-23 17:38:38 [INFO] START EXP 3/5: LR_word2vec_200
2017-08-23 17:38:39 [INFO] Feature meta: [200, 5684]
2017-08-23 17:38:39 [INFO] FINISH EXP 3/5: LR_word2vec_200
2017-08-23 17:38:39 [INFO] MACRO_F1: LR_word2vec_200 0.7764552288455161
2017-08-23 17:38:39 [INFO] EXE_TIME: LR_word2vec_200 37.01332125958079 0.7832618000338698 37.79658305961466

2017-08-23 17:38:39 [INFO] START EXP 4/5: SVM_word2vec_200
2017-08-23 17:38:40 [INFO] Feature meta: [200, 5684]
2017-08-23 17:38:40 [INFO] FINISH EXP 4/5: SVM_word2vec_200
2017-08-23 17:38:40 [INFO] MACRO_F1: SVM_word2vec_200 0.7795698638094235
2017-08-23 17:38:40 [INFO] EXE_TIME: SVM_word2vec_200 37.01332125958079 0.7752892549260366 37.78861051450683

2017-08-23 17:38:40 [INFO] START EXP 5/5: NN_word2vec_200
2017-08-23 17:38:56 [INFO] Feature meta: [200, 5684]
2017-08-23 17:38:56 [INFO] FINISH EXP 5/5: NN_word2vec_200
2017-08-23 17:38:56 [INFO] MACRO_F1: NN_word2vec_200 0.7566877965757252
2017-08-23 17:38:56 [INFO] EXE_TIME: NN_word2vec_200 37.01332125958079 16.43550930617107 53.44883056575186

