2017-08-23 01:57:29 [INFO] Load data: exp\main\exp01\A1\data\data.A1.train
2017-08-23 01:57:29 [INFO] Load data: exp\main\exp01\A1\data\data.A1.test
2017-08-23 01:57:40 [INFO]  7500, 7500
2017-08-23 01:57:40 [INFO]  7500, 7500
2017-08-23 01:57:40 [INFO] [0, 1]
2017-08-23 01:57:40 [INFO] [0, 1]

2017-08-23 01:57:40 [INFO] START EXP 1/15: kNN_copeopi_00ACT5
2017-08-23 01:57:40 [INFO] Init Feature
2017-08-23 01:57:40 [INFO] 5523-0=5523
2017-08-23 01:57:41 [INFO] Feature meta: [1, 5523]
2017-08-23 01:57:41 [INFO] FINISH EXP 1/15: kNN_copeopi_00ACT5
2017-08-23 01:57:41 [INFO] MACRO_F1: kNN_copeopi_00ACT5 0.849976932453134
2017-08-23 01:57:41 [INFO] EXE_TIME: kNN_copeopi_00ACT5 0.7894149927427221 0.007453857962617549 0.7968688507053396

2017-08-23 01:57:41 [INFO] START EXP 2/15: NB_copeopi_00ACT5
2017-08-23 01:57:41 [INFO] Feature meta: [1, 5523]
2017-08-23 01:57:41 [INFO] FINISH EXP 2/15: NB_copeopi_00ACT5
2017-08-23 01:57:41 [INFO] MACRO_F1: NB_copeopi_00ACT5 0.8566650740563784
2017-08-23 01:57:41 [INFO] EXE_TIME: NB_copeopi_00ACT5 0.7894149927427221 0.0009623738660626824 0.7903773666087848

2017-08-23 01:57:41 [INFO] START EXP 3/15: LR_copeopi_00ACT5
2017-08-23 01:57:41 [INFO] Feature meta: [1, 5523]
2017-08-23 01:57:41 [INFO] FINISH EXP 3/15: LR_copeopi_00ACT5
2017-08-23 01:57:41 [INFO] MACRO_F1: LR_copeopi_00ACT5 0.8565283953595274
2017-08-23 01:57:41 [INFO] EXE_TIME: LR_copeopi_00ACT5 0.7894149927427221 0.005415030637673235 0.7948300233803953

2017-08-23 01:57:41 [INFO] START EXP 4/15: SVM_copeopi_00ACT5
2017-08-23 01:57:41 [INFO] Feature meta: [1, 5523]
2017-08-23 01:57:41 [INFO] FINISH EXP 4/15: SVM_copeopi_00ACT5
2017-08-23 01:57:41 [INFO] MACRO_F1: SVM_copeopi_00ACT5 0.8565283953595274
2017-08-23 01:57:41 [INFO] EXE_TIME: SVM_copeopi_00ACT5 0.7894149927427221 0.010875851008104398 0.8002908437508265

2017-08-23 01:57:41 [INFO] START EXP 5/15: NN_copeopi_00ACT5
2017-08-23 01:57:42 [INFO] Feature meta: [1, 5523]
2017-08-23 01:57:42 [INFO] FINISH EXP 5/15: NN_copeopi_00ACT5
2017-08-23 01:57:42 [INFO] MACRO_F1: NN_copeopi_00ACT5 0.8562661658341068
2017-08-23 01:57:42 [INFO] EXE_TIME: NN_copeopi_00ACT5 0.7894149927427221 0.8643648904855645 1.6537798832282866

2017-08-23 01:57:42 [INFO] START EXP 6/15: kNN_copeopi_00BCT5
2017-08-23 01:57:42 [INFO] Init Feature
2017-08-23 01:57:42 [INFO] 5523-0=5523
2017-08-23 01:57:43 [INFO] Feature meta: [1, 5523]
2017-08-23 01:57:43 [INFO] FINISH EXP 6/15: kNN_copeopi_00BCT5
2017-08-23 01:57:43 [INFO] MACRO_F1: kNN_copeopi_00BCT5 0.849976932453134
2017-08-23 01:57:43 [INFO] EXE_TIME: kNN_copeopi_00BCT5 0.7551982202004561 0.007248988382434263 0.7624472085828904

2017-08-23 01:57:43 [INFO] START EXP 7/15: NB_copeopi_00BCT5
2017-08-23 01:57:44 [INFO] Feature meta: [1, 5523]
2017-08-23 01:57:44 [INFO] FINISH EXP 7/15: NB_copeopi_00BCT5
2017-08-23 01:57:44 [INFO] MACRO_F1: NB_copeopi_00BCT5 0.8566650740563784
2017-08-23 01:57:44 [INFO] EXE_TIME: NB_copeopi_00BCT5 0.7551982202004561 0.0009588212143833985 0.7561570414148395

2017-08-23 01:57:44 [INFO] START EXP 8/15: LR_copeopi_00BCT5
2017-08-23 01:57:44 [INFO] Feature meta: [1, 5523]
2017-08-23 01:57:44 [INFO] FINISH EXP 8/15: LR_copeopi_00BCT5
2017-08-23 01:57:44 [INFO] MACRO_F1: LR_copeopi_00BCT5 0.8565283953595274
2017-08-23 01:57:44 [INFO] EXE_TIME: LR_copeopi_00BCT5 0.7551982202004561 0.013267575066543191 0.7684657952669993

2017-08-23 01:57:44 [INFO] START EXP 9/15: SVM_copeopi_00BCT5
2017-08-23 01:57:44 [INFO] Feature meta: [1, 5523]
2017-08-23 01:57:44 [INFO] FINISH EXP 9/15: SVM_copeopi_00BCT5
2017-08-23 01:57:44 [INFO] MACRO_F1: SVM_copeopi_00BCT5 0.8565283953595274
2017-08-23 01:57:44 [INFO] EXE_TIME: SVM_copeopi_00BCT5 0.7551982202004561 0.014107185080125983 0.7693054052805821

2017-08-23 01:57:44 [INFO] START EXP 10/15: NN_copeopi_00BCT5
2017-08-23 01:57:44 [INFO] Feature meta: [1, 5523]
2017-08-23 01:57:44 [INFO] FINISH EXP 10/15: NN_copeopi_00BCT5
2017-08-23 01:57:44 [INFO] MACRO_F1: NN_copeopi_00BCT5 0.8566523318998567
2017-08-23 01:57:44 [INFO] EXE_TIME: NN_copeopi_00BCT5 0.7551982202004561 0.7673471047270399 1.522545324927496

2017-08-23 01:57:44 [INFO] START EXP 11/15: kNN_copeopi_00CCT5
2017-08-23 01:57:44 [INFO] Init Feature
2017-08-23 01:57:45 [INFO] 5523-0=5523
2017-08-23 01:57:45 [INFO] Feature meta: [1, 5523]
2017-08-23 01:57:45 [INFO] FINISH EXP 11/15: kNN_copeopi_00CCT5
2017-08-23 01:57:45 [INFO] MACRO_F1: kNN_copeopi_00CCT5 0.849976932453134
2017-08-23 01:57:45 [INFO] EXE_TIME: kNN_copeopi_00CCT5 0.6437870635320699 0.007398989231123032 0.651186052763193

2017-08-23 01:57:45 [INFO] START EXP 12/15: NB_copeopi_00CCT5
2017-08-23 01:57:45 [INFO] Feature meta: [1, 5523]
2017-08-23 01:57:45 [INFO] FINISH EXP 12/15: NB_copeopi_00CCT5
2017-08-23 01:57:45 [INFO] MACRO_F1: NB_copeopi_00CCT5 0.8566650740563784
2017-08-23 01:57:45 [INFO] EXE_TIME: NB_copeopi_00CCT5 0.6437870635320699 0.0009817160807612524 0.6447687796128312

2017-08-23 01:57:45 [INFO] START EXP 13/15: LR_copeopi_00CCT5
2017-08-23 01:57:46 [INFO] Feature meta: [1, 5523]
2017-08-23 01:57:46 [INFO] FINISH EXP 13/15: LR_copeopi_00CCT5
2017-08-23 01:57:46 [INFO] MACRO_F1: LR_copeopi_00CCT5 0.8565283953595274
2017-08-23 01:57:46 [INFO] EXE_TIME: LR_copeopi_00CCT5 0.6437870635320699 0.005207792623036944 0.6489948561551069

2017-08-23 01:57:46 [INFO] START EXP 14/15: SVM_copeopi_00CCT5
2017-08-23 01:57:46 [INFO] Feature meta: [1, 5523]
2017-08-23 01:57:46 [INFO] FINISH EXP 14/15: SVM_copeopi_00CCT5
2017-08-23 01:57:46 [INFO] MACRO_F1: SVM_copeopi_00CCT5 0.8565283953595274
2017-08-23 01:57:46 [INFO] EXE_TIME: SVM_copeopi_00CCT5 0.6437870635320699 0.01514929623943928 0.6589363597715092

2017-08-23 01:57:46 [INFO] START EXP 15/15: NN_copeopi_00CCT5
2017-08-23 01:57:46 [INFO] Feature meta: [1, 5523]
2017-08-23 01:57:46 [INFO] FINISH EXP 15/15: NN_copeopi_00CCT5
2017-08-23 01:57:46 [INFO] MACRO_F1: NN_copeopi_00CCT5 0.8558666026073789
2017-08-23 01:57:46 [INFO] EXE_TIME: NN_copeopi_00CCT5 0.6437870635320699 0.8585377522530724 1.5023248157851423

