2017-08-23 19:26:04 [INFO] Load data: exp\main\exp01\A1\data\data.A1.train
2017-08-23 19:26:04 [INFO] Load data: exp\main\exp01\A1\data\data.A1.test
2017-08-23 19:26:15 [INFO]  7500, 7500
2017-08-23 19:26:15 [INFO]  7500, 7500
2017-08-23 19:26:15 [INFO] [0, 1]
2017-08-23 19:26:15 [INFO] [0, 1]

2017-08-23 19:26:15 [INFO] START EXP 1/5: kNN_glove_200
2017-08-23 19:26:15 [INFO] Init Feature
2017-08-23 19:31:53 [INFO] Feature meta: [200, 5524]
2017-08-23 19:31:53 [INFO] FINISH EXP 1/5: kNN_glove_200
2017-08-23 19:31:53 [INFO] MACRO_F1: kNN_glove_200 0.8464572061337219
2017-08-23 19:31:53 [INFO] EXE_TIME: kNN_glove_200 312.5501091650913 0.11084273239970344 312.66095189749103

2017-08-23 19:31:53 [INFO] START EXP 2/5: NB_glove_200
2017-08-23 19:31:53 [INFO] Feature meta: [200, 5524]
2017-08-23 19:31:53 [INFO] FINISH EXP 2/5: NB_glove_200
2017-08-23 19:31:53 [INFO] MACRO_F1: NB_glove_200 0.7841423326502732
2017-08-23 19:31:53 [INFO] EXE_TIME: NB_glove_200 312.5501091650913 0.03667876015612137 312.58678792524745

2017-08-23 19:31:53 [INFO] START EXP 3/5: LR_glove_200
2017-08-23 19:31:53 [INFO] Feature meta: [200, 5524]
2017-08-23 19:31:53 [INFO] FINISH EXP 3/5: LR_glove_200
2017-08-23 19:31:53 [INFO] MACRO_F1: LR_glove_200 0.8745164482666121
2017-08-23 19:31:53 [INFO] EXE_TIME: LR_glove_200 312.5501091650913 0.25828448766225165 312.8083936527536

2017-08-23 19:31:53 [INFO] START EXP 4/5: SVM_glove_200
2017-08-23 19:31:54 [INFO] Feature meta: [200, 5524]
2017-08-23 19:31:54 [INFO] FINISH EXP 4/5: SVM_glove_200
2017-08-23 19:31:54 [INFO] MACRO_F1: SVM_glove_200 0.88118544864988
2017-08-23 19:31:54 [INFO] EXE_TIME: SVM_glove_200 312.5501091650913 0.26402438855905075 312.8141335536504

2017-08-23 19:31:54 [INFO] START EXP 5/5: NN_glove_200
2017-08-23 19:32:00 [INFO] Feature meta: [200, 5524]
2017-08-23 19:32:00 [INFO] FINISH EXP 5/5: NN_glove_200
2017-08-23 19:32:01 [INFO] MACRO_F1: NN_glove_200 0.8847994757096138
2017-08-23 19:32:01 [INFO] EXE_TIME: NN_glove_200 312.5501091650913 6.851372448554628 319.40148161364596

