2017-08-24 07:44:52 [INFO] Load data: exp\main\exp01\A1\data\data.A1.train
2017-08-24 07:44:52 [INFO] Load data: exp\main\exp01\A1\data\data.A1.test
2017-08-24 07:45:03 [INFO]  7500, 7500
2017-08-24 07:45:03 [INFO]  7500, 7500
2017-08-24 07:45:03 [INFO] [0, 1]
2017-08-24 07:45:03 [INFO] [0, 1]

2017-08-24 07:45:03 [INFO] START EXP 1/10: kNN_lsi_n200
2017-08-24 07:45:03 [INFO] Init Feature
2017-08-24 07:45:32 [INFO] Feature meta: [200]
2017-08-24 07:45:32 [INFO] FINISH EXP 1/10: kNN_lsi_n200
2017-08-24 07:45:32 [INFO] MACRO_F1: kNN_lsi_n200 0.8033457164160912
2017-08-24 07:45:32 [INFO] EXE_TIME: kNN_lsi_n200 7.033364136139191 0.11760895489277079 7.150973091031962

2017-08-24 07:45:32 [INFO] START EXP 2/10: NB_lsi_n200
2017-08-24 07:45:32 [INFO] Feature meta: [200]
2017-08-24 07:45:32 [INFO] FINISH EXP 2/10: NB_lsi_n200
2017-08-24 07:45:32 [INFO] MACRO_F1: NB_lsi_n200 0.8050044790204052
2017-08-24 07:45:32 [INFO] EXE_TIME: NB_lsi_n200 7.033364136139191 0.03572112315898579 7.069085259298177

2017-08-24 07:45:32 [INFO] START EXP 3/10: LR_lsi_n200
2017-08-24 07:45:32 [INFO] Feature meta: [200]
2017-08-24 07:45:32 [INFO] FINISH EXP 3/10: LR_lsi_n200
2017-08-24 07:45:32 [INFO] MACRO_F1: LR_lsi_n200 0.8733216586573953
2017-08-24 07:45:32 [INFO] EXE_TIME: LR_lsi_n200 7.033364136139191 0.2554107871926128 7.288774923331804

2017-08-24 07:45:32 [INFO] START EXP 4/10: SVM_lsi_n200
2017-08-24 07:45:33 [INFO] Feature meta: [200]
2017-08-24 07:45:33 [INFO] FINISH EXP 4/10: SVM_lsi_n200
2017-08-24 07:45:33 [INFO] MACRO_F1: SVM_lsi_n200 0.8757205717692896
2017-08-24 07:45:33 [INFO] EXE_TIME: SVM_lsi_n200 7.033364136139191 0.24401309112669978 7.277377227265891

2017-08-24 07:45:33 [INFO] START EXP 5/10: NN_lsi_n200
2017-08-24 07:45:49 [INFO] Feature meta: [200]
2017-08-24 07:45:49 [INFO] FINISH EXP 5/10: NN_lsi_n200
2017-08-24 07:45:49 [INFO] MACRO_F1: NN_lsi_n200 0.8707925369769358
2017-08-24 07:45:49 [INFO] EXE_TIME: NN_lsi_n200 7.033364136139191 15.873787312217686 22.907151448356878

2017-08-24 07:45:49 [INFO] START EXP 6/10: kNN_lsi_t200
2017-08-24 07:45:49 [INFO] Init Feature
2017-08-24 07:46:17 [INFO] Feature meta: [200]
2017-08-24 07:46:17 [INFO] FINISH EXP 6/10: kNN_lsi_t200
2017-08-24 07:46:17 [INFO] MACRO_F1: kNN_lsi_t200 0.800030030203208
2017-08-24 07:46:17 [INFO] EXE_TIME: kNN_lsi_t200 5.404506104442433 0.11197681776357626 5.516482922206009

2017-08-24 07:46:17 [INFO] START EXP 7/10: NB_lsi_t200
2017-08-24 07:46:17 [INFO] Feature meta: [200]
2017-08-24 07:46:17 [INFO] FINISH EXP 7/10: NB_lsi_t200
2017-08-24 07:46:17 [INFO] MACRO_F1: NB_lsi_t200 0.7724447222968389
2017-08-24 07:46:17 [INFO] EXE_TIME: NB_lsi_t200 5.404506104442433 0.0368512611321421 5.441357365574575

2017-08-24 07:46:17 [INFO] START EXP 8/10: LR_lsi_t200
2017-08-24 07:46:17 [INFO] Feature meta: [200]
2017-08-24 07:46:17 [INFO] FINISH EXP 8/10: LR_lsi_t200
2017-08-24 07:46:17 [INFO] MACRO_F1: LR_lsi_t200 0.8919969279126162
2017-08-24 07:46:17 [INFO] EXE_TIME: LR_lsi_t200 5.404506104442433 0.16361263622938793 5.568118740671821

2017-08-24 07:46:17 [INFO] START EXP 9/10: SVM_lsi_t200
2017-08-24 07:46:17 [INFO] Feature meta: [200]
2017-08-24 07:46:17 [INFO] FINISH EXP 9/10: SVM_lsi_t200
2017-08-24 07:46:17 [INFO] MACRO_F1: SVM_lsi_t200 0.8907995631982528
2017-08-24 07:46:17 [INFO] EXE_TIME: SVM_lsi_t200 5.404506104442433 0.23276223799688012 5.637268342439313

2017-08-24 07:46:17 [INFO] START EXP 10/10: NN_lsi_t200
2017-08-24 07:46:31 [INFO] Feature meta: [200]
2017-08-24 07:46:31 [INFO] FINISH EXP 10/10: NN_lsi_t200
2017-08-24 07:46:31 [INFO] MACRO_F1: NN_lsi_t200 0.8903990569447744
2017-08-24 07:46:31 [INFO] EXE_TIME: NN_lsi_t200 5.404506104442433 14.350047112108669 19.754553216551102

