2017-08-23 02:42:04 [INFO] Load data: exp\main\exp01\A1\data\data.A1.train
2017-08-23 02:42:04 [INFO] Load data: exp\main\exp01\A1\data\data.A1.test
2017-08-23 02:42:15 [INFO]  7500, 7500
2017-08-23 02:42:15 [INFO]  7500, 7500
2017-08-23 02:42:15 [INFO] [0, 1]
2017-08-23 02:42:15 [INFO] [0, 1]

2017-08-23 02:42:15 [INFO] START EXP 1/10: kNN_ngram_001
2017-08-23 02:42:15 [INFO] Init Feature
2017-08-23 02:47:13 [INFO] Feature meta: [3746]
2017-08-23 02:47:13 [INFO] FINISH EXP 1/10: kNN_ngram_001
2017-08-23 02:47:13 [INFO] MACRO_F1: kNN_ngram_001 0.5866696962762591
2017-08-23 02:47:13 [INFO] EXE_TIME: kNN_ngram_001 0.3590092680787536 2.6780476521117156 3.0370569201904694

2017-08-23 02:47:13 [INFO] START EXP 2/10: NB_ngram_001
2017-08-23 02:47:13 [INFO] Feature meta: [3746]
2017-08-23 02:47:13 [INFO] FINISH EXP 2/10: NB_ngram_001
2017-08-23 02:47:13 [INFO] MACRO_F1: NB_ngram_001 0.8595352713558901
2017-08-23 02:47:13 [INFO] EXE_TIME: NB_ngram_001 0.3590092680787536 0.21987005979116248 0.578879327869916

2017-08-23 02:47:13 [INFO] START EXP 3/10: LR_ngram_001
2017-08-23 02:47:14 [INFO] Feature meta: [3746]
2017-08-23 02:47:14 [INFO] FINISH EXP 3/10: LR_ngram_001
2017-08-23 02:47:14 [INFO] MACRO_F1: LR_ngram_001 0.8909328369565557
2017-08-23 02:47:14 [INFO] EXE_TIME: LR_ngram_001 0.3590092680787536 0.4979025539223585 0.856911822001112

2017-08-23 02:47:14 [INFO] START EXP 4/10: SVM_ngram_001
2017-08-23 02:47:15 [INFO] Feature meta: [3746]
2017-08-23 02:47:15 [INFO] FINISH EXP 4/10: SVM_ngram_001
2017-08-23 02:47:15 [INFO] MACRO_F1: SVM_ngram_001 0.8710656558214083
2017-08-23 02:47:15 [INFO] EXE_TIME: SVM_ngram_001 0.3590092680787536 0.40845862680538403 0.7674678948841376

2017-08-23 02:47:15 [INFO] START EXP 5/10: NN_ngram_001
2017-08-23 02:48:32 [INFO] Feature meta: [3746]
2017-08-23 02:48:32 [INFO] FINISH EXP 5/10: NN_ngram_001
2017-08-23 02:48:32 [INFO] MACRO_F1: NN_ngram_001 0.8827977309640714
2017-08-23 02:48:32 [INFO] EXE_TIME: NN_ngram_001 0.3590092680787536 76.62091232884609 76.97992159692484

2017-08-23 02:48:32 [INFO] START EXP 6/10: kNN_tfidf_001
2017-08-23 02:48:32 [INFO] Init Feature
2017-08-23 02:53:29 [INFO] Feature meta: [3746]
2017-08-23 02:53:29 [INFO] FINISH EXP 6/10: kNN_tfidf_001
2017-08-23 02:53:29 [INFO] MACRO_F1: kNN_tfidf_001 0.8109249299968888
2017-08-23 02:53:29 [INFO] EXE_TIME: kNN_tfidf_001 0.832592737037885 2.7284739900502473 3.561066727088132

2017-08-23 02:53:29 [INFO] START EXP 7/10: NB_tfidf_001
2017-08-23 02:53:29 [INFO] Feature meta: [3746]
2017-08-23 02:53:29 [INFO] FINISH EXP 7/10: NB_tfidf_001
2017-08-23 02:53:29 [INFO] MACRO_F1: NB_tfidf_001 0.8751991125270224
2017-08-23 02:53:29 [INFO] EXE_TIME: NB_tfidf_001 0.832592737037885 0.11144234105529449 0.9440350780931794

2017-08-23 02:53:29 [INFO] START EXP 8/10: LR_tfidf_001
2017-08-23 02:53:30 [INFO] Feature meta: [3746]
2017-08-23 02:53:30 [INFO] FINISH EXP 8/10: LR_tfidf_001
2017-08-23 02:53:30 [INFO] MACRO_F1: LR_tfidf_001 0.9023904976064869
2017-08-23 02:53:30 [INFO] EXE_TIME: LR_tfidf_001 0.832592737037885 0.15299376035943624 0.9855864973973212

2017-08-23 02:53:30 [INFO] START EXP 9/10: SVM_tfidf_001
2017-08-23 02:53:30 [INFO] Feature meta: [3746]
2017-08-23 02:53:30 [INFO] FINISH EXP 9/10: SVM_tfidf_001
2017-08-23 02:53:30 [INFO] MACRO_F1: SVM_tfidf_001 0.8958602220343628
2017-08-23 02:53:30 [INFO] EXE_TIME: SVM_tfidf_001 0.832592737037885 0.13965671121559353 0.9722494482534785

2017-08-23 02:53:30 [INFO] START EXP 10/10: NN_tfidf_001
2017-08-23 02:55:11 [INFO] Feature meta: [3746]
2017-08-23 02:55:11 [INFO] FINISH EXP 10/10: NN_tfidf_001
2017-08-23 02:55:11 [INFO] MACRO_F1: NN_tfidf_001 0.8738623252882091
2017-08-23 02:55:11 [INFO] EXE_TIME: NN_tfidf_001 0.832592737037885 99.91662479142974 100.74921752846763

