2017-08-23 17:35:45 [INFO] Load data: exp\main\exp01\A1\data\data.A1.train
2017-08-23 17:35:46 [INFO] Load data: exp\main\exp01\A1\data\data.A1.test
2017-08-23 17:35:56 [INFO]  7500, 7500
2017-08-23 17:35:56 [INFO]  7500, 7500
2017-08-23 17:35:56 [INFO] [0, 1]
2017-08-23 17:35:56 [INFO] [0, 1]

2017-08-23 17:35:56 [INFO] START EXP 1/5: kNN_word2vec_200
2017-08-23 17:35:56 [INFO] Init Feature
2017-08-23 17:37:03 [INFO] Feature meta: [200, 5523]
2017-08-23 17:37:03 [INFO] FINISH EXP 1/5: kNN_word2vec_200
2017-08-23 17:37:03 [INFO] MACRO_F1: kNN_word2vec_200 0.8300629778766223
2017-08-23 17:37:03 [INFO] EXE_TIME: kNN_word2vec_200 35.285581089471954 0.09782147451623757 35.38340256398819

2017-08-23 17:37:03 [INFO] START EXP 2/5: NB_word2vec_200
2017-08-23 17:37:03 [INFO] Feature meta: [200, 5523]
2017-08-23 17:37:03 [INFO] FINISH EXP 2/5: NB_word2vec_200
2017-08-23 17:37:03 [INFO] MACRO_F1: NB_word2vec_200 0.7728817580976682
2017-08-23 17:37:03 [INFO] EXE_TIME: NB_word2vec_200 35.285581089471954 0.03665033894270664 35.32223142841466

2017-08-23 17:37:03 [INFO] START EXP 3/5: LR_word2vec_200
2017-08-23 17:37:03 [INFO] Feature meta: [200, 5523]
2017-08-23 17:37:03 [INFO] FINISH EXP 3/5: LR_word2vec_200
2017-08-23 17:37:03 [INFO] MACRO_F1: LR_word2vec_200 0.8817195371001407
2017-08-23 17:37:03 [INFO] EXE_TIME: LR_word2vec_200 35.285581089471954 0.29245231255913495 35.57803340203109

2017-08-23 17:37:03 [INFO] START EXP 4/5: SVM_word2vec_200
2017-08-23 17:37:03 [INFO] Feature meta: [200, 5523]
2017-08-23 17:37:03 [INFO] FINISH EXP 4/5: SVM_word2vec_200
2017-08-23 17:37:03 [INFO] MACRO_F1: SVM_word2vec_200 0.8847935771139169
2017-08-23 17:37:03 [INFO] EXE_TIME: SVM_word2vec_200 35.285581089471954 0.24394361704941048 35.529524706521364

2017-08-23 17:37:03 [INFO] START EXP 5/5: NN_word2vec_200
2017-08-23 17:37:19 [INFO] Feature meta: [200, 5523]
2017-08-23 17:37:19 [INFO] FINISH EXP 5/5: NN_word2vec_200
2017-08-23 17:37:19 [INFO] MACRO_F1: NN_word2vec_200 0.8839981439703035
2017-08-23 17:37:19 [INFO] EXE_TIME: NN_word2vec_200 35.285581089471954 16.01384468359491 51.299425773066865

